<?xml version="1.0" encoding="UTF-8"?>
<testsuite name="Reconstruction" tests="2" skipped="0" failures="1" errors="0" timestamp="2025-12-09T06:02:33.911Z" hostname="Administrator" time="0.022">
  <properties/>
  <testcase name="should reconstruct deal with valid parameters" classname="at.backend.MarketingCompany.MarketingCampaing.crm.deal.domain.DealTest$ReconstructionTests" time="0.004"/>
  <testcase name="should validate state during reconstruction" classname="at.backend.MarketingCompany.MarketingCampaing.crm.deal.domain.DealTest$ReconstructionTests" time="0.017">
    <failure message="java.lang.NullPointerException: Cannot invoke &quot;java.util.Optional.isPresent()&quot; because &quot;endDate&quot; is null" type="java.lang.NullPointerException">java.lang.NullPointerException: Cannot invoke &quot;java.util.Optional.isPresent()&quot; because &quot;endDate&quot; is null
	at at.backend.MarketingCompany.crm.deal.domain.entity.valueobject.ContractPeriod.&lt;init&gt;(ContractPeriod.java:14)
	at at.backend.MarketingCompany.MarketingCampaing.crm.deal.domain.DealTest$ReconstructionTests.reconstruct_WithInvalidState_ShouldThrowException(DealTest.java:387)
	at java.base/java.lang.reflect.Method.invoke(Method.java:580)
	at java.base/java.util.ArrayList.forEach(ArrayList.java:1597)
	at java.base/java.util.ArrayList.forEach(ArrayList.java:1597)
	at java.base/java.util.ArrayList.forEach(ArrayList.java:1597)
</failure>
  </testcase>
  <system-out><![CDATA[]]></system-out>
  <system-err><![CDATA[]]></system-err>
</testsuite>
