<?xml version="1.0" encoding="UTF-8"?>
<testsuite name="FinalAmount" tests="6" skipped="0" failures="0" errors="0" timestamp="2025-12-09T06:02:34.023Z" hostname="Administrator" time="0.01">
  <properties/>
  <testcase name="should return true for positive amount" classname="at.backend.MarketingCompany.MarketingCampaing.crm.deal.domain.ValueObjectTest$FinalAmountTest" time="0.0"/>
  <testcase name="should throw exception for null amount" classname="at.backend.MarketingCompany.MarketingCampaing.crm.deal.domain.ValueObjectTest$FinalAmountTest" time="0.001"/>
  <testcase name="should throw exception for negative amount" classname="at.backend.MarketingCompany.MarketingCampaing.crm.deal.domain.ValueObjectTest$FinalAmountTest" time="0.001"/>
  <testcase name="should generate zero amount" classname="at.backend.MarketingCompany.MarketingCampaing.crm.deal.domain.ValueObjectTest$FinalAmountTest" time="0.002"/>
  <testcase name="should return false for zero amount" classname="at.backend.MarketingCompany.MarketingCampaing.crm.deal.domain.ValueObjectTest$FinalAmountTest" time="0.001"/>
  <testcase name="should generate with valid amount" classname="at.backend.MarketingCompany.MarketingCampaing.crm.deal.domain.ValueObjectTest$FinalAmountTest" time="0.001"/>
  <system-out><![CDATA[]]></system-out>
  <system-err><![CDATA[]]></system-err>
</testsuite>
