<?xml version="1.0" encoding="UTF-8"?>
<testsuite name="Stage Transitions" tests="10" skipped="0" failures="0" errors="0" timestamp="2025-12-09T06:03:38.136Z" hostname="Administrator" time="0.01">
  <properties/>
  <testcase name="should throw exception when reopening non-closed opportunity" classname="at.backend.MarketingCompany.MarketingCampaing.crm.opportunity.domain.OpportunityTest$StageTransitionTests" time="0.001"/>
  <testcase name="should throw exception for invalid stage transition" classname="at.backend.MarketingCompany.MarketingCampaing.crm.opportunity.domain.OpportunityTest$StageTransitionTests" time="0.001"/>
  <testcase name="should close as lost from any active stage" classname="at.backend.MarketingCompany.MarketingCampaing.crm.opportunity.domain.OpportunityTest$StageTransitionTests" time="0.0"/>
  <testcase name="should close as won from NEGOTIATION stage" classname="at.backend.MarketingCompany.MarketingCampaing.crm.opportunity.domain.OpportunityTest$StageTransitionTests" time="0.0"/>
  <testcase name="should qualify opportunity from LEAD stage" classname="at.backend.MarketingCompany.MarketingCampaing.crm.opportunity.domain.OpportunityTest$StageTransitionTests" time="0.0"/>
  <testcase name="should reopen closed won opportunity" classname="at.backend.MarketingCompany.MarketingCampaing.crm.opportunity.domain.OpportunityTest$StageTransitionTests" time="0.001"/>
  <testcase name="should move to proposal from QUALIFIED stage" classname="at.backend.MarketingCompany.MarketingCampaing.crm.opportunity.domain.OpportunityTest$StageTransitionTests" time="0.001"/>
  <testcase name="should reopen closed lost opportunity" classname="at.backend.MarketingCompany.MarketingCampaing.crm.opportunity.domain.OpportunityTest$StageTransitionTests" time="0.001"/>
  <testcase name="should throw exception when changing stage of closed opportunity" classname="at.backend.MarketingCompany.MarketingCampaing.crm.opportunity.domain.OpportunityTest$StageTransitionTests" time="0.001"/>
  <testcase name="should move to negotiation from PROPOSAL stage" classname="at.backend.MarketingCompany.MarketingCampaing.crm.opportunity.domain.OpportunityTest$StageTransitionTests" time="0.001"/>
  <system-out><![CDATA[]]></system-out>
  <system-err><![CDATA[]]></system-err>
</testsuite>
