<?xml version="1.0" encoding="UTF-8"?>
<testsuite name="Cancel Deal Command" tests="1" skipped="0" failures="0" errors="0" timestamp="2025-12-09T06:02:33.520Z" hostname="Administrator" time="0.235">
  <properties/>
  <testcase name="should cancel deal successfully" classname="at.backend.MarketingCompany.MarketingCampaing.crm.deal.application.DealApplicationServiceTest$CancelDealCommandTests" time="0.235"/>
  <system-out><![CDATA[2025-12-09T00:02:33.706-06:00  INFO 993380 --- [CRM] [    Test worker] a.b.M.c.d.a.DealApplicationServiceImpl   : Cancelling deal: DealId[value=10c92fe7-1ccc-4f51-aefd-33bf38088489]
2025-12-09T00:02:33.710-06:00  INFO 993380 --- [CRM] [    Test worker] a.b.M.c.d.a.DealApplicationServiceImpl   : Deal DealId[value=10c92fe7-1ccc-4f51-aefd-33bf38088489] cancelled
]]></system-out>
  <system-err><![CDATA[]]></system-err>
</testsuite>
