<?xml version="1.0" encoding="UTF-8"?>
<testsuite name="at.backend.MarketingCompany.MarketingCampaing.customer.domain.CompanyProfileTest" tests="2" skipped="0" failures="0" errors="0" timestamp="2025-12-09T06:03:38.662Z" hostname="Administrator" time="0.001">
  <properties/>
  <testcase name="isStartup_FoundedWithin5Years_ShouldReturnTrue()" classname="at.backend.MarketingCompany.MarketingCampaing.customer.domain.CompanyProfileTest" time="0.0"/>
  <testcase name="isStartup_FoundedMoreThan5YearsAgo_ShouldReturnFalse()" classname="at.backend.MarketingCompany.MarketingCampaing.customer.domain.CompanyProfileTest" time="0.0"/>
  <system-out><![CDATA[]]></system-out>
  <system-err><![CDATA[]]></system-err>
</testsuite>
