<?xml version="1.0" encoding="UTF-8"?>
<testsuite name="Reconstruction" tests="2" skipped="0" failures="0" errors="0" timestamp="2025-12-09T06:03:38.125Z" hostname="Administrator" time="0.002">
  <properties/>
  <testcase name="should reconstruct opportunity with valid parameters" classname="at.backend.MarketingCompany.MarketingCampaing.crm.opportunity.domain.OpportunityTest$ReconstructionTests" time="0.001"/>
  <testcase name="should validate state during reconstruction" classname="at.backend.MarketingCompany.MarketingCampaing.crm.opportunity.domain.OpportunityTest$ReconstructionTests" time="0.001"/>
  <system-out><![CDATA[]]></system-out>
  <system-err><![CDATA[]]></system-err>
</testsuite>
