<?xml version="1.0" encoding="UTF-8"?>
<testsuite name="Creation" tests="5" skipped="0" failures="1" errors="0" timestamp="2025-12-09T06:02:33.991Z" hostname="Administrator" time="0.012">
  <properties/>
  <testcase name="should generate deal with valid parameters" classname="at.backend.MarketingCompany.MarketingCampaing.crm.deal.domain.DealTest$CreationTests" time="0.003">
    <failure message="org.opentest4j.AssertionFailedError: &#10;expected: null&#10; but was: Optional.empty" type="org.opentest4j.AssertionFailedError">org.opentest4j.AssertionFailedError: 
expected: null
 but was: Optional.empty
	at app//at.backend.MarketingCompany.MarketingCampaing.crm.deal.domain.DealTest$CreationTests.createDeal_WithValidParams_ShouldCreateDeal(DealTest.java:74)
	at java.base@23.0.2/java.lang.reflect.Method.invoke(Method.java:580)
	at java.base@23.0.2/java.util.ArrayList.forEach(ArrayList.java:1597)
	at java.base@23.0.2/java.util.ArrayList.forEach(ArrayList.java:1597)
	at java.base@23.0.2/java.util.ArrayList.forEach(ArrayList.java:1597)
</failure>
  </testcase>
  <testcase name="should throw exception when customerCompanyId is null" classname="at.backend.MarketingCompany.MarketingCampaing.crm.deal.domain.DealTest$CreationTests" time="0.002"/>
  <testcase name="should throw exception when generate params are null" classname="at.backend.MarketingCompany.MarketingCampaing.crm.deal.domain.DealTest$CreationTests" time="0.002"/>
  <testcase name="should throw exception when opportunityId is null" classname="at.backend.MarketingCompany.MarketingCampaing.crm.deal.domain.DealTest$CreationTests" time="0.002"/>
  <testcase name="should throw exception when start date is null" classname="at.backend.MarketingCompany.MarketingCampaing.crm.deal.domain.DealTest$CreationTests" time="0.002"/>
  <system-out><![CDATA[]]></system-out>
  <system-err><![CDATA[]]></system-err>
</testsuite>
