<?xml version="1.0" encoding="UTF-8"?>
<testsuite name="at.backend.MarketingCompany.MarketingCampaing.customer.domain.CompanyNameTest" tests="14" skipped="0" failures="0" errors="0" timestamp="2025-12-09T06:03:38.642Z" hostname="Administrator" time="0.018">
  <properties/>
  <testcase name="create_NameTooShort_ShouldThrowException()" classname="at.backend.MarketingCompany.MarketingCampaing.customer.domain.CompanyNameTest" time="0.0"/>
  <testcase name="create_NameTooLong_ShouldThrowException()" classname="at.backend.MarketingCompany.MarketingCampaing.customer.domain.CompanyNameTest" time="0.001"/>
  <testcase name="isSimilarTo_SimilarNames_ShouldReturnTrue()" classname="at.backend.MarketingCompany.MarketingCampaing.customer.domain.CompanyNameTest" time="0.0"/>
  <testcase name="create_ValidName_ShouldCreate()" classname="at.backend.MarketingCompany.MarketingCampaing.customer.domain.CompanyNameTest" time="0.0"/>
  <testcase name="isSimilarTo_DifferentNames_ShouldReturnFalse()" classname="at.backend.MarketingCompany.MarketingCampaing.customer.domain.CompanyNameTest" time="0.001"/>
  <testcase name="equals_SameValue_ShouldBeEqual()" classname="at.backend.MarketingCompany.MarketingCampaing.customer.domain.CompanyNameTest" time="0.001"/>
  <testcase name="equals_DifferentValue_ShouldNotBeEqual()" classname="at.backend.MarketingCompany.MarketingCampaing.customer.domain.CompanyNameTest" time="0.001"/>
  <testcase name="[1] invalidName=null" classname="at.backend.MarketingCompany.MarketingCampaing.customer.domain.CompanyNameTest" time="0.001"/>
  <testcase name="[2] invalidName=" classname="at.backend.MarketingCompany.MarketingCampaing.customer.domain.CompanyNameTest" time="0.0"/>
  <testcase name="[3] invalidName= " classname="at.backend.MarketingCompany.MarketingCampaing.customer.domain.CompanyNameTest" time="0.001"/>
  <testcase name="[4] invalidName=  " classname="at.backend.MarketingCompany.MarketingCampaing.customer.domain.CompanyNameTest" time="0.001"/>
  <testcase name="[5] invalidName=&#9;" classname="at.backend.MarketingCompany.MarketingCampaing.customer.domain.CompanyNameTest" time="0.0"/>
  <testcase name="[6] invalidName=&#10;" classname="at.backend.MarketingCompany.MarketingCampaing.customer.domain.CompanyNameTest" time="0.0"/>
  <testcase name="getNormalized_ShouldTrimAndUpperCase()" classname="at.backend.MarketingCompany.MarketingCampaing.customer.domain.CompanyNameTest" time="0.0"/>
  <system-out><![CDATA[]]></system-out>
  <system-err><![CDATA[]]></system-err>
</testsuite>
