<?xml version="1.0" encoding="UTF-8"?>
<testsuite name="Details Update" tests="5" skipped="0" failures="0" errors="0" timestamp="2025-12-09T06:03:38.127Z" hostname="Administrator" time="0.007">
  <properties/>
  <testcase name="should update details with valid parameters" classname="at.backend.MarketingCompany.MarketingCampaing.crm.opportunity.domain.OpportunityTest$DetailsUpdateTests" time="0.002"/>
  <testcase name="should throw exception when updating amount for closed opportunity" classname="at.backend.MarketingCompany.MarketingCampaing.crm.opportunity.domain.OpportunityTest$DetailsUpdateTests" time="0.001"/>
  <testcase name="should update amount for active opportunity" classname="at.backend.MarketingCompany.MarketingCampaing.crm.opportunity.domain.OpportunityTest$DetailsUpdateTests" time="0.001"/>
  <testcase name="[1] invalidTitle=null" classname="at.backend.MarketingCompany.MarketingCampaing.crm.opportunity.domain.OpportunityTest$DetailsUpdateTests" time="0.001"/>
  <testcase name="[2] invalidTitle=" classname="at.backend.MarketingCompany.MarketingCampaing.crm.opportunity.domain.OpportunityTest$DetailsUpdateTests" time="0.0"/>
  <system-out><![CDATA[]]></system-out>
  <system-err><![CDATA[]]></system-err>
</testsuite>
