<?xml version="1.0" encoding="UTF-8"?>
<testsuite name="Sign Deal Command" tests="3" skipped="0" failures="0" errors="0" timestamp="2025-12-09T06:02:33.827Z" hostname="Administrator" time="0.015">
  <properties/>
  <testcase name="should throw exception when employee validation fails" classname="at.backend.MarketingCompany.MarketingCampaing.crm.deal.application.DealApplicationServiceTest$SignDealCommandTests" time="0.004"/>
  <testcase name="should sign deal successfully" classname="at.backend.MarketingCompany.MarketingCampaing.crm.deal.application.DealApplicationServiceTest$SignDealCommandTests" time="0.006"/>
  <testcase name="should throw exception when deal not found" classname="at.backend.MarketingCompany.MarketingCampaing.crm.deal.application.DealApplicationServiceTest$SignDealCommandTests" time="0.004"/>
  <system-out><![CDATA[2025-12-09T00:02:33.830-06:00  INFO 993380 --- [CRM] [    Test worker] a.b.M.c.d.a.DealApplicationServiceImpl   : Signing deal: DealId[value=5e389088-693d-4a30-ae58-094211d54b3b]
2025-12-09T00:02:33.835-06:00  INFO 993380 --- [CRM] [    Test worker] a.b.M.c.d.a.DealApplicationServiceImpl   : Signing deal: DealId[value=251013b3-1d13-442d-aa7f-27da3bf81161]
2025-12-09T00:02:33.836-06:00  INFO 993380 --- [CRM] [    Test worker] a.b.M.c.d.a.DealApplicationServiceImpl   : Deal DealId[value=251013b3-1d13-442d-aa7f-27da3bf81161] signed successfully
2025-12-09T00:02:33.841-06:00  INFO 993380 --- [CRM] [    Test worker] a.b.M.c.d.a.DealApplicationServiceImpl   : Signing deal: DealId[value=37dae4ef-bd4c-4383-bec5-ae76f3a6ce89]
]]></system-out>
  <system-err><![CDATA[]]></system-err>
</testsuite>
