<?xml version="1.0" encoding="UTF-8"?>
<testsuite name="Query Handlers" tests="4" skipped="0" failures="0" errors="0" timestamp="2025-12-09T06:02:33.757Z" hostname="Administrator" time="0.031">
  <properties/>
  <testcase name="should return deal by id" classname="at.backend.MarketingCompany.MarketingCampaing.crm.deal.application.DealApplicationServiceTest$QueryHandlerTests" time="0.006"/>
  <testcase name="should return deals by customer" classname="at.backend.MarketingCompany.MarketingCampaing.crm.deal.application.DealApplicationServiceTest$QueryHandlerTests" time="0.013"/>
  <testcase name="should return deals by status" classname="at.backend.MarketingCompany.MarketingCampaing.crm.deal.application.DealApplicationServiceTest$QueryHandlerTests" time="0.005"/>
  <testcase name="should throw exception when deal not found" classname="at.backend.MarketingCompany.MarketingCampaing.crm.deal.application.DealApplicationServiceTest$QueryHandlerTests" time="0.006"/>
  <system-out><![CDATA[]]></system-out>
  <system-err><![CDATA[]]></system-err>
</testsuite>
