<?xml version="1.0" encoding="UTF-8"?>
<testsuite name="Business Logic Methods" tests="5" skipped="0" failures="0" errors="0" timestamp="2025-12-09T06:03:38.116Z" hostname="Administrator" time="0.008">
  <properties/>
  <testcase name="should return correct values for canBeModified method" classname="at.backend.MarketingCompany.MarketingCampaing.crm.opportunity.domain.OpportunityTest$BusinessLogicTests" time="0.001"/>
  <testcase name="should handle optional amount and close date correctly" classname="at.backend.MarketingCompany.MarketingCampaing.crm.opportunity.domain.OpportunityTest$BusinessLogicTests" time="0.0"/>
  <testcase name="should return correct values for isClosed method" classname="at.backend.MarketingCompany.MarketingCampaing.crm.opportunity.domain.OpportunityTest$BusinessLogicTests" time="0.001"/>
  <testcase name="should allow deletion only for closed opportunities" classname="at.backend.MarketingCompany.MarketingCampaing.crm.opportunity.domain.OpportunityTest$BusinessLogicTests" time="0.001"/>
  <testcase name="should detect overdue opportunities" classname="at.backend.MarketingCompany.MarketingCampaing.crm.opportunity.domain.OpportunityTest$BusinessLogicTests" time="0.001"/>
  <system-out><![CDATA[]]></system-out>
  <system-err><![CDATA[]]></system-err>
</testsuite>
