<?xml version="1.0" encoding="UTF-8"?>
<testsuite name="at.backend.MarketingCompany.MarketingCampaing.crm.deal.persistence.DealRepositoryIntegrationTest" tests="11" skipped="0" failures="9" errors="0" timestamp="2025-12-09T06:03:35.208Z" hostname="Administrator" time="0.3">
  <properties/>
  <testcase name="existsById_WithNonExistentDeal_ShouldReturnFalse()" classname="at.backend.MarketingCompany.MarketingCampaing.crm.deal.persistence.DealRepositoryIntegrationTest" time="0.117"/>
  <testcase name="delete_WithExistingDeal_ShouldRemoveFromDatabase()" classname="at.backend.MarketingCompany.MarketingCampaing.crm.deal.persistence.DealRepositoryIntegrationTest" time="0.037">
    <failure message="org.springframework.orm.jpa.JpaObjectRetrievalFailureException: Unable to find at.backend.MarketingCompany.customer.infrastructure.adapter.output.persistence.entity.CustomerCompanyEntity with id 8e016b80-e6b8-47e7-b419-04c27c8b14e5" type="org.springframework.orm.jpa.JpaObjectRetrievalFailureException">org.springframework.orm.jpa.JpaObjectRetrievalFailureException: Unable to find at.backend.MarketingCompany.customer.infrastructure.adapter.output.persistence.entity.CustomerCompanyEntity with id 8e016b80-e6b8-47e7-b419-04c27c8b14e5
	at app//org.springframework.orm.jpa.EntityManagerFactoryUtils.convertJpaAccessExceptionIfPossible(EntityManagerFactoryUtils.java:376)
	at app//org.springframework.orm.jpa.vendor.HibernateJpaDialect.translateExceptionIfPossible(HibernateJpaDialect.java:246)
	at app//org.springframework.orm.jpa.AbstractEntityManagerFactoryBean.translateExceptionIfPossible(AbstractEntityManagerFactoryBean.java:560)
	at app//org.springframework.dao.support.ChainedPersistenceExceptionTranslator.translateExceptionIfPossible(ChainedPersistenceExceptionTranslator.java:61)
	at app//org.springframework.dao.support.DataAccessUtils.translateIfNecessary(DataAccessUtils.java:343)
	at app//org.springframework.dao.support.PersistenceExceptionTranslationInterceptor.invoke(PersistenceExceptionTranslationInterceptor.java:160)
	at app//org.springframework.aop.framework.ReflectiveMethodInvocation.proceed(ReflectiveMethodInvocation.java:184)
	at app//org.springframework.data.jpa.repository.support.CrudMethodMetadataPostProcessor$CrudMethodMetadataPopulatingMethodInterceptor.invoke(CrudMethodMetadataPostProcessor.java:165)
	at app//org.springframework.aop.framework.ReflectiveMethodInvocation.proceed(ReflectiveMethodInvocation.java:184)
	at app//org.springframework.aop.framework.JdkDynamicAopProxy.invoke(JdkDynamicAopProxy.java:223)
	at app/jdk.proxy3/jdk.proxy3.$Proxy194.save(Unknown Source)
	at app//at.backend.MarketingCompany.crm.deal.repository.persistence.repository.DealRepositoryImpl.save(DealRepositoryImpl.java:34)
	at java.base@23.0.2/jdk.internal.reflect.DirectMethodHandleAccessor.invoke(DirectMethodHandleAccessor.java:103)
	at java.base@23.0.2/java.lang.reflect.Method.invoke(Method.java:580)
	at app//org.springframework.aop.support.AopUtils.invokeJoinpointUsingReflection(AopUtils.java:359)
	at app//org.springframework.aop.framework.ReflectiveMethodInvocation.invokeJoinpoint(ReflectiveMethodInvocation.java:196)
	at app//org.springframework.aop.framework.ReflectiveMethodInvocation.proceed(ReflectiveMethodInvocation.java:163)
	at app//org.springframework.transaction.interceptor.TransactionAspectSupport.invokeWithinTransaction(TransactionAspectSupport.java:380)
	at app//org.springframework.transaction.interceptor.TransactionInterceptor.invoke(TransactionInterceptor.java:119)
	at app//org.springframework.aop.framework.ReflectiveMethodInvocation.proceed(ReflectiveMethodInvocation.java:184)
	at app//org.springframework.aop.framework.CglibAopProxy$DynamicAdvisedInterceptor.intercept(CglibAopProxy.java:727)
	at app//at.backend.MarketingCompany.crm.deal.repository.persistence.repository.DealRepositoryImpl$$SpringCGLIB$$0.save(&lt;generated&gt;)
	at app//at.backend.MarketingCompany.MarketingCampaing.crm.deal.persistence.DealRepositoryIntegrationTest.delete_WithExistingDeal_ShouldRemoveFromDatabase(DealRepositoryIntegrationTest.java:269)
	at java.base@23.0.2/java.lang.reflect.Method.invoke(Method.java:580)
	at java.base@23.0.2/java.util.ArrayList.forEach(ArrayList.java:1597)
	at java.base@23.0.2/java.util.ArrayList.forEach(ArrayList.java:1597)
Caused by: jakarta.persistence.EntityNotFoundException: Unable to find at.backend.MarketingCompany.customer.infrastructure.adapter.output.persistence.entity.CustomerCompanyEntity with id 8e016b80-e6b8-47e7-b419-04c27c8b14e5
	at app//org.hibernate.jpa.boot.internal.EntityManagerFactoryBuilderImpl$JpaEntityNotFoundDelegate.handleEntityNotFound(EntityManagerFactoryBuilderImpl.java:190)
	at app//org.hibernate.event.internal.DefaultLoadEventListener.load(DefaultLoadEventListener.java:211)
	at app//org.hibernate.event.internal.DefaultLoadEventListener.loadWithRegularProxy(DefaultLoadEventListener.java:289)
	at app//org.hibernate.event.internal.DefaultLoadEventListener.proxyOrLoad(DefaultLoadEventListener.java:241)
	at app//org.hibernate.event.internal.DefaultLoadEventListener.doOnLoad(DefaultLoadEventListener.java:110)
	at app//org.hibernate.event.internal.DefaultLoadEventListener.onLoad(DefaultLoadEventListener.java:69)
	at app//org.hibernate.event.service.internal.EventListenerGroupImpl.fireEventOnEachListener(EventListenerGroupImpl.java:138)
	at app//org.hibernate.internal.SessionImpl.fireLoadNoChecks(SessionImpl.java:1229)
	at app//org.hibernate.internal.SessionImpl.internalLoad(SessionImpl.java:1075)
	at app//org.hibernate.type.EntityType.resolveIdentifier(EntityType.java:740)
	at app//org.hibernate.type.EntityType.resolve(EntityType.java:453)
	at app//org.hibernate.type.EntityType.replace(EntityType.java:339)
	at app//org.hibernate.type.AbstractType.replace(AbstractType.java:125)
	at app//org.hibernate.type.TypeHelper.replace(TypeHelper.java:154)
	at app//org.hibernate.event.internal.DefaultMergeEventListener.copyValues(DefaultMergeEventListener.java:637)
	at app//org.hibernate.event.internal.DefaultMergeEventListener.entityIsTransient(DefaultMergeEventListener.java:303)
	at app//org.hibernate.event.internal.DefaultMergeEventListener.entityIsDetached(DefaultMergeEventListener.java:432)
	at app//org.hibernate.event.internal.DefaultMergeEventListener.merge(DefaultMergeEventListener.java:214)
	at app//org.hibernate.event.internal.DefaultMergeEventListener.doMerge(DefaultMergeEventListener.java:152)
	at app//org.hibernate.event.internal.DefaultMergeEventListener.onMerge(DefaultMergeEventListener.java:136)
	at app//org.hibernate.event.internal.DefaultMergeEventListener.onMerge(DefaultMergeEventListener.java:89)
	at app//org.hibernate.event.service.internal.EventListenerGroupImpl.fireEventOnEachListener(EventListenerGroupImpl.java:127)
	at app//org.hibernate.internal.SessionImpl.fireMerge(SessionImpl.java:854)
	at app//org.hibernate.internal.SessionImpl.merge(SessionImpl.java:840)
	at java.base@23.0.2/jdk.internal.reflect.DirectMethodHandleAccessor.invoke(DirectMethodHandleAccessor.java:103)
	at java.base@23.0.2/java.lang.reflect.Method.invoke(Method.java:580)
	at app//org.springframework.orm.jpa.SharedEntityManagerCreator$SharedEntityManagerInvocationHandler.invoke(SharedEntityManagerCreator.java:320)
	at app/jdk.proxy3/jdk.proxy3.$Proxy180.merge(Unknown Source)
	at app//org.springframework.data.jpa.repository.support.SimpleJpaRepository.save(SimpleJpaRepository.java:630)
	at java.base@23.0.2/jdk.internal.reflect.DirectMethodHandleAccessor.invoke(DirectMethodHandleAccessor.java:103)
	at java.base@23.0.2/java.lang.reflect.Method.invoke(Method.java:580)
	at app//org.springframework.aop.support.AopUtils.invokeJoinpointUsingReflection(AopUtils.java:359)
	at app//org.springframework.data.repository.core.support.RepositoryMethodInvoker$RepositoryFragmentMethodInvoker.lambda$new$0(RepositoryMethodInvoker.java:277)
	at app//org.springframework.data.repository.core.support.RepositoryMethodInvoker.doInvoke(RepositoryMethodInvoker.java:170)
	at app//org.springframework.data.repository.core.support.RepositoryMethodInvoker.invoke(RepositoryMethodInvoker.java:158)
	at app//org.springframework.data.repository.core.support.RepositoryComposition$RepositoryFragments.invoke(RepositoryComposition.java:515)
	at app//org.springframework.data.repository.core.support.RepositoryComposition.invoke(RepositoryComposition.java:284)
	at app//org.springframework.data.repository.core.support.RepositoryFactorySupport$ImplementationMethodExecutionInterceptor.invoke(RepositoryFactorySupport.java:752)
	at app//org.springframework.aop.framework.ReflectiveMethodInvocation.proceed(ReflectiveMethodInvocation.java:184)
	at app//org.springframework.data.repository.core.support.QueryExecutorMethodInterceptor.doInvoke(QueryExecutorMethodInterceptor.java:174)
	at app//org.springframework.data.repository.core.support.QueryExecutorMethodInterceptor.invoke(QueryExecutorMethodInterceptor.java:149)
	at app//org.springframework.aop.framework.ReflectiveMethodInvocation.proceed(ReflectiveMethodInvocation.java:184)
	at app//org.springframework.data.projection.DefaultMethodInvokingMethodInterceptor.invoke(DefaultMethodInvokingMethodInterceptor.java:69)
	at app//org.springframework.aop.framework.ReflectiveMethodInvocation.proceed(ReflectiveMethodInvocation.java:184)
	at app//org.springframework.transaction.interceptor.TransactionAspectSupport.invokeWithinTransaction(TransactionAspectSupport.java:380)
	at app//org.springframework.transaction.interceptor.TransactionInterceptor.invoke(TransactionInterceptor.java:119)
	at app//org.springframework.aop.framework.ReflectiveMethodInvocation.proceed(ReflectiveMethodInvocation.java:184)
	at app//org.springframework.dao.support.PersistenceExceptionTranslationInterceptor.invoke(PersistenceExceptionTranslationInterceptor.java:138)
	... 20 more
</failure>
  </testcase>
  <testcase name="save_WithCompletedDeal_ShouldPersistEndDateAndDeliverables()" classname="at.backend.MarketingCompany.MarketingCampaing.crm.deal.persistence.DealRepositoryIntegrationTest" time="0.016">
    <failure message="org.springframework.orm.jpa.JpaObjectRetrievalFailureException: Unable to find at.backend.MarketingCompany.account.user.adapters.outbound.persistence.UserEntity with id 95792360-2f0f-44b6-a083-f47bb7d00d15" type="org.springframework.orm.jpa.JpaObjectRetrievalFailureException">org.springframework.orm.jpa.JpaObjectRetrievalFailureException: Unable to find at.backend.MarketingCompany.account.user.adapters.outbound.persistence.UserEntity with id 95792360-2f0f-44b6-a083-f47bb7d00d15
	at app//org.springframework.orm.jpa.EntityManagerFactoryUtils.convertJpaAccessExceptionIfPossible(EntityManagerFactoryUtils.java:376)
	at app//org.springframework.orm.jpa.vendor.HibernateJpaDialect.translateExceptionIfPossible(HibernateJpaDialect.java:246)
	at app//org.springframework.orm.jpa.AbstractEntityManagerFactoryBean.translateExceptionIfPossible(AbstractEntityManagerFactoryBean.java:560)
	at app//org.springframework.dao.support.ChainedPersistenceExceptionTranslator.translateExceptionIfPossible(ChainedPersistenceExceptionTranslator.java:61)
	at app//org.springframework.dao.support.DataAccessUtils.translateIfNecessary(DataAccessUtils.java:343)
	at app//org.springframework.dao.support.PersistenceExceptionTranslationInterceptor.invoke(PersistenceExceptionTranslationInterceptor.java:160)
	at app//org.springframework.aop.framework.ReflectiveMethodInvocation.proceed(ReflectiveMethodInvocation.java:184)
	at app//org.springframework.data.jpa.repository.support.CrudMethodMetadataPostProcessor$CrudMethodMetadataPopulatingMethodInterceptor.invoke(CrudMethodMetadataPostProcessor.java:165)
	at app//org.springframework.aop.framework.ReflectiveMethodInvocation.proceed(ReflectiveMethodInvocation.java:184)
	at app//org.springframework.aop.framework.JdkDynamicAopProxy.invoke(JdkDynamicAopProxy.java:223)
	at app/jdk.proxy3/jdk.proxy3.$Proxy194.save(Unknown Source)
	at app//at.backend.MarketingCompany.crm.deal.repository.persistence.repository.DealRepositoryImpl.save(DealRepositoryImpl.java:34)
	at java.base@23.0.2/jdk.internal.reflect.DirectMethodHandleAccessor.invoke(DirectMethodHandleAccessor.java:103)
	at java.base@23.0.2/java.lang.reflect.Method.invoke(Method.java:580)
	at app//org.springframework.aop.support.AopUtils.invokeJoinpointUsingReflection(AopUtils.java:359)
	at app//org.springframework.aop.framework.ReflectiveMethodInvocation.invokeJoinpoint(ReflectiveMethodInvocation.java:196)
	at app//org.springframework.aop.framework.ReflectiveMethodInvocation.proceed(ReflectiveMethodInvocation.java:163)
	at app//org.springframework.transaction.interceptor.TransactionAspectSupport.invokeWithinTransaction(TransactionAspectSupport.java:380)
	at app//org.springframework.transaction.interceptor.TransactionInterceptor.invoke(TransactionInterceptor.java:119)
	at app//org.springframework.aop.framework.ReflectiveMethodInvocation.proceed(ReflectiveMethodInvocation.java:184)
	at app//org.springframework.aop.framework.CglibAopProxy$DynamicAdvisedInterceptor.intercept(CglibAopProxy.java:727)
	at app//at.backend.MarketingCompany.crm.deal.repository.persistence.repository.DealRepositoryImpl$$SpringCGLIB$$0.save(&lt;generated&gt;)
	at app//at.backend.MarketingCompany.MarketingCampaing.crm.deal.persistence.DealRepositoryIntegrationTest.save_WithCompletedDeal_ShouldPersistEndDateAndDeliverables(DealRepositoryIntegrationTest.java:227)
	at java.base@23.0.2/java.lang.reflect.Method.invoke(Method.java:580)
	at java.base@23.0.2/java.util.ArrayList.forEach(ArrayList.java:1597)
	at java.base@23.0.2/java.util.ArrayList.forEach(ArrayList.java:1597)
Caused by: jakarta.persistence.EntityNotFoundException: Unable to find at.backend.MarketingCompany.account.user.adapters.outbound.persistence.UserEntity with id 95792360-2f0f-44b6-a083-f47bb7d00d15
	at app//org.hibernate.jpa.boot.internal.EntityManagerFactoryBuilderImpl$JpaEntityNotFoundDelegate.handleEntityNotFound(EntityManagerFactoryBuilderImpl.java:190)
	at app//org.hibernate.event.internal.DefaultLoadEventListener.load(DefaultLoadEventListener.java:211)
	at app//org.hibernate.event.internal.DefaultLoadEventListener.loadWithRegularProxy(DefaultLoadEventListener.java:289)
	at app//org.hibernate.event.internal.DefaultLoadEventListener.proxyOrLoad(DefaultLoadEventListener.java:241)
	at app//org.hibernate.event.internal.DefaultLoadEventListener.doOnLoad(DefaultLoadEventListener.java:110)
	at app//org.hibernate.event.internal.DefaultLoadEventListener.onLoad(DefaultLoadEventListener.java:69)
	at app//org.hibernate.event.service.internal.EventListenerGroupImpl.fireEventOnEachListener(EventListenerGroupImpl.java:138)
	at app//org.hibernate.internal.SessionImpl.fireLoadNoChecks(SessionImpl.java:1229)
	at app//org.hibernate.internal.SessionImpl.internalLoad(SessionImpl.java:1075)
	at app//org.hibernate.type.EntityType.resolveIdentifier(EntityType.java:740)
	at app//org.hibernate.type.EntityType.resolve(EntityType.java:453)
	at app//org.hibernate.type.EntityType.replace(EntityType.java:339)
	at app//org.hibernate.type.AbstractType.replace(AbstractType.java:125)
	at app//org.hibernate.type.TypeHelper.replace(TypeHelper.java:154)
	at app//org.hibernate.event.internal.DefaultMergeEventListener.copyValues(DefaultMergeEventListener.java:637)
	at app//org.hibernate.event.internal.DefaultMergeEventListener.entityIsTransient(DefaultMergeEventListener.java:303)
	at app//org.hibernate.event.internal.DefaultMergeEventListener.entityIsDetached(DefaultMergeEventListener.java:432)
	at app//org.hibernate.event.internal.DefaultMergeEventListener.merge(DefaultMergeEventListener.java:214)
	at app//org.hibernate.event.internal.DefaultMergeEventListener.doMerge(DefaultMergeEventListener.java:152)
	at app//org.hibernate.event.internal.DefaultMergeEventListener.onMerge(DefaultMergeEventListener.java:136)
	at app//org.hibernate.event.internal.DefaultMergeEventListener.onMerge(DefaultMergeEventListener.java:89)
	at app//org.hibernate.event.service.internal.EventListenerGroupImpl.fireEventOnEachListener(EventListenerGroupImpl.java:127)
	at app//org.hibernate.internal.SessionImpl.fireMerge(SessionImpl.java:854)
	at app//org.hibernate.internal.SessionImpl.merge(SessionImpl.java:840)
	at java.base@23.0.2/jdk.internal.reflect.DirectMethodHandleAccessor.invoke(DirectMethodHandleAccessor.java:103)
	at java.base@23.0.2/java.lang.reflect.Method.invoke(Method.java:580)
	at app//org.springframework.orm.jpa.SharedEntityManagerCreator$SharedEntityManagerInvocationHandler.invoke(SharedEntityManagerCreator.java:320)
	at app/jdk.proxy3/jdk.proxy3.$Proxy180.merge(Unknown Source)
	at app//org.springframework.data.jpa.repository.support.SimpleJpaRepository.save(SimpleJpaRepository.java:630)
	at java.base@23.0.2/jdk.internal.reflect.DirectMethodHandleAccessor.invoke(DirectMethodHandleAccessor.java:103)
	at java.base@23.0.2/java.lang.reflect.Method.invoke(Method.java:580)
	at app//org.springframework.aop.support.AopUtils.invokeJoinpointUsingReflection(AopUtils.java:359)
	at app//org.springframework.data.repository.core.support.RepositoryMethodInvoker$RepositoryFragmentMethodInvoker.lambda$new$0(RepositoryMethodInvoker.java:277)
	at app//org.springframework.data.repository.core.support.RepositoryMethodInvoker.doInvoke(RepositoryMethodInvoker.java:170)
	at app//org.springframework.data.repository.core.support.RepositoryMethodInvoker.invoke(RepositoryMethodInvoker.java:158)
	at app//org.springframework.data.repository.core.support.RepositoryComposition$RepositoryFragments.invoke(RepositoryComposition.java:515)
	at app//org.springframework.data.repository.core.support.RepositoryComposition.invoke(RepositoryComposition.java:284)
	at app//org.springframework.data.repository.core.support.RepositoryFactorySupport$ImplementationMethodExecutionInterceptor.invoke(RepositoryFactorySupport.java:752)
	at app//org.springframework.aop.framework.ReflectiveMethodInvocation.proceed(ReflectiveMethodInvocation.java:184)
	at app//org.springframework.data.repository.core.support.QueryExecutorMethodInterceptor.doInvoke(QueryExecutorMethodInterceptor.java:174)
	at app//org.springframework.data.repository.core.support.QueryExecutorMethodInterceptor.invoke(QueryExecutorMethodInterceptor.java:149)
	at app//org.springframework.aop.framework.ReflectiveMethodInvocation.proceed(ReflectiveMethodInvocation.java:184)
	at app//org.springframework.data.projection.DefaultMethodInvokingMethodInterceptor.invoke(DefaultMethodInvokingMethodInterceptor.java:69)
	at app//org.springframework.aop.framework.ReflectiveMethodInvocation.proceed(ReflectiveMethodInvocation.java:184)
	at app//org.springframework.transaction.interceptor.TransactionAspectSupport.invokeWithinTransaction(TransactionAspectSupport.java:380)
	at app//org.springframework.transaction.interceptor.TransactionInterceptor.invoke(TransactionInterceptor.java:119)
	at app//org.springframework.aop.framework.ReflectiveMethodInvocation.proceed(ReflectiveMethodInvocation.java:184)
	at app//org.springframework.dao.support.PersistenceExceptionTranslationInterceptor.invoke(PersistenceExceptionTranslationInterceptor.java:138)
	... 20 more
</failure>
  </testcase>
  <testcase name="findByCustomer_WithExistingDeals_ShouldReturnDeals()" classname="at.backend.MarketingCompany.MarketingCampaing.crm.deal.persistence.DealRepositoryIntegrationTest" time="0.013">
    <failure message="org.springframework.orm.jpa.JpaObjectRetrievalFailureException: Unable to find at.backend.MarketingCompany.customer.infrastructure.adapter.output.persistence.entity.CustomerCompanyEntity with id df586eb4-8b83-4ad4-95d7-061d7707e904" type="org.springframework.orm.jpa.JpaObjectRetrievalFailureException">org.springframework.orm.jpa.JpaObjectRetrievalFailureException: Unable to find at.backend.MarketingCompany.customer.infrastructure.adapter.output.persistence.entity.CustomerCompanyEntity with id df586eb4-8b83-4ad4-95d7-061d7707e904
	at app//org.springframework.orm.jpa.EntityManagerFactoryUtils.convertJpaAccessExceptionIfPossible(EntityManagerFactoryUtils.java:376)
	at app//org.springframework.orm.jpa.vendor.HibernateJpaDialect.translateExceptionIfPossible(HibernateJpaDialect.java:246)
	at app//org.springframework.orm.jpa.AbstractEntityManagerFactoryBean.translateExceptionIfPossible(AbstractEntityManagerFactoryBean.java:560)
	at app//org.springframework.dao.support.ChainedPersistenceExceptionTranslator.translateExceptionIfPossible(ChainedPersistenceExceptionTranslator.java:61)
	at app//org.springframework.dao.support.DataAccessUtils.translateIfNecessary(DataAccessUtils.java:343)
	at app//org.springframework.dao.support.PersistenceExceptionTranslationInterceptor.invoke(PersistenceExceptionTranslationInterceptor.java:160)
	at app//org.springframework.aop.framework.ReflectiveMethodInvocation.proceed(ReflectiveMethodInvocation.java:184)
	at app//org.springframework.data.jpa.repository.support.CrudMethodMetadataPostProcessor$CrudMethodMetadataPopulatingMethodInterceptor.invoke(CrudMethodMetadataPostProcessor.java:165)
	at app//org.springframework.aop.framework.ReflectiveMethodInvocation.proceed(ReflectiveMethodInvocation.java:184)
	at app//org.springframework.aop.framework.JdkDynamicAopProxy.invoke(JdkDynamicAopProxy.java:223)
	at app/jdk.proxy3/jdk.proxy3.$Proxy194.save(Unknown Source)
	at app//at.backend.MarketingCompany.crm.deal.repository.persistence.repository.DealRepositoryImpl.save(DealRepositoryImpl.java:34)
	at java.base@23.0.2/jdk.internal.reflect.DirectMethodHandleAccessor.invoke(DirectMethodHandleAccessor.java:103)
	at java.base@23.0.2/java.lang.reflect.Method.invoke(Method.java:580)
	at app//org.springframework.aop.support.AopUtils.invokeJoinpointUsingReflection(AopUtils.java:359)
	at app//org.springframework.aop.framework.ReflectiveMethodInvocation.invokeJoinpoint(ReflectiveMethodInvocation.java:196)
	at app//org.springframework.aop.framework.ReflectiveMethodInvocation.proceed(ReflectiveMethodInvocation.java:163)
	at app//org.springframework.transaction.interceptor.TransactionAspectSupport.invokeWithinTransaction(TransactionAspectSupport.java:380)
	at app//org.springframework.transaction.interceptor.TransactionInterceptor.invoke(TransactionInterceptor.java:119)
	at app//org.springframework.aop.framework.ReflectiveMethodInvocation.proceed(ReflectiveMethodInvocation.java:184)
	at app//org.springframework.aop.framework.CglibAopProxy$DynamicAdvisedInterceptor.intercept(CglibAopProxy.java:727)
	at app//at.backend.MarketingCompany.crm.deal.repository.persistence.repository.DealRepositoryImpl$$SpringCGLIB$$0.save(&lt;generated&gt;)
	at app//at.backend.MarketingCompany.MarketingCampaing.crm.deal.persistence.DealRepositoryIntegrationTest.findByCustomer_WithExistingDeals_ShouldReturnDeals(DealRepositoryIntegrationTest.java:145)
	at java.base@23.0.2/java.lang.reflect.Method.invoke(Method.java:580)
	at java.base@23.0.2/java.util.ArrayList.forEach(ArrayList.java:1597)
	at java.base@23.0.2/java.util.ArrayList.forEach(ArrayList.java:1597)
Caused by: jakarta.persistence.EntityNotFoundException: Unable to find at.backend.MarketingCompany.customer.infrastructure.adapter.output.persistence.entity.CustomerCompanyEntity with id df586eb4-8b83-4ad4-95d7-061d7707e904
	at app//org.hibernate.jpa.boot.internal.EntityManagerFactoryBuilderImpl$JpaEntityNotFoundDelegate.handleEntityNotFound(EntityManagerFactoryBuilderImpl.java:190)
	at app//org.hibernate.event.internal.DefaultLoadEventListener.load(DefaultLoadEventListener.java:211)
	at app//org.hibernate.event.internal.DefaultLoadEventListener.loadWithRegularProxy(DefaultLoadEventListener.java:289)
	at app//org.hibernate.event.internal.DefaultLoadEventListener.proxyOrLoad(DefaultLoadEventListener.java:241)
	at app//org.hibernate.event.internal.DefaultLoadEventListener.doOnLoad(DefaultLoadEventListener.java:110)
	at app//org.hibernate.event.internal.DefaultLoadEventListener.onLoad(DefaultLoadEventListener.java:69)
	at app//org.hibernate.event.service.internal.EventListenerGroupImpl.fireEventOnEachListener(EventListenerGroupImpl.java:138)
	at app//org.hibernate.internal.SessionImpl.fireLoadNoChecks(SessionImpl.java:1229)
	at app//org.hibernate.internal.SessionImpl.internalLoad(SessionImpl.java:1075)
	at app//org.hibernate.type.EntityType.resolveIdentifier(EntityType.java:740)
	at app//org.hibernate.type.EntityType.resolve(EntityType.java:453)
	at app//org.hibernate.type.EntityType.replace(EntityType.java:339)
	at app//org.hibernate.type.AbstractType.replace(AbstractType.java:125)
	at app//org.hibernate.type.TypeHelper.replace(TypeHelper.java:154)
	at app//org.hibernate.event.internal.DefaultMergeEventListener.copyValues(DefaultMergeEventListener.java:637)
	at app//org.hibernate.event.internal.DefaultMergeEventListener.entityIsTransient(DefaultMergeEventListener.java:303)
	at app//org.hibernate.event.internal.DefaultMergeEventListener.entityIsDetached(DefaultMergeEventListener.java:432)
	at app//org.hibernate.event.internal.DefaultMergeEventListener.merge(DefaultMergeEventListener.java:214)
	at app//org.hibernate.event.internal.DefaultMergeEventListener.doMerge(DefaultMergeEventListener.java:152)
	at app//org.hibernate.event.internal.DefaultMergeEventListener.onMerge(DefaultMergeEventListener.java:136)
	at app//org.hibernate.event.internal.DefaultMergeEventListener.onMerge(DefaultMergeEventListener.java:89)
	at app//org.hibernate.event.service.internal.EventListenerGroupImpl.fireEventOnEachListener(EventListenerGroupImpl.java:127)
	at app//org.hibernate.internal.SessionImpl.fireMerge(SessionImpl.java:854)
	at app//org.hibernate.internal.SessionImpl.merge(SessionImpl.java:840)
	at java.base@23.0.2/jdk.internal.reflect.DirectMethodHandleAccessor.invoke(DirectMethodHandleAccessor.java:103)
	at java.base@23.0.2/java.lang.reflect.Method.invoke(Method.java:580)
	at app//org.springframework.orm.jpa.SharedEntityManagerCreator$SharedEntityManagerInvocationHandler.invoke(SharedEntityManagerCreator.java:320)
	at app/jdk.proxy3/jdk.proxy3.$Proxy180.merge(Unknown Source)
	at app//org.springframework.data.jpa.repository.support.SimpleJpaRepository.save(SimpleJpaRepository.java:630)
	at java.base@23.0.2/jdk.internal.reflect.DirectMethodHandleAccessor.invoke(DirectMethodHandleAccessor.java:103)
	at java.base@23.0.2/java.lang.reflect.Method.invoke(Method.java:580)
	at app//org.springframework.aop.support.AopUtils.invokeJoinpointUsingReflection(AopUtils.java:359)
	at app//org.springframework.data.repository.core.support.RepositoryMethodInvoker$RepositoryFragmentMethodInvoker.lambda$new$0(RepositoryMethodInvoker.java:277)
	at app//org.springframework.data.repository.core.support.RepositoryMethodInvoker.doInvoke(RepositoryMethodInvoker.java:170)
	at app//org.springframework.data.repository.core.support.RepositoryMethodInvoker.invoke(RepositoryMethodInvoker.java:158)
	at app//org.springframework.data.repository.core.support.RepositoryComposition$RepositoryFragments.invoke(RepositoryComposition.java:515)
	at app//org.springframework.data.repository.core.support.RepositoryComposition.invoke(RepositoryComposition.java:284)
	at app//org.springframework.data.repository.core.support.RepositoryFactorySupport$ImplementationMethodExecutionInterceptor.invoke(RepositoryFactorySupport.java:752)
	at app//org.springframework.aop.framework.ReflectiveMethodInvocation.proceed(ReflectiveMethodInvocation.java:184)
	at app//org.springframework.data.repository.core.support.QueryExecutorMethodInterceptor.doInvoke(QueryExecutorMethodInterceptor.java:174)
	at app//org.springframework.data.repository.core.support.QueryExecutorMethodInterceptor.invoke(QueryExecutorMethodInterceptor.java:149)
	at app//org.springframework.aop.framework.ReflectiveMethodInvocation.proceed(ReflectiveMethodInvocation.java:184)
	at app//org.springframework.data.projection.DefaultMethodInvokingMethodInterceptor.invoke(DefaultMethodInvokingMethodInterceptor.java:69)
	at app//org.springframework.aop.framework.ReflectiveMethodInvocation.proceed(ReflectiveMethodInvocation.java:184)
	at app//org.springframework.transaction.interceptor.TransactionAspectSupport.invokeWithinTransaction(TransactionAspectSupport.java:380)
	at app//org.springframework.transaction.interceptor.TransactionInterceptor.invoke(TransactionInterceptor.java:119)
	at app//org.springframework.aop.framework.ReflectiveMethodInvocation.proceed(ReflectiveMethodInvocation.java:184)
	at app//org.springframework.dao.support.PersistenceExceptionTranslationInterceptor.invoke(PersistenceExceptionTranslationInterceptor.java:138)
	... 20 more
</failure>
  </testcase>
  <testcase name="save_WithSignedDeal_ShouldPersistAllFields()" classname="at.backend.MarketingCompany.MarketingCampaing.crm.deal.persistence.DealRepositoryIntegrationTest" time="0.015">
    <failure message="org.springframework.orm.jpa.JpaObjectRetrievalFailureException: Unable to find at.backend.MarketingCompany.account.user.adapters.outbound.persistence.UserEntity with id fde72a0f-c878-46d8-bd9b-5bcacdf9b8b0" type="org.springframework.orm.jpa.JpaObjectRetrievalFailureException">org.springframework.orm.jpa.JpaObjectRetrievalFailureException: Unable to find at.backend.MarketingCompany.account.user.adapters.outbound.persistence.UserEntity with id fde72a0f-c878-46d8-bd9b-5bcacdf9b8b0
	at app//org.springframework.orm.jpa.EntityManagerFactoryUtils.convertJpaAccessExceptionIfPossible(EntityManagerFactoryUtils.java:376)
	at app//org.springframework.orm.jpa.vendor.HibernateJpaDialect.translateExceptionIfPossible(HibernateJpaDialect.java:246)
	at app//org.springframework.orm.jpa.AbstractEntityManagerFactoryBean.translateExceptionIfPossible(AbstractEntityManagerFactoryBean.java:560)
	at app//org.springframework.dao.support.ChainedPersistenceExceptionTranslator.translateExceptionIfPossible(ChainedPersistenceExceptionTranslator.java:61)
	at app//org.springframework.dao.support.DataAccessUtils.translateIfNecessary(DataAccessUtils.java:343)
	at app//org.springframework.dao.support.PersistenceExceptionTranslationInterceptor.invoke(PersistenceExceptionTranslationInterceptor.java:160)
	at app//org.springframework.aop.framework.ReflectiveMethodInvocation.proceed(ReflectiveMethodInvocation.java:184)
	at app//org.springframework.data.jpa.repository.support.CrudMethodMetadataPostProcessor$CrudMethodMetadataPopulatingMethodInterceptor.invoke(CrudMethodMetadataPostProcessor.java:165)
	at app//org.springframework.aop.framework.ReflectiveMethodInvocation.proceed(ReflectiveMethodInvocation.java:184)
	at app//org.springframework.aop.framework.JdkDynamicAopProxy.invoke(JdkDynamicAopProxy.java:223)
	at app/jdk.proxy3/jdk.proxy3.$Proxy194.save(Unknown Source)
	at app//at.backend.MarketingCompany.crm.deal.repository.persistence.repository.DealRepositoryImpl.save(DealRepositoryImpl.java:34)
	at java.base@23.0.2/jdk.internal.reflect.DirectMethodHandleAccessor.invoke(DirectMethodHandleAccessor.java:103)
	at java.base@23.0.2/java.lang.reflect.Method.invoke(Method.java:580)
	at app//org.springframework.aop.support.AopUtils.invokeJoinpointUsingReflection(AopUtils.java:359)
	at app//org.springframework.aop.framework.ReflectiveMethodInvocation.invokeJoinpoint(ReflectiveMethodInvocation.java:196)
	at app//org.springframework.aop.framework.ReflectiveMethodInvocation.proceed(ReflectiveMethodInvocation.java:163)
	at app//org.springframework.transaction.interceptor.TransactionAspectSupport.invokeWithinTransaction(TransactionAspectSupport.java:380)
	at app//org.springframework.transaction.interceptor.TransactionInterceptor.invoke(TransactionInterceptor.java:119)
	at app//org.springframework.aop.framework.ReflectiveMethodInvocation.proceed(ReflectiveMethodInvocation.java:184)
	at app//org.springframework.aop.framework.CglibAopProxy$DynamicAdvisedInterceptor.intercept(CglibAopProxy.java:727)
	at app//at.backend.MarketingCompany.crm.deal.repository.persistence.repository.DealRepositoryImpl$$SpringCGLIB$$0.save(&lt;generated&gt;)
	at app//at.backend.MarketingCompany.MarketingCampaing.crm.deal.persistence.DealRepositoryIntegrationTest.save_WithSignedDeal_ShouldPersistAllFields(DealRepositoryIntegrationTest.java:194)
	at java.base@23.0.2/java.lang.reflect.Method.invoke(Method.java:580)
	at java.base@23.0.2/java.util.ArrayList.forEach(ArrayList.java:1597)
	at java.base@23.0.2/java.util.ArrayList.forEach(ArrayList.java:1597)
Caused by: jakarta.persistence.EntityNotFoundException: Unable to find at.backend.MarketingCompany.account.user.adapters.outbound.persistence.UserEntity with id fde72a0f-c878-46d8-bd9b-5bcacdf9b8b0
	at app//org.hibernate.jpa.boot.internal.EntityManagerFactoryBuilderImpl$JpaEntityNotFoundDelegate.handleEntityNotFound(EntityManagerFactoryBuilderImpl.java:190)
	at app//org.hibernate.event.internal.DefaultLoadEventListener.load(DefaultLoadEventListener.java:211)
	at app//org.hibernate.event.internal.DefaultLoadEventListener.loadWithRegularProxy(DefaultLoadEventListener.java:289)
	at app//org.hibernate.event.internal.DefaultLoadEventListener.proxyOrLoad(DefaultLoadEventListener.java:241)
	at app//org.hibernate.event.internal.DefaultLoadEventListener.doOnLoad(DefaultLoadEventListener.java:110)
	at app//org.hibernate.event.internal.DefaultLoadEventListener.onLoad(DefaultLoadEventListener.java:69)
	at app//org.hibernate.event.service.internal.EventListenerGroupImpl.fireEventOnEachListener(EventListenerGroupImpl.java:138)
	at app//org.hibernate.internal.SessionImpl.fireLoadNoChecks(SessionImpl.java:1229)
	at app//org.hibernate.internal.SessionImpl.internalLoad(SessionImpl.java:1075)
	at app//org.hibernate.type.EntityType.resolveIdentifier(EntityType.java:740)
	at app//org.hibernate.type.EntityType.resolve(EntityType.java:453)
	at app//org.hibernate.type.EntityType.replace(EntityType.java:339)
	at app//org.hibernate.type.AbstractType.replace(AbstractType.java:125)
	at app//org.hibernate.type.TypeHelper.replace(TypeHelper.java:154)
	at app//org.hibernate.event.internal.DefaultMergeEventListener.copyValues(DefaultMergeEventListener.java:637)
	at app//org.hibernate.event.internal.DefaultMergeEventListener.entityIsTransient(DefaultMergeEventListener.java:303)
	at app//org.hibernate.event.internal.DefaultMergeEventListener.entityIsDetached(DefaultMergeEventListener.java:432)
	at app//org.hibernate.event.internal.DefaultMergeEventListener.merge(DefaultMergeEventListener.java:214)
	at app//org.hibernate.event.internal.DefaultMergeEventListener.doMerge(DefaultMergeEventListener.java:152)
	at app//org.hibernate.event.internal.DefaultMergeEventListener.onMerge(DefaultMergeEventListener.java:136)
	at app//org.hibernate.event.internal.DefaultMergeEventListener.onMerge(DefaultMergeEventListener.java:89)
	at app//org.hibernate.event.service.internal.EventListenerGroupImpl.fireEventOnEachListener(EventListenerGroupImpl.java:127)
	at app//org.hibernate.internal.SessionImpl.fireMerge(SessionImpl.java:854)
	at app//org.hibernate.internal.SessionImpl.merge(SessionImpl.java:840)
	at java.base@23.0.2/jdk.internal.reflect.DirectMethodHandleAccessor.invoke(DirectMethodHandleAccessor.java:103)
	at java.base@23.0.2/java.lang.reflect.Method.invoke(Method.java:580)
	at app//org.springframework.orm.jpa.SharedEntityManagerCreator$SharedEntityManagerInvocationHandler.invoke(SharedEntityManagerCreator.java:320)
	at app/jdk.proxy3/jdk.proxy3.$Proxy180.merge(Unknown Source)
	at app//org.springframework.data.jpa.repository.support.SimpleJpaRepository.save(SimpleJpaRepository.java:630)
	at java.base@23.0.2/jdk.internal.reflect.DirectMethodHandleAccessor.invoke(DirectMethodHandleAccessor.java:103)
	at java.base@23.0.2/java.lang.reflect.Method.invoke(Method.java:580)
	at app//org.springframework.aop.support.AopUtils.invokeJoinpointUsingReflection(AopUtils.java:359)
	at app//org.springframework.data.repository.core.support.RepositoryMethodInvoker$RepositoryFragmentMethodInvoker.lambda$new$0(RepositoryMethodInvoker.java:277)
	at app//org.springframework.data.repository.core.support.RepositoryMethodInvoker.doInvoke(RepositoryMethodInvoker.java:170)
	at app//org.springframework.data.repository.core.support.RepositoryMethodInvoker.invoke(RepositoryMethodInvoker.java:158)
	at app//org.springframework.data.repository.core.support.RepositoryComposition$RepositoryFragments.invoke(RepositoryComposition.java:515)
	at app//org.springframework.data.repository.core.support.RepositoryComposition.invoke(RepositoryComposition.java:284)
	at app//org.springframework.data.repository.core.support.RepositoryFactorySupport$ImplementationMethodExecutionInterceptor.invoke(RepositoryFactorySupport.java:752)
	at app//org.springframework.aop.framework.ReflectiveMethodInvocation.proceed(ReflectiveMethodInvocation.java:184)
	at app//org.springframework.data.repository.core.support.QueryExecutorMethodInterceptor.doInvoke(QueryExecutorMethodInterceptor.java:174)
	at app//org.springframework.data.repository.core.support.QueryExecutorMethodInterceptor.invoke(QueryExecutorMethodInterceptor.java:149)
	at app//org.springframework.aop.framework.ReflectiveMethodInvocation.proceed(ReflectiveMethodInvocation.java:184)
	at app//org.springframework.data.projection.DefaultMethodInvokingMethodInterceptor.invoke(DefaultMethodInvokingMethodInterceptor.java:69)
	at app//org.springframework.aop.framework.ReflectiveMethodInvocation.proceed(ReflectiveMethodInvocation.java:184)
	at app//org.springframework.transaction.interceptor.TransactionAspectSupport.invokeWithinTransaction(TransactionAspectSupport.java:380)
	at app//org.springframework.transaction.interceptor.TransactionInterceptor.invoke(TransactionInterceptor.java:119)
	at app//org.springframework.aop.framework.ReflectiveMethodInvocation.proceed(ReflectiveMethodInvocation.java:184)
	at app//org.springframework.dao.support.PersistenceExceptionTranslationInterceptor.invoke(PersistenceExceptionTranslationInterceptor.java:138)
	... 20 more
</failure>
  </testcase>
  <testcase name="existsById_WithExistingDeal_ShouldReturnTrue()" classname="at.backend.MarketingCompany.MarketingCampaing.crm.deal.persistence.DealRepositoryIntegrationTest" time="0.014">
    <failure message="org.springframework.orm.jpa.JpaObjectRetrievalFailureException: Unable to find at.backend.MarketingCompany.customer.infrastructure.adapter.output.persistence.entity.CustomerCompanyEntity with id 080befd8-fbe9-40be-b498-31b92e384fd4" type="org.springframework.orm.jpa.JpaObjectRetrievalFailureException">org.springframework.orm.jpa.JpaObjectRetrievalFailureException: Unable to find at.backend.MarketingCompany.customer.infrastructure.adapter.output.persistence.entity.CustomerCompanyEntity with id 080befd8-fbe9-40be-b498-31b92e384fd4
	at app//org.springframework.orm.jpa.EntityManagerFactoryUtils.convertJpaAccessExceptionIfPossible(EntityManagerFactoryUtils.java:376)
	at app//org.springframework.orm.jpa.vendor.HibernateJpaDialect.translateExceptionIfPossible(HibernateJpaDialect.java:246)
	at app//org.springframework.orm.jpa.AbstractEntityManagerFactoryBean.translateExceptionIfPossible(AbstractEntityManagerFactoryBean.java:560)
	at app//org.springframework.dao.support.ChainedPersistenceExceptionTranslator.translateExceptionIfPossible(ChainedPersistenceExceptionTranslator.java:61)
	at app//org.springframework.dao.support.DataAccessUtils.translateIfNecessary(DataAccessUtils.java:343)
	at app//org.springframework.dao.support.PersistenceExceptionTranslationInterceptor.invoke(PersistenceExceptionTranslationInterceptor.java:160)
	at app//org.springframework.aop.framework.ReflectiveMethodInvocation.proceed(ReflectiveMethodInvocation.java:184)
	at app//org.springframework.data.jpa.repository.support.CrudMethodMetadataPostProcessor$CrudMethodMetadataPopulatingMethodInterceptor.invoke(CrudMethodMetadataPostProcessor.java:165)
	at app//org.springframework.aop.framework.ReflectiveMethodInvocation.proceed(ReflectiveMethodInvocation.java:184)
	at app//org.springframework.aop.framework.JdkDynamicAopProxy.invoke(JdkDynamicAopProxy.java:223)
	at app/jdk.proxy3/jdk.proxy3.$Proxy194.save(Unknown Source)
	at app//at.backend.MarketingCompany.crm.deal.repository.persistence.repository.DealRepositoryImpl.save(DealRepositoryImpl.java:34)
	at java.base@23.0.2/jdk.internal.reflect.DirectMethodHandleAccessor.invoke(DirectMethodHandleAccessor.java:103)
	at java.base@23.0.2/java.lang.reflect.Method.invoke(Method.java:580)
	at app//org.springframework.aop.support.AopUtils.invokeJoinpointUsingReflection(AopUtils.java:359)
	at app//org.springframework.aop.framework.ReflectiveMethodInvocation.invokeJoinpoint(ReflectiveMethodInvocation.java:196)
	at app//org.springframework.aop.framework.ReflectiveMethodInvocation.proceed(ReflectiveMethodInvocation.java:163)
	at app//org.springframework.transaction.interceptor.TransactionAspectSupport.invokeWithinTransaction(TransactionAspectSupport.java:380)
	at app//org.springframework.transaction.interceptor.TransactionInterceptor.invoke(TransactionInterceptor.java:119)
	at app//org.springframework.aop.framework.ReflectiveMethodInvocation.proceed(ReflectiveMethodInvocation.java:184)
	at app//org.springframework.aop.framework.CglibAopProxy$DynamicAdvisedInterceptor.intercept(CglibAopProxy.java:727)
	at app//at.backend.MarketingCompany.crm.deal.repository.persistence.repository.DealRepositoryImpl$$SpringCGLIB$$0.save(&lt;generated&gt;)
	at app//at.backend.MarketingCompany.MarketingCampaing.crm.deal.persistence.DealRepositoryIntegrationTest.existsById_WithExistingDeal_ShouldReturnTrue(DealRepositoryIntegrationTest.java:244)
	at java.base@23.0.2/java.lang.reflect.Method.invoke(Method.java:580)
	at java.base@23.0.2/java.util.ArrayList.forEach(ArrayList.java:1597)
	at java.base@23.0.2/java.util.ArrayList.forEach(ArrayList.java:1597)
Caused by: jakarta.persistence.EntityNotFoundException: Unable to find at.backend.MarketingCompany.customer.infrastructure.adapter.output.persistence.entity.CustomerCompanyEntity with id 080befd8-fbe9-40be-b498-31b92e384fd4
	at app//org.hibernate.jpa.boot.internal.EntityManagerFactoryBuilderImpl$JpaEntityNotFoundDelegate.handleEntityNotFound(EntityManagerFactoryBuilderImpl.java:190)
	at app//org.hibernate.event.internal.DefaultLoadEventListener.load(DefaultLoadEventListener.java:211)
	at app//org.hibernate.event.internal.DefaultLoadEventListener.loadWithRegularProxy(DefaultLoadEventListener.java:289)
	at app//org.hibernate.event.internal.DefaultLoadEventListener.proxyOrLoad(DefaultLoadEventListener.java:241)
	at app//org.hibernate.event.internal.DefaultLoadEventListener.doOnLoad(DefaultLoadEventListener.java:110)
	at app//org.hibernate.event.internal.DefaultLoadEventListener.onLoad(DefaultLoadEventListener.java:69)
	at app//org.hibernate.event.service.internal.EventListenerGroupImpl.fireEventOnEachListener(EventListenerGroupImpl.java:138)
	at app//org.hibernate.internal.SessionImpl.fireLoadNoChecks(SessionImpl.java:1229)
	at app//org.hibernate.internal.SessionImpl.internalLoad(SessionImpl.java:1075)
	at app//org.hibernate.type.EntityType.resolveIdentifier(EntityType.java:740)
	at app//org.hibernate.type.EntityType.resolve(EntityType.java:453)
	at app//org.hibernate.type.EntityType.replace(EntityType.java:339)
	at app//org.hibernate.type.AbstractType.replace(AbstractType.java:125)
	at app//org.hibernate.type.TypeHelper.replace(TypeHelper.java:154)
	at app//org.hibernate.event.internal.DefaultMergeEventListener.copyValues(DefaultMergeEventListener.java:637)
	at app//org.hibernate.event.internal.DefaultMergeEventListener.entityIsTransient(DefaultMergeEventListener.java:303)
	at app//org.hibernate.event.internal.DefaultMergeEventListener.entityIsDetached(DefaultMergeEventListener.java:432)
	at app//org.hibernate.event.internal.DefaultMergeEventListener.merge(DefaultMergeEventListener.java:214)
	at app//org.hibernate.event.internal.DefaultMergeEventListener.doMerge(DefaultMergeEventListener.java:152)
	at app//org.hibernate.event.internal.DefaultMergeEventListener.onMerge(DefaultMergeEventListener.java:136)
	at app//org.hibernate.event.internal.DefaultMergeEventListener.onMerge(DefaultMergeEventListener.java:89)
	at app//org.hibernate.event.service.internal.EventListenerGroupImpl.fireEventOnEachListener(EventListenerGroupImpl.java:127)
	at app//org.hibernate.internal.SessionImpl.fireMerge(SessionImpl.java:854)
	at app//org.hibernate.internal.SessionImpl.merge(SessionImpl.java:840)
	at java.base@23.0.2/jdk.internal.reflect.DirectMethodHandleAccessor.invoke(DirectMethodHandleAccessor.java:103)
	at java.base@23.0.2/java.lang.reflect.Method.invoke(Method.java:580)
	at app//org.springframework.orm.jpa.SharedEntityManagerCreator$SharedEntityManagerInvocationHandler.invoke(SharedEntityManagerCreator.java:320)
	at app/jdk.proxy3/jdk.proxy3.$Proxy180.merge(Unknown Source)
	at app//org.springframework.data.jpa.repository.support.SimpleJpaRepository.save(SimpleJpaRepository.java:630)
	at java.base@23.0.2/jdk.internal.reflect.DirectMethodHandleAccessor.invoke(DirectMethodHandleAccessor.java:103)
	at java.base@23.0.2/java.lang.reflect.Method.invoke(Method.java:580)
	at app//org.springframework.aop.support.AopUtils.invokeJoinpointUsingReflection(AopUtils.java:359)
	at app//org.springframework.data.repository.core.support.RepositoryMethodInvoker$RepositoryFragmentMethodInvoker.lambda$new$0(RepositoryMethodInvoker.java:277)
	at app//org.springframework.data.repository.core.support.RepositoryMethodInvoker.doInvoke(RepositoryMethodInvoker.java:170)
	at app//org.springframework.data.repository.core.support.RepositoryMethodInvoker.invoke(RepositoryMethodInvoker.java:158)
	at app//org.springframework.data.repository.core.support.RepositoryComposition$RepositoryFragments.invoke(RepositoryComposition.java:515)
	at app//org.springframework.data.repository.core.support.RepositoryComposition.invoke(RepositoryComposition.java:284)
	at app//org.springframework.data.repository.core.support.RepositoryFactorySupport$ImplementationMethodExecutionInterceptor.invoke(RepositoryFactorySupport.java:752)
	at app//org.springframework.aop.framework.ReflectiveMethodInvocation.proceed(ReflectiveMethodInvocation.java:184)
	at app//org.springframework.data.repository.core.support.QueryExecutorMethodInterceptor.doInvoke(QueryExecutorMethodInterceptor.java:174)
	at app//org.springframework.data.repository.core.support.QueryExecutorMethodInterceptor.invoke(QueryExecutorMethodInterceptor.java:149)
	at app//org.springframework.aop.framework.ReflectiveMethodInvocation.proceed(ReflectiveMethodInvocation.java:184)
	at app//org.springframework.data.projection.DefaultMethodInvokingMethodInterceptor.invoke(DefaultMethodInvokingMethodInterceptor.java:69)
	at app//org.springframework.aop.framework.ReflectiveMethodInvocation.proceed(ReflectiveMethodInvocation.java:184)
	at app//org.springframework.transaction.interceptor.TransactionAspectSupport.invokeWithinTransaction(TransactionAspectSupport.java:380)
	at app//org.springframework.transaction.interceptor.TransactionInterceptor.invoke(TransactionInterceptor.java:119)
	at app//org.springframework.aop.framework.ReflectiveMethodInvocation.proceed(ReflectiveMethodInvocation.java:184)
	at app//org.springframework.dao.support.PersistenceExceptionTranslationInterceptor.invoke(PersistenceExceptionTranslationInterceptor.java:138)
	... 20 more
</failure>
  </testcase>
  <testcase name="updateServicePackages_ShouldPersistChanges()" classname="at.backend.MarketingCompany.MarketingCampaing.crm.deal.persistence.DealRepositoryIntegrationTest" time="0.015">
    <failure message="org.springframework.orm.jpa.JpaObjectRetrievalFailureException: Unable to find at.backend.MarketingCompany.customer.infrastructure.adapter.output.persistence.entity.CustomerCompanyEntity with id 0f11077c-1a5e-439e-a69b-c51d7df9cbe2" type="org.springframework.orm.jpa.JpaObjectRetrievalFailureException">org.springframework.orm.jpa.JpaObjectRetrievalFailureException: Unable to find at.backend.MarketingCompany.customer.infrastructure.adapter.output.persistence.entity.CustomerCompanyEntity with id 0f11077c-1a5e-439e-a69b-c51d7df9cbe2
	at app//org.springframework.orm.jpa.EntityManagerFactoryUtils.convertJpaAccessExceptionIfPossible(EntityManagerFactoryUtils.java:376)
	at app//org.springframework.orm.jpa.vendor.HibernateJpaDialect.translateExceptionIfPossible(HibernateJpaDialect.java:246)
	at app//org.springframework.orm.jpa.AbstractEntityManagerFactoryBean.translateExceptionIfPossible(AbstractEntityManagerFactoryBean.java:560)
	at app//org.springframework.dao.support.ChainedPersistenceExceptionTranslator.translateExceptionIfPossible(ChainedPersistenceExceptionTranslator.java:61)
	at app//org.springframework.dao.support.DataAccessUtils.translateIfNecessary(DataAccessUtils.java:343)
	at app//org.springframework.dao.support.PersistenceExceptionTranslationInterceptor.invoke(PersistenceExceptionTranslationInterceptor.java:160)
	at app//org.springframework.aop.framework.ReflectiveMethodInvocation.proceed(ReflectiveMethodInvocation.java:184)
	at app//org.springframework.data.jpa.repository.support.CrudMethodMetadataPostProcessor$CrudMethodMetadataPopulatingMethodInterceptor.invoke(CrudMethodMetadataPostProcessor.java:165)
	at app//org.springframework.aop.framework.ReflectiveMethodInvocation.proceed(ReflectiveMethodInvocation.java:184)
	at app//org.springframework.aop.framework.JdkDynamicAopProxy.invoke(JdkDynamicAopProxy.java:223)
	at app/jdk.proxy3/jdk.proxy3.$Proxy194.save(Unknown Source)
	at app//at.backend.MarketingCompany.crm.deal.repository.persistence.repository.DealRepositoryImpl.save(DealRepositoryImpl.java:34)
	at java.base@23.0.2/jdk.internal.reflect.DirectMethodHandleAccessor.invoke(DirectMethodHandleAccessor.java:103)
	at java.base@23.0.2/java.lang.reflect.Method.invoke(Method.java:580)
	at app//org.springframework.aop.support.AopUtils.invokeJoinpointUsingReflection(AopUtils.java:359)
	at app//org.springframework.aop.framework.ReflectiveMethodInvocation.invokeJoinpoint(ReflectiveMethodInvocation.java:196)
	at app//org.springframework.aop.framework.ReflectiveMethodInvocation.proceed(ReflectiveMethodInvocation.java:163)
	at app//org.springframework.transaction.interceptor.TransactionAspectSupport.invokeWithinTransaction(TransactionAspectSupport.java:380)
	at app//org.springframework.transaction.interceptor.TransactionInterceptor.invoke(TransactionInterceptor.java:119)
	at app//org.springframework.aop.framework.ReflectiveMethodInvocation.proceed(ReflectiveMethodInvocation.java:184)
	at app//org.springframework.aop.framework.CglibAopProxy$DynamicAdvisedInterceptor.intercept(CglibAopProxy.java:727)
	at app//at.backend.MarketingCompany.crm.deal.repository.persistence.repository.DealRepositoryImpl$$SpringCGLIB$$0.save(&lt;generated&gt;)
	at app//at.backend.MarketingCompany.MarketingCampaing.crm.deal.persistence.DealRepositoryIntegrationTest.updateServicePackages_ShouldPersistChanges(DealRepositoryIntegrationTest.java:283)
	at java.base@23.0.2/java.lang.reflect.Method.invoke(Method.java:580)
	at java.base@23.0.2/java.util.ArrayList.forEach(ArrayList.java:1597)
	at java.base@23.0.2/java.util.ArrayList.forEach(ArrayList.java:1597)
Caused by: jakarta.persistence.EntityNotFoundException: Unable to find at.backend.MarketingCompany.customer.infrastructure.adapter.output.persistence.entity.CustomerCompanyEntity with id 0f11077c-1a5e-439e-a69b-c51d7df9cbe2
	at app//org.hibernate.jpa.boot.internal.EntityManagerFactoryBuilderImpl$JpaEntityNotFoundDelegate.handleEntityNotFound(EntityManagerFactoryBuilderImpl.java:190)
	at app//org.hibernate.event.internal.DefaultLoadEventListener.load(DefaultLoadEventListener.java:211)
	at app//org.hibernate.event.internal.DefaultLoadEventListener.loadWithRegularProxy(DefaultLoadEventListener.java:289)
	at app//org.hibernate.event.internal.DefaultLoadEventListener.proxyOrLoad(DefaultLoadEventListener.java:241)
	at app//org.hibernate.event.internal.DefaultLoadEventListener.doOnLoad(DefaultLoadEventListener.java:110)
	at app//org.hibernate.event.internal.DefaultLoadEventListener.onLoad(DefaultLoadEventListener.java:69)
	at app//org.hibernate.event.service.internal.EventListenerGroupImpl.fireEventOnEachListener(EventListenerGroupImpl.java:138)
	at app//org.hibernate.internal.SessionImpl.fireLoadNoChecks(SessionImpl.java:1229)
	at app//org.hibernate.internal.SessionImpl.internalLoad(SessionImpl.java:1075)
	at app//org.hibernate.type.EntityType.resolveIdentifier(EntityType.java:740)
	at app//org.hibernate.type.EntityType.resolve(EntityType.java:453)
	at app//org.hibernate.type.EntityType.replace(EntityType.java:339)
	at app//org.hibernate.type.AbstractType.replace(AbstractType.java:125)
	at app//org.hibernate.type.TypeHelper.replace(TypeHelper.java:154)
	at app//org.hibernate.event.internal.DefaultMergeEventListener.copyValues(DefaultMergeEventListener.java:637)
	at app//org.hibernate.event.internal.DefaultMergeEventListener.entityIsTransient(DefaultMergeEventListener.java:303)
	at app//org.hibernate.event.internal.DefaultMergeEventListener.entityIsDetached(DefaultMergeEventListener.java:432)
	at app//org.hibernate.event.internal.DefaultMergeEventListener.merge(DefaultMergeEventListener.java:214)
	at app//org.hibernate.event.internal.DefaultMergeEventListener.doMerge(DefaultMergeEventListener.java:152)
	at app//org.hibernate.event.internal.DefaultMergeEventListener.onMerge(DefaultMergeEventListener.java:136)
	at app//org.hibernate.event.internal.DefaultMergeEventListener.onMerge(DefaultMergeEventListener.java:89)
	at app//org.hibernate.event.service.internal.EventListenerGroupImpl.fireEventOnEachListener(EventListenerGroupImpl.java:127)
	at app//org.hibernate.internal.SessionImpl.fireMerge(SessionImpl.java:854)
	at app//org.hibernate.internal.SessionImpl.merge(SessionImpl.java:840)
	at java.base@23.0.2/jdk.internal.reflect.DirectMethodHandleAccessor.invoke(DirectMethodHandleAccessor.java:103)
	at java.base@23.0.2/java.lang.reflect.Method.invoke(Method.java:580)
	at app//org.springframework.orm.jpa.SharedEntityManagerCreator$SharedEntityManagerInvocationHandler.invoke(SharedEntityManagerCreator.java:320)
	at app/jdk.proxy3/jdk.proxy3.$Proxy180.merge(Unknown Source)
	at app//org.springframework.data.jpa.repository.support.SimpleJpaRepository.save(SimpleJpaRepository.java:630)
	at java.base@23.0.2/jdk.internal.reflect.DirectMethodHandleAccessor.invoke(DirectMethodHandleAccessor.java:103)
	at java.base@23.0.2/java.lang.reflect.Method.invoke(Method.java:580)
	at app//org.springframework.aop.support.AopUtils.invokeJoinpointUsingReflection(AopUtils.java:359)
	at app//org.springframework.data.repository.core.support.RepositoryMethodInvoker$RepositoryFragmentMethodInvoker.lambda$new$0(RepositoryMethodInvoker.java:277)
	at app//org.springframework.data.repository.core.support.RepositoryMethodInvoker.doInvoke(RepositoryMethodInvoker.java:170)
	at app//org.springframework.data.repository.core.support.RepositoryMethodInvoker.invoke(RepositoryMethodInvoker.java:158)
	at app//org.springframework.data.repository.core.support.RepositoryComposition$RepositoryFragments.invoke(RepositoryComposition.java:515)
	at app//org.springframework.data.repository.core.support.RepositoryComposition.invoke(RepositoryComposition.java:284)
	at app//org.springframework.data.repository.core.support.RepositoryFactorySupport$ImplementationMethodExecutionInterceptor.invoke(RepositoryFactorySupport.java:752)
	at app//org.springframework.aop.framework.ReflectiveMethodInvocation.proceed(ReflectiveMethodInvocation.java:184)
	at app//org.springframework.data.repository.core.support.QueryExecutorMethodInterceptor.doInvoke(QueryExecutorMethodInterceptor.java:174)
	at app//org.springframework.data.repository.core.support.QueryExecutorMethodInterceptor.invoke(QueryExecutorMethodInterceptor.java:149)
	at app//org.springframework.aop.framework.ReflectiveMethodInvocation.proceed(ReflectiveMethodInvocation.java:184)
	at app//org.springframework.data.projection.DefaultMethodInvokingMethodInterceptor.invoke(DefaultMethodInvokingMethodInterceptor.java:69)
	at app//org.springframework.aop.framework.ReflectiveMethodInvocation.proceed(ReflectiveMethodInvocation.java:184)
	at app//org.springframework.transaction.interceptor.TransactionAspectSupport.invokeWithinTransaction(TransactionAspectSupport.java:380)
	at app//org.springframework.transaction.interceptor.TransactionInterceptor.invoke(TransactionInterceptor.java:119)
	at app//org.springframework.aop.framework.ReflectiveMethodInvocation.proceed(ReflectiveMethodInvocation.java:184)
	at app//org.springframework.dao.support.PersistenceExceptionTranslationInterceptor.invoke(PersistenceExceptionTranslationInterceptor.java:138)
	... 20 more
</failure>
  </testcase>
  <testcase name="findByStatuses_WithMultipleStatuses_ShouldReturnFilteredDeals()" classname="at.backend.MarketingCompany.MarketingCampaing.crm.deal.persistence.DealRepositoryIntegrationTest" time="0.015">
    <failure message="org.springframework.orm.jpa.JpaObjectRetrievalFailureException: Unable to find at.backend.MarketingCompany.customer.infrastructure.adapter.output.persistence.entity.CustomerCompanyEntity with id 05774779-23b1-4bb2-ad11-00cadbd0e787" type="org.springframework.orm.jpa.JpaObjectRetrievalFailureException">org.springframework.orm.jpa.JpaObjectRetrievalFailureException: Unable to find at.backend.MarketingCompany.customer.infrastructure.adapter.output.persistence.entity.CustomerCompanyEntity with id 05774779-23b1-4bb2-ad11-00cadbd0e787
	at app//org.springframework.orm.jpa.EntityManagerFactoryUtils.convertJpaAccessExceptionIfPossible(EntityManagerFactoryUtils.java:376)
	at app//org.springframework.orm.jpa.vendor.HibernateJpaDialect.translateExceptionIfPossible(HibernateJpaDialect.java:246)
	at app//org.springframework.orm.jpa.AbstractEntityManagerFactoryBean.translateExceptionIfPossible(AbstractEntityManagerFactoryBean.java:560)
	at app//org.springframework.dao.support.ChainedPersistenceExceptionTranslator.translateExceptionIfPossible(ChainedPersistenceExceptionTranslator.java:61)
	at app//org.springframework.dao.support.DataAccessUtils.translateIfNecessary(DataAccessUtils.java:343)
	at app//org.springframework.dao.support.PersistenceExceptionTranslationInterceptor.invoke(PersistenceExceptionTranslationInterceptor.java:160)
	at app//org.springframework.aop.framework.ReflectiveMethodInvocation.proceed(ReflectiveMethodInvocation.java:184)
	at app//org.springframework.data.jpa.repository.support.CrudMethodMetadataPostProcessor$CrudMethodMetadataPopulatingMethodInterceptor.invoke(CrudMethodMetadataPostProcessor.java:165)
	at app//org.springframework.aop.framework.ReflectiveMethodInvocation.proceed(ReflectiveMethodInvocation.java:184)
	at app//org.springframework.aop.framework.JdkDynamicAopProxy.invoke(JdkDynamicAopProxy.java:223)
	at app/jdk.proxy3/jdk.proxy3.$Proxy194.save(Unknown Source)
	at app//at.backend.MarketingCompany.crm.deal.repository.persistence.repository.DealRepositoryImpl.save(DealRepositoryImpl.java:34)
	at java.base@23.0.2/jdk.internal.reflect.DirectMethodHandleAccessor.invoke(DirectMethodHandleAccessor.java:103)
	at java.base@23.0.2/java.lang.reflect.Method.invoke(Method.java:580)
	at app//org.springframework.aop.support.AopUtils.invokeJoinpointUsingReflection(AopUtils.java:359)
	at app//org.springframework.aop.framework.ReflectiveMethodInvocation.invokeJoinpoint(ReflectiveMethodInvocation.java:196)
	at app//org.springframework.aop.framework.ReflectiveMethodInvocation.proceed(ReflectiveMethodInvocation.java:163)
	at app//org.springframework.transaction.interceptor.TransactionAspectSupport.invokeWithinTransaction(TransactionAspectSupport.java:380)
	at app//org.springframework.transaction.interceptor.TransactionInterceptor.invoke(TransactionInterceptor.java:119)
	at app//org.springframework.aop.framework.ReflectiveMethodInvocation.proceed(ReflectiveMethodInvocation.java:184)
	at app//org.springframework.aop.framework.CglibAopProxy$DynamicAdvisedInterceptor.intercept(CglibAopProxy.java:727)
	at app//at.backend.MarketingCompany.crm.deal.repository.persistence.repository.DealRepositoryImpl$$SpringCGLIB$$0.save(&lt;generated&gt;)
	at app//at.backend.MarketingCompany.MarketingCampaing.crm.deal.persistence.DealRepositoryIntegrationTest.findByStatuses_WithMultipleStatuses_ShouldReturnFilteredDeals(DealRepositoryIntegrationTest.java:167)
	at java.base@23.0.2/java.lang.reflect.Method.invoke(Method.java:580)
	at java.base@23.0.2/java.util.ArrayList.forEach(ArrayList.java:1597)
	at java.base@23.0.2/java.util.ArrayList.forEach(ArrayList.java:1597)
Caused by: jakarta.persistence.EntityNotFoundException: Unable to find at.backend.MarketingCompany.customer.infrastructure.adapter.output.persistence.entity.CustomerCompanyEntity with id 05774779-23b1-4bb2-ad11-00cadbd0e787
	at app//org.hibernate.jpa.boot.internal.EntityManagerFactoryBuilderImpl$JpaEntityNotFoundDelegate.handleEntityNotFound(EntityManagerFactoryBuilderImpl.java:190)
	at app//org.hibernate.event.internal.DefaultLoadEventListener.load(DefaultLoadEventListener.java:211)
	at app//org.hibernate.event.internal.DefaultLoadEventListener.loadWithRegularProxy(DefaultLoadEventListener.java:289)
	at app//org.hibernate.event.internal.DefaultLoadEventListener.proxyOrLoad(DefaultLoadEventListener.java:241)
	at app//org.hibernate.event.internal.DefaultLoadEventListener.doOnLoad(DefaultLoadEventListener.java:110)
	at app//org.hibernate.event.internal.DefaultLoadEventListener.onLoad(DefaultLoadEventListener.java:69)
	at app//org.hibernate.event.service.internal.EventListenerGroupImpl.fireEventOnEachListener(EventListenerGroupImpl.java:138)
	at app//org.hibernate.internal.SessionImpl.fireLoadNoChecks(SessionImpl.java:1229)
	at app//org.hibernate.internal.SessionImpl.internalLoad(SessionImpl.java:1075)
	at app//org.hibernate.type.EntityType.resolveIdentifier(EntityType.java:740)
	at app//org.hibernate.type.EntityType.resolve(EntityType.java:453)
	at app//org.hibernate.type.EntityType.replace(EntityType.java:339)
	at app//org.hibernate.type.AbstractType.replace(AbstractType.java:125)
	at app//org.hibernate.type.TypeHelper.replace(TypeHelper.java:154)
	at app//org.hibernate.event.internal.DefaultMergeEventListener.copyValues(DefaultMergeEventListener.java:637)
	at app//org.hibernate.event.internal.DefaultMergeEventListener.entityIsTransient(DefaultMergeEventListener.java:303)
	at app//org.hibernate.event.internal.DefaultMergeEventListener.entityIsDetached(DefaultMergeEventListener.java:432)
	at app//org.hibernate.event.internal.DefaultMergeEventListener.merge(DefaultMergeEventListener.java:214)
	at app//org.hibernate.event.internal.DefaultMergeEventListener.doMerge(DefaultMergeEventListener.java:152)
	at app//org.hibernate.event.internal.DefaultMergeEventListener.onMerge(DefaultMergeEventListener.java:136)
	at app//org.hibernate.event.internal.DefaultMergeEventListener.onMerge(DefaultMergeEventListener.java:89)
	at app//org.hibernate.event.service.internal.EventListenerGroupImpl.fireEventOnEachListener(EventListenerGroupImpl.java:127)
	at app//org.hibernate.internal.SessionImpl.fireMerge(SessionImpl.java:854)
	at app//org.hibernate.internal.SessionImpl.merge(SessionImpl.java:840)
	at java.base@23.0.2/jdk.internal.reflect.DirectMethodHandleAccessor.invoke(DirectMethodHandleAccessor.java:103)
	at java.base@23.0.2/java.lang.reflect.Method.invoke(Method.java:580)
	at app//org.springframework.orm.jpa.SharedEntityManagerCreator$SharedEntityManagerInvocationHandler.invoke(SharedEntityManagerCreator.java:320)
	at app/jdk.proxy3/jdk.proxy3.$Proxy180.merge(Unknown Source)
	at app//org.springframework.data.jpa.repository.support.SimpleJpaRepository.save(SimpleJpaRepository.java:630)
	at java.base@23.0.2/jdk.internal.reflect.DirectMethodHandleAccessor.invoke(DirectMethodHandleAccessor.java:103)
	at java.base@23.0.2/java.lang.reflect.Method.invoke(Method.java:580)
	at app//org.springframework.aop.support.AopUtils.invokeJoinpointUsingReflection(AopUtils.java:359)
	at app//org.springframework.data.repository.core.support.RepositoryMethodInvoker$RepositoryFragmentMethodInvoker.lambda$new$0(RepositoryMethodInvoker.java:277)
	at app//org.springframework.data.repository.core.support.RepositoryMethodInvoker.doInvoke(RepositoryMethodInvoker.java:170)
	at app//org.springframework.data.repository.core.support.RepositoryMethodInvoker.invoke(RepositoryMethodInvoker.java:158)
	at app//org.springframework.data.repository.core.support.RepositoryComposition$RepositoryFragments.invoke(RepositoryComposition.java:515)
	at app//org.springframework.data.repository.core.support.RepositoryComposition.invoke(RepositoryComposition.java:284)
	at app//org.springframework.data.repository.core.support.RepositoryFactorySupport$ImplementationMethodExecutionInterceptor.invoke(RepositoryFactorySupport.java:752)
	at app//org.springframework.aop.framework.ReflectiveMethodInvocation.proceed(ReflectiveMethodInvocation.java:184)
	at app//org.springframework.data.repository.core.support.QueryExecutorMethodInterceptor.doInvoke(QueryExecutorMethodInterceptor.java:174)
	at app//org.springframework.data.repository.core.support.QueryExecutorMethodInterceptor.invoke(QueryExecutorMethodInterceptor.java:149)
	at app//org.springframework.aop.framework.ReflectiveMethodInvocation.proceed(ReflectiveMethodInvocation.java:184)
	at app//org.springframework.data.projection.DefaultMethodInvokingMethodInterceptor.invoke(DefaultMethodInvokingMethodInterceptor.java:69)
	at app//org.springframework.aop.framework.ReflectiveMethodInvocation.proceed(ReflectiveMethodInvocation.java:184)
	at app//org.springframework.transaction.interceptor.TransactionAspectSupport.invokeWithinTransaction(TransactionAspectSupport.java:380)
	at app//org.springframework.transaction.interceptor.TransactionInterceptor.invoke(TransactionInterceptor.java:119)
	at app//org.springframework.aop.framework.ReflectiveMethodInvocation.proceed(ReflectiveMethodInvocation.java:184)
	at app//org.springframework.dao.support.PersistenceExceptionTranslationInterceptor.invoke(PersistenceExceptionTranslationInterceptor.java:138)
	... 20 more
</failure>
  </testcase>
  <testcase name="findById_WithExistingDeal_ShouldReturnDeal()" classname="at.backend.MarketingCompany.MarketingCampaing.crm.deal.persistence.DealRepositoryIntegrationTest" time="0.015">
    <failure message="org.springframework.orm.jpa.JpaObjectRetrievalFailureException: Unable to find at.backend.MarketingCompany.customer.infrastructure.adapter.output.persistence.entity.CustomerCompanyEntity with id 66c12fa4-1d52-4c34-ac14-14b7f5da6b87" type="org.springframework.orm.jpa.JpaObjectRetrievalFailureException">org.springframework.orm.jpa.JpaObjectRetrievalFailureException: Unable to find at.backend.MarketingCompany.customer.infrastructure.adapter.output.persistence.entity.CustomerCompanyEntity with id 66c12fa4-1d52-4c34-ac14-14b7f5da6b87
	at app//org.springframework.orm.jpa.EntityManagerFactoryUtils.convertJpaAccessExceptionIfPossible(EntityManagerFactoryUtils.java:376)
	at app//org.springframework.orm.jpa.vendor.HibernateJpaDialect.translateExceptionIfPossible(HibernateJpaDialect.java:246)
	at app//org.springframework.orm.jpa.AbstractEntityManagerFactoryBean.translateExceptionIfPossible(AbstractEntityManagerFactoryBean.java:560)
	at app//org.springframework.dao.support.ChainedPersistenceExceptionTranslator.translateExceptionIfPossible(ChainedPersistenceExceptionTranslator.java:61)
	at app//org.springframework.dao.support.DataAccessUtils.translateIfNecessary(DataAccessUtils.java:343)
	at app//org.springframework.dao.support.PersistenceExceptionTranslationInterceptor.invoke(PersistenceExceptionTranslationInterceptor.java:160)
	at app//org.springframework.aop.framework.ReflectiveMethodInvocation.proceed(ReflectiveMethodInvocation.java:184)
	at app//org.springframework.data.jpa.repository.support.CrudMethodMetadataPostProcessor$CrudMethodMetadataPopulatingMethodInterceptor.invoke(CrudMethodMetadataPostProcessor.java:165)
	at app//org.springframework.aop.framework.ReflectiveMethodInvocation.proceed(ReflectiveMethodInvocation.java:184)
	at app//org.springframework.aop.framework.JdkDynamicAopProxy.invoke(JdkDynamicAopProxy.java:223)
	at app/jdk.proxy3/jdk.proxy3.$Proxy194.save(Unknown Source)
	at app//at.backend.MarketingCompany.crm.deal.repository.persistence.repository.DealRepositoryImpl.save(DealRepositoryImpl.java:34)
	at java.base@23.0.2/jdk.internal.reflect.DirectMethodHandleAccessor.invoke(DirectMethodHandleAccessor.java:103)
	at java.base@23.0.2/java.lang.reflect.Method.invoke(Method.java:580)
	at app//org.springframework.aop.support.AopUtils.invokeJoinpointUsingReflection(AopUtils.java:359)
	at app//org.springframework.aop.framework.ReflectiveMethodInvocation.invokeJoinpoint(ReflectiveMethodInvocation.java:196)
	at app//org.springframework.aop.framework.ReflectiveMethodInvocation.proceed(ReflectiveMethodInvocation.java:163)
	at app//org.springframework.transaction.interceptor.TransactionAspectSupport.invokeWithinTransaction(TransactionAspectSupport.java:380)
	at app//org.springframework.transaction.interceptor.TransactionInterceptor.invoke(TransactionInterceptor.java:119)
	at app//org.springframework.aop.framework.ReflectiveMethodInvocation.proceed(ReflectiveMethodInvocation.java:184)
	at app//org.springframework.aop.framework.CglibAopProxy$DynamicAdvisedInterceptor.intercept(CglibAopProxy.java:727)
	at app//at.backend.MarketingCompany.crm.deal.repository.persistence.repository.DealRepositoryImpl$$SpringCGLIB$$0.save(&lt;generated&gt;)
	at app//at.backend.MarketingCompany.MarketingCampaing.crm.deal.persistence.DealRepositoryIntegrationTest.findById_WithExistingDeal_ShouldReturnDeal(DealRepositoryIntegrationTest.java:116)
	at java.base@23.0.2/java.lang.reflect.Method.invoke(Method.java:580)
	at java.base@23.0.2/java.util.ArrayList.forEach(ArrayList.java:1597)
	at java.base@23.0.2/java.util.ArrayList.forEach(ArrayList.java:1597)
Caused by: jakarta.persistence.EntityNotFoundException: Unable to find at.backend.MarketingCompany.customer.infrastructure.adapter.output.persistence.entity.CustomerCompanyEntity with id 66c12fa4-1d52-4c34-ac14-14b7f5da6b87
	at app//org.hibernate.jpa.boot.internal.EntityManagerFactoryBuilderImpl$JpaEntityNotFoundDelegate.handleEntityNotFound(EntityManagerFactoryBuilderImpl.java:190)
	at app//org.hibernate.event.internal.DefaultLoadEventListener.load(DefaultLoadEventListener.java:211)
	at app//org.hibernate.event.internal.DefaultLoadEventListener.loadWithRegularProxy(DefaultLoadEventListener.java:289)
	at app//org.hibernate.event.internal.DefaultLoadEventListener.proxyOrLoad(DefaultLoadEventListener.java:241)
	at app//org.hibernate.event.internal.DefaultLoadEventListener.doOnLoad(DefaultLoadEventListener.java:110)
	at app//org.hibernate.event.internal.DefaultLoadEventListener.onLoad(DefaultLoadEventListener.java:69)
	at app//org.hibernate.event.service.internal.EventListenerGroupImpl.fireEventOnEachListener(EventListenerGroupImpl.java:138)
	at app//org.hibernate.internal.SessionImpl.fireLoadNoChecks(SessionImpl.java:1229)
	at app//org.hibernate.internal.SessionImpl.internalLoad(SessionImpl.java:1075)
	at app//org.hibernate.type.EntityType.resolveIdentifier(EntityType.java:740)
	at app//org.hibernate.type.EntityType.resolve(EntityType.java:453)
	at app//org.hibernate.type.EntityType.replace(EntityType.java:339)
	at app//org.hibernate.type.AbstractType.replace(AbstractType.java:125)
	at app//org.hibernate.type.TypeHelper.replace(TypeHelper.java:154)
	at app//org.hibernate.event.internal.DefaultMergeEventListener.copyValues(DefaultMergeEventListener.java:637)
	at app//org.hibernate.event.internal.DefaultMergeEventListener.entityIsTransient(DefaultMergeEventListener.java:303)
	at app//org.hibernate.event.internal.DefaultMergeEventListener.entityIsDetached(DefaultMergeEventListener.java:432)
	at app//org.hibernate.event.internal.DefaultMergeEventListener.merge(DefaultMergeEventListener.java:214)
	at app//org.hibernate.event.internal.DefaultMergeEventListener.doMerge(DefaultMergeEventListener.java:152)
	at app//org.hibernate.event.internal.DefaultMergeEventListener.onMerge(DefaultMergeEventListener.java:136)
	at app//org.hibernate.event.internal.DefaultMergeEventListener.onMerge(DefaultMergeEventListener.java:89)
	at app//org.hibernate.event.service.internal.EventListenerGroupImpl.fireEventOnEachListener(EventListenerGroupImpl.java:127)
	at app//org.hibernate.internal.SessionImpl.fireMerge(SessionImpl.java:854)
	at app//org.hibernate.internal.SessionImpl.merge(SessionImpl.java:840)
	at java.base@23.0.2/jdk.internal.reflect.DirectMethodHandleAccessor.invoke(DirectMethodHandleAccessor.java:103)
	at java.base@23.0.2/java.lang.reflect.Method.invoke(Method.java:580)
	at app//org.springframework.orm.jpa.SharedEntityManagerCreator$SharedEntityManagerInvocationHandler.invoke(SharedEntityManagerCreator.java:320)
	at app/jdk.proxy3/jdk.proxy3.$Proxy180.merge(Unknown Source)
	at app//org.springframework.data.jpa.repository.support.SimpleJpaRepository.save(SimpleJpaRepository.java:630)
	at java.base@23.0.2/jdk.internal.reflect.DirectMethodHandleAccessor.invoke(DirectMethodHandleAccessor.java:103)
	at java.base@23.0.2/java.lang.reflect.Method.invoke(Method.java:580)
	at app//org.springframework.aop.support.AopUtils.invokeJoinpointUsingReflection(AopUtils.java:359)
	at app//org.springframework.data.repository.core.support.RepositoryMethodInvoker$RepositoryFragmentMethodInvoker.lambda$new$0(RepositoryMethodInvoker.java:277)
	at app//org.springframework.data.repository.core.support.RepositoryMethodInvoker.doInvoke(RepositoryMethodInvoker.java:170)
	at app//org.springframework.data.repository.core.support.RepositoryMethodInvoker.invoke(RepositoryMethodInvoker.java:158)
	at app//org.springframework.data.repository.core.support.RepositoryComposition$RepositoryFragments.invoke(RepositoryComposition.java:515)
	at app//org.springframework.data.repository.core.support.RepositoryComposition.invoke(RepositoryComposition.java:284)
	at app//org.springframework.data.repository.core.support.RepositoryFactorySupport$ImplementationMethodExecutionInterceptor.invoke(RepositoryFactorySupport.java:752)
	at app//org.springframework.aop.framework.ReflectiveMethodInvocation.proceed(ReflectiveMethodInvocation.java:184)
	at app//org.springframework.data.repository.core.support.QueryExecutorMethodInterceptor.doInvoke(QueryExecutorMethodInterceptor.java:174)
	at app//org.springframework.data.repository.core.support.QueryExecutorMethodInterceptor.invoke(QueryExecutorMethodInterceptor.java:149)
	at app//org.springframework.aop.framework.ReflectiveMethodInvocation.proceed(ReflectiveMethodInvocation.java:184)
	at app//org.springframework.data.projection.DefaultMethodInvokingMethodInterceptor.invoke(DefaultMethodInvokingMethodInterceptor.java:69)
	at app//org.springframework.aop.framework.ReflectiveMethodInvocation.proceed(ReflectiveMethodInvocation.java:184)
	at app//org.springframework.transaction.interceptor.TransactionAspectSupport.invokeWithinTransaction(TransactionAspectSupport.java:380)
	at app//org.springframework.transaction.interceptor.TransactionInterceptor.invoke(TransactionInterceptor.java:119)
	at app//org.springframework.aop.framework.ReflectiveMethodInvocation.proceed(ReflectiveMethodInvocation.java:184)
	at app//org.springframework.dao.support.PersistenceExceptionTranslationInterceptor.invoke(PersistenceExceptionTranslationInterceptor.java:138)
	... 20 more
</failure>
  </testcase>
  <testcase name="findById_WithNonExistentDeal_ShouldReturnEmpty()" classname="at.backend.MarketingCompany.MarketingCampaing.crm.deal.persistence.DealRepositoryIntegrationTest" time="0.019"/>
  <testcase name="save_WithValidDeal_ShouldPersistSuccessfully()" classname="at.backend.MarketingCompany.MarketingCampaing.crm.deal.persistence.DealRepositoryIntegrationTest" time="0.014">
    <failure message="org.springframework.orm.jpa.JpaObjectRetrievalFailureException: Unable to find at.backend.MarketingCompany.customer.infrastructure.adapter.output.persistence.entity.CustomerCompanyEntity with id ea6d7e0e-97b5-4e09-9c5d-17490dc54f87" type="org.springframework.orm.jpa.JpaObjectRetrievalFailureException">org.springframework.orm.jpa.JpaObjectRetrievalFailureException: Unable to find at.backend.MarketingCompany.customer.infrastructure.adapter.output.persistence.entity.CustomerCompanyEntity with id ea6d7e0e-97b5-4e09-9c5d-17490dc54f87
	at app//org.springframework.orm.jpa.EntityManagerFactoryUtils.convertJpaAccessExceptionIfPossible(EntityManagerFactoryUtils.java:376)
	at app//org.springframework.orm.jpa.vendor.HibernateJpaDialect.translateExceptionIfPossible(HibernateJpaDialect.java:246)
	at app//org.springframework.orm.jpa.AbstractEntityManagerFactoryBean.translateExceptionIfPossible(AbstractEntityManagerFactoryBean.java:560)
	at app//org.springframework.dao.support.ChainedPersistenceExceptionTranslator.translateExceptionIfPossible(ChainedPersistenceExceptionTranslator.java:61)
	at app//org.springframework.dao.support.DataAccessUtils.translateIfNecessary(DataAccessUtils.java:343)
	at app//org.springframework.dao.support.PersistenceExceptionTranslationInterceptor.invoke(PersistenceExceptionTranslationInterceptor.java:160)
	at app//org.springframework.aop.framework.ReflectiveMethodInvocation.proceed(ReflectiveMethodInvocation.java:184)
	at app//org.springframework.data.jpa.repository.support.CrudMethodMetadataPostProcessor$CrudMethodMetadataPopulatingMethodInterceptor.invoke(CrudMethodMetadataPostProcessor.java:165)
	at app//org.springframework.aop.framework.ReflectiveMethodInvocation.proceed(ReflectiveMethodInvocation.java:184)
	at app//org.springframework.aop.framework.JdkDynamicAopProxy.invoke(JdkDynamicAopProxy.java:223)
	at app/jdk.proxy3/jdk.proxy3.$Proxy194.save(Unknown Source)
	at app//at.backend.MarketingCompany.crm.deal.repository.persistence.repository.DealRepositoryImpl.save(DealRepositoryImpl.java:34)
	at java.base@23.0.2/jdk.internal.reflect.DirectMethodHandleAccessor.invoke(DirectMethodHandleAccessor.java:103)
	at java.base@23.0.2/java.lang.reflect.Method.invoke(Method.java:580)
	at app//org.springframework.aop.support.AopUtils.invokeJoinpointUsingReflection(AopUtils.java:359)
	at app//org.springframework.aop.framework.ReflectiveMethodInvocation.invokeJoinpoint(ReflectiveMethodInvocation.java:196)
	at app//org.springframework.aop.framework.ReflectiveMethodInvocation.proceed(ReflectiveMethodInvocation.java:163)
	at app//org.springframework.transaction.interceptor.TransactionAspectSupport.invokeWithinTransaction(TransactionAspectSupport.java:380)
	at app//org.springframework.transaction.interceptor.TransactionInterceptor.invoke(TransactionInterceptor.java:119)
	at app//org.springframework.aop.framework.ReflectiveMethodInvocation.proceed(ReflectiveMethodInvocation.java:184)
	at app//org.springframework.aop.framework.CglibAopProxy$DynamicAdvisedInterceptor.intercept(CglibAopProxy.java:727)
	at app//at.backend.MarketingCompany.crm.deal.repository.persistence.repository.DealRepositoryImpl$$SpringCGLIB$$0.save(&lt;generated&gt;)
	at app//at.backend.MarketingCompany.MarketingCampaing.crm.deal.persistence.DealRepositoryIntegrationTest.save_WithValidDeal_ShouldPersistSuccessfully(DealRepositoryIntegrationTest.java:95)
	at java.base@23.0.2/java.lang.reflect.Method.invoke(Method.java:580)
	at java.base@23.0.2/java.util.ArrayList.forEach(ArrayList.java:1597)
	at java.base@23.0.2/java.util.ArrayList.forEach(ArrayList.java:1597)
Caused by: jakarta.persistence.EntityNotFoundException: Unable to find at.backend.MarketingCompany.customer.infrastructure.adapter.output.persistence.entity.CustomerCompanyEntity with id ea6d7e0e-97b5-4e09-9c5d-17490dc54f87
	at app//org.hibernate.jpa.boot.internal.EntityManagerFactoryBuilderImpl$JpaEntityNotFoundDelegate.handleEntityNotFound(EntityManagerFactoryBuilderImpl.java:190)
	at app//org.hibernate.event.internal.DefaultLoadEventListener.load(DefaultLoadEventListener.java:211)
	at app//org.hibernate.event.internal.DefaultLoadEventListener.loadWithRegularProxy(DefaultLoadEventListener.java:289)
	at app//org.hibernate.event.internal.DefaultLoadEventListener.proxyOrLoad(DefaultLoadEventListener.java:241)
[...]
Hibernate: select ue1_0.id,ue1_0.created_at,ue1_0.deleted_at,ue1_0.email,ue1_0.first_name,ue1_0.hashed_password,ue1_0.last_login_at,ue1_0.last_name,ue1_0.password_changed_at,ue1_0.phone_number,r1_0.user_id,r1_0.role,ue1_0.status,ue1_0.updated_at,ue1_0.version from users ue1_0 left join user_roles r1_0 on ue1_0.id=r1_0.user_id where ue1_0.id=?
Hibernate: select de1_0.id,de1_0.campaign_manager_id,de1_0.created_at,de1_0.customer_id,de1_0.deal_status,de1_0.deleted_at,de1_0.deliverables,de1_0.end_date,de1_0.final_amount,de1_0.opportunity_id,de1_0.start_date,de1_0.terms,de1_0.updated_at,de1_0.version from deals de1_0
Hibernate: select de1_0.id,cm1_0.id,cm1_0.created_at,cm1_0.deleted_at,cm1_0.email,cm1_0.first_name,cm1_0.hashed_password,cm1_0.last_login_at,cm1_0.last_name,cm1_0.password_changed_at,cm1_0.phone_number,r1_0.user_id,r1_0.role,cm1_0.status,cm1_0.updated_at,cm1_0.version,de1_0.created_at,de1_0.customer_id,cc1_0.id,cc1_0.annual_revenue_amount,cc1_0.annual_revenue_currency,cc1_0.approved_credit,cc1_0.billing_address,cc1_0.billing_email,cc1_0.preferred_payment_method,cc1_0.company_name,cc1_0.company_size,cc1_0.auto_renewal,cc1_0.contract_end_date,cc1_0.contract_id,cc1_0.contract_start_date,cc1_0.contract_type,cc1_0.is_active,cc1_0.monthly_fee,cc1_0.created_at,cc1_0.deleted_at,cc1_0.employee_count,cc1_0.founding_year,cc1_0.industry_code,cc1_0.industry_name,cc1_0.is_public_company,cc1_0.is_startup,cc1_0.legal_name,cc1_0.mission_statement,cc1_0.primary_contact_department,cc1_0.primary_contact_email,cc1_0.primary_contact_first_name,cc1_0.primary_contact_decision_maker,cc1_0.primary_contact_is_primary,cc1_0.primary_contact_last_name,cc1_0.primary_contact_phone,cc1_0.primary_contact_position,cc1_0.revenue_range,cc1_0.sector,cc1_0.facebook_url,cc1_0.instagram_handle,cc1_0.linkedin_url,cc1_0.other_social_media,cc1_0.tiktok_handle,cc1_0.twitter_handle,cc1_0.youtube_handle,cc1_0.status,cc1_0.target_market,cc1_0.tax_id,cc1_0.updated_at,cc1_0.version,cc1_0.website,de1_0.deal_status,de1_0.deleted_at,de1_0.deliverables,de1_0.end_date,de1_0.final_amount,de1_0.opportunity_id,o1_0.id,o1_0.amount,o1_0.created_at,o1_0.customer_company_id,o1_0.deleted_at,o1_0.expected_close_date,o1_0.stage,o1_0.title,o1_0.updated_at,o1_0.version,de1_0.start_date,de1_0.terms,de1_0.updated_at,de1_0.version from deals de1_0 left join users cm1_0 on cm1_0.id=de1_0.campaign_manager_id left join user_roles r1_0 on cm1_0.id=r1_0.user_id join customer_companies cc1_0 on cc1_0.id=de1_0.customer_id join opportunities o1_0 on o1_0.id=de1_0.opportunity_id where de1_0.id=?
Hibernate: select cce1_0.id,cce1_0.annual_revenue_amount,cce1_0.annual_revenue_currency,cce1_0.approved_credit,cce1_0.billing_address,cce1_0.billing_email,cce1_0.preferred_payment_method,cce1_0.company_name,cce1_0.company_size,cce1_0.auto_renewal,cce1_0.contract_end_date,cce1_0.contract_id,cce1_0.contract_start_date,cce1_0.contract_type,cce1_0.is_active,cce1_0.monthly_fee,cce1_0.created_at,cce1_0.deleted_at,cce1_0.employee_count,cce1_0.founding_year,cce1_0.industry_code,cce1_0.industry_name,cce1_0.is_public_company,cce1_0.is_startup,cce1_0.legal_name,cce1_0.mission_statement,cce1_0.primary_contact_department,cce1_0.primary_contact_email,cce1_0.primary_contact_first_name,cce1_0.primary_contact_decision_maker,cce1_0.primary_contact_is_primary,cce1_0.primary_contact_last_name,cce1_0.primary_contact_phone,cce1_0.primary_contact_position,cce1_0.revenue_range,cce1_0.sector,cce1_0.facebook_url,cce1_0.instagram_handle,cce1_0.linkedin_url,cce1_0.other_social_media,cce1_0.tiktok_handle,cce1_0.twitter_handle,cce1_0.youtube_handle,cce1_0.status,cce1_0.target_market,cce1_0.tax_id,cce1_0.updated_at,cce1_0.version,cce1_0.website from customer_companies cce1_0 where cce1_0.id=?
Hibernate: select de1_0.id,de1_0.campaign_manager_id,de1_0.created_at,de1_0.customer_id,de1_0.deal_status,de1_0.deleted_at,de1_0.deliverables,de1_0.end_date,de1_0.final_amount,de1_0.opportunity_id,de1_0.start_date,de1_0.terms,de1_0.updated_at,de1_0.version from deals de1_0
Hibernate: select de1_0.id,cm1_0.id,cm1_0.created_at,cm1_0.deleted_at,cm1_0.email,cm1_0.first_name,cm1_0.hashed_password,cm1_0.last_login_at,cm1_0.last_name,cm1_0.password_changed_at,cm1_0.phone_number,r1_0.user_id,r1_0.role,cm1_0.status,cm1_0.updated_at,cm1_0.version,de1_0.created_at,de1_0.customer_id,cc1_0.id,cc1_0.annual_revenue_amount,cc1_0.annual_revenue_currency,cc1_0.approved_credit,cc1_0.billing_address,cc1_0.billing_email,cc1_0.preferred_payment_method,cc1_0.company_name,cc1_0.company_size,cc1_0.auto_renewal,cc1_0.contract_end_date,cc1_0.contract_id,cc1_0.contract_start_date,cc1_0.contract_type,cc1_0.is_active,cc1_0.monthly_fee,cc1_0.created_at,cc1_0.deleted_at,cc1_0.employee_count,cc1_0.founding_year,cc1_0.industry_code,cc1_0.industry_name,cc1_0.is_public_company,cc1_0.is_startup,cc1_0.legal_name,cc1_0.mission_statement,cc1_0.primary_contact_department,cc1_0.primary_contact_email,cc1_0.primary_contact_first_name,cc1_0.primary_contact_decision_maker,cc1_0.primary_contact_is_primary,cc1_0.primary_contact_last_name,cc1_0.primary_contact_phone,cc1_0.primary_contact_position,cc1_0.revenue_range,cc1_0.sector,cc1_0.facebook_url,cc1_0.instagram_handle,cc1_0.linkedin_url,cc1_0.other_social_media,cc1_0.tiktok_handle,cc1_0.twitter_handle,cc1_0.youtube_handle,cc1_0.status,cc1_0.target_market,cc1_0.tax_id,cc1_0.updated_at,cc1_0.version,cc1_0.website,de1_0.deal_status,de1_0.deleted_at,de1_0.deliverables,de1_0.end_date,de1_0.final_amount,de1_0.opportunity_id,o1_0.id,o1_0.amount,o1_0.created_at,o1_0.customer_company_id,o1_0.deleted_at,o1_0.expected_close_date,o1_0.stage,o1_0.title,o1_0.updated_at,o1_0.version,de1_0.start_date,de1_0.terms,de1_0.updated_at,de1_0.version from deals de1_0 left join users cm1_0 on cm1_0.id=de1_0.campaign_manager_id left join user_roles r1_0 on cm1_0.id=r1_0.user_id join customer_companies cc1_0 on cc1_0.id=de1_0.customer_id join opportunities o1_0 on o1_0.id=de1_0.opportunity_id where de1_0.id=?
Hibernate: select cce1_0.id,cce1_0.annual_revenue_amount,cce1_0.annual_revenue_currency,cce1_0.approved_credit,cce1_0.billing_address,cce1_0.billing_email,cce1_0.preferred_payment_method,cce1_0.company_name,cce1_0.company_size,cce1_0.auto_renewal,cce1_0.contract_end_date,cce1_0.contract_id,cce1_0.contract_start_date,cce1_0.contract_type,cce1_0.is_active,cce1_0.monthly_fee,cce1_0.created_at,cce1_0.deleted_at,cce1_0.employee_count,cce1_0.founding_year,cce1_0.industry_code,cce1_0.industry_name,cce1_0.is_public_company,cce1_0.is_startup,cce1_0.legal_name,cce1_0.mission_statement,cce1_0.primary_contact_department,cce1_0.primary_contact_email,cce1_0.primary_contact_first_name,cce1_0.primary_contact_decision_maker,cce1_0.primary_contact_is_primary,cce1_0.primary_contact_last_name,cce1_0.primary_contact_phone,cce1_0.primary_contact_position,cce1_0.revenue_range,cce1_0.sector,cce1_0.facebook_url,cce1_0.instagram_handle,cce1_0.linkedin_url,cce1_0.other_social_media,cce1_0.tiktok_handle,cce1_0.twitter_handle,cce1_0.youtube_handle,cce1_0.status,cce1_0.target_market,cce1_0.tax_id,cce1_0.updated_at,cce1_0.version,cce1_0.website from customer_companies cce1_0 where cce1_0.id=?
Hibernate: select de1_0.id,de1_0.campaign_manager_id,de1_0.created_at,de1_0.customer_id,de1_0.deal_status,de1_0.deleted_at,de1_0.deliverables,de1_0.end_date,de1_0.final_amount,de1_0.opportunity_id,de1_0.start_date,de1_0.terms,de1_0.updated_at,de1_0.version from deals de1_0
Hibernate: select de1_0.id,cm1_0.id,cm1_0.created_at,cm1_0.deleted_at,cm1_0.email,cm1_0.first_name,cm1_0.hashed_password,cm1_0.last_login_at,cm1_0.last_name,cm1_0.password_changed_at,cm1_0.phone_number,r1_0.user_id,r1_0.role,cm1_0.status,cm1_0.updated_at,cm1_0.version,de1_0.created_at,de1_0.customer_id,cc1_0.id,cc1_0.annual_revenue_amount,cc1_0.annual_revenue_currency,cc1_0.approved_credit,cc1_0.billing_address,cc1_0.billing_email,cc1_0.preferred_payment_method,cc1_0.company_name,cc1_0.company_size,cc1_0.auto_renewal,cc1_0.contract_end_date,cc1_0.contract_id,cc1_0.contract_start_date,cc1_0.contract_type,cc1_0.is_active,cc1_0.monthly_fee,cc1_0.created_at,cc1_0.deleted_at,cc1_0.employee_count,cc1_0.founding_year,cc1_0.industry_code,cc1_0.industry_name,cc1_0.is_public_company,cc1_0.is_startup,cc1_0.legal_name,cc1_0.mission_statement,cc1_0.primary_contact_department,cc1_0.primary_contact_email,cc1_0.primary_contact_first_name,cc1_0.primary_contact_decision_maker,cc1_0.primary_contact_is_primary,cc1_0.primary_contact_last_name,cc1_0.primary_contact_phone,cc1_0.primary_contact_position,cc1_0.revenue_range,cc1_0.sector,cc1_0.facebook_url,cc1_0.instagram_handle,cc1_0.linkedin_url,cc1_0.other_social_media,cc1_0.tiktok_handle,cc1_0.twitter_handle,cc1_0.youtube_handle,cc1_0.status,cc1_0.target_market,cc1_0.tax_id,cc1_0.updated_at,cc1_0.version,cc1_0.website,de1_0.deal_status,de1_0.deleted_at,de1_0.deliverables,de1_0.end_date,de1_0.final_amount,de1_0.opportunity_id,o1_0.id,o1_0.amount,o1_0.created_at,o1_0.customer_company_id,o1_0.deleted_at,o1_0.expected_close_date,o1_0.stage,o1_0.title,o1_0.updated_at,o1_0.version,de1_0.start_date,de1_0.terms,de1_0.updated_at,de1_0.version from deals de1_0 left join users cm1_0 on cm1_0.id=de1_0.campaign_manager_id left join user_roles r1_0 on cm1_0.id=r1_0.user_id join customer_companies cc1_0 on cc1_0.id=de1_0.customer_id join opportunities o1_0 on o1_0.id=de1_0.opportunity_id where de1_0.id=?
Hibernate: select cce1_0.id,cce1_0.annual_revenue_amount,cce1_0.annual_revenue_currency,cce1_0.approved_credit,cce1_0.billing_address,cce1_0.billing_email,cce1_0.preferred_payment_method,cce1_0.company_name,cce1_0.company_size,cce1_0.auto_renewal,cce1_0.contract_end_date,cce1_0.contract_id,cce1_0.contract_start_date,cce1_0.contract_type,cce1_0.is_active,cce1_0.monthly_fee,cce1_0.created_at,cce1_0.deleted_at,cce1_0.employee_count,cce1_0.founding_year,cce1_0.industry_code,cce1_0.industry_name,cce1_0.is_public_company,cce1_0.is_startup,cce1_0.legal_name,cce1_0.mission_statement,cce1_0.primary_contact_department,cce1_0.primary_contact_email,cce1_0.primary_contact_first_name,cce1_0.primary_contact_decision_maker,cce1_0.primary_contact_is_primary,cce1_0.primary_contact_last_name,cce1_0.primary_contact_phone,cce1_0.primary_contact_position,cce1_0.revenue_range,cce1_0.sector,cce1_0.facebook_url,cce1_0.instagram_handle,cce1_0.linkedin_url,cce1_0.other_social_media,cce1_0.tiktok_handle,cce1_0.twitter_handle,cce1_0.youtube_handle,cce1_0.status,cce1_0.target_market,cce1_0.tax_id,cce1_0.updated_at,cce1_0.version,cce1_0.website from customer_companies cce1_0 where cce1_0.id=?
Hibernate: select de1_0.id,de1_0.campaign_manager_id,de1_0.created_at,de1_0.customer_id,de1_0.deal_status,de1_0.deleted_at,de1_0.deliverables,de1_0.end_date,de1_0.final_amount,de1_0.opportunity_id,de1_0.start_date,de1_0.terms,de1_0.updated_at,de1_0.version from deals de1_0
Hibernate: select de1_0.id,cm1_0.id,cm1_0.created_at,cm1_0.deleted_at,cm1_0.email,cm1_0.first_name,cm1_0.hashed_password,cm1_0.last_login_at,cm1_0.last_name,cm1_0.password_changed_at,cm1_0.phone_number,r1_0.user_id,r1_0.role,cm1_0.status,cm1_0.updated_at,cm1_0.version,de1_0.created_at,de1_0.customer_id,cc1_0.id,cc1_0.annual_revenue_amount,cc1_0.annual_revenue_currency,cc1_0.approved_credit,cc1_0.billing_address,cc1_0.billing_email,cc1_0.preferred_payment_method,cc1_0.company_name,cc1_0.company_size,cc1_0.auto_renewal,cc1_0.contract_end_date,cc1_0.contract_id,cc1_0.contract_start_date,cc1_0.contract_type,cc1_0.is_active,cc1_0.monthly_fee,cc1_0.created_at,cc1_0.deleted_at,cc1_0.employee_count,cc1_0.founding_year,cc1_0.industry_code,cc1_0.industry_name,cc1_0.is_public_company,cc1_0.is_startup,cc1_0.legal_name,cc1_0.mission_statement,cc1_0.primary_contact_department,cc1_0.primary_contact_email,cc1_0.primary_contact_first_name,cc1_0.primary_contact_decision_maker,cc1_0.primary_contact_is_primary,cc1_0.primary_contact_last_name,cc1_0.primary_contact_phone,cc1_0.primary_contact_position,cc1_0.revenue_range,cc1_0.sector,cc1_0.facebook_url,cc1_0.instagram_handle,cc1_0.linkedin_url,cc1_0.other_social_media,cc1_0.tiktok_handle,cc1_0.twitter_handle,cc1_0.youtube_handle,cc1_0.status,cc1_0.target_market,cc1_0.tax_id,cc1_0.updated_at,cc1_0.version,cc1_0.website,de1_0.deal_status,de1_0.deleted_at,de1_0.deliverables,de1_0.end_date,de1_0.final_amount,de1_0.opportunity_id,o1_0.id,o1_0.amount,o1_0.created_at,o1_0.customer_company_id,o1_0.deleted_at,o1_0.expected_close_date,o1_0.stage,o1_0.title,o1_0.updated_at,o1_0.version,de1_0.start_date,de1_0.terms,de1_0.updated_at,de1_0.version from deals de1_0 left join users cm1_0 on cm1_0.id=de1_0.campaign_manager_id left join user_roles r1_0 on cm1_0.id=r1_0.user_id join customer_companies cc1_0 on cc1_0.id=de1_0.customer_id join opportunities o1_0 on o1_0.id=de1_0.opportunity_id where de1_0.id=?
Hibernate: select cce1_0.id,cce1_0.annual_revenue_amount,cce1_0.annual_revenue_currency,cce1_0.approved_credit,cce1_0.billing_address,cce1_0.billing_email,cce1_0.preferred_payment_method,cce1_0.company_name,cce1_0.company_size,cce1_0.auto_renewal,cce1_0.contract_end_date,cce1_0.contract_id,cce1_0.contract_start_date,cce1_0.contract_type,cce1_0.is_active,cce1_0.monthly_fee,cce1_0.created_at,cce1_0.deleted_at,cce1_0.employee_count,cce1_0.founding_year,cce1_0.industry_code,cce1_0.industry_name,cce1_0.is_public_company,cce1_0.is_startup,cce1_0.legal_name,cce1_0.mission_statement,cce1_0.primary_contact_department,cce1_0.primary_contact_email,cce1_0.primary_contact_first_name,cce1_0.primary_contact_decision_maker,cce1_0.primary_contact_is_primary,cce1_0.primary_contact_last_name,cce1_0.primary_contact_phone,cce1_0.primary_contact_position,cce1_0.revenue_range,cce1_0.sector,cce1_0.facebook_url,cce1_0.instagram_handle,cce1_0.linkedin_url,cce1_0.other_social_media,cce1_0.tiktok_handle,cce1_0.twitter_handle,cce1_0.youtube_handle,cce1_0.status,cce1_0.target_market,cce1_0.tax_id,cce1_0.updated_at,cce1_0.version,cce1_0.website from customer_companies cce1_0 where cce1_0.id=?
Hibernate: select de1_0.id,de1_0.campaign_manager_id,de1_0.created_at,de1_0.customer_id,de1_0.deal_status,de1_0.deleted_at,de1_0.deliverables,de1_0.end_date,de1_0.final_amount,de1_0.opportunity_id,de1_0.start_date,de1_0.terms,de1_0.updated_at,de1_0.version from deals de1_0
Hibernate: select de1_0.id,cm1_0.id,cm1_0.created_at,cm1_0.deleted_at,cm1_0.email,cm1_0.first_name,cm1_0.hashed_password,cm1_0.last_login_at,cm1_0.last_name,cm1_0.password_changed_at,cm1_0.phone_number,r1_0.user_id,r1_0.role,cm1_0.status,cm1_0.updated_at,cm1_0.version,de1_0.created_at,de1_0.customer_id,cc1_0.id,cc1_0.annual_revenue_amount,cc1_0.annual_revenue_currency,cc1_0.approved_credit,cc1_0.billing_address,cc1_0.billing_email,cc1_0.preferred_payment_method,cc1_0.company_name,cc1_0.company_size,cc1_0.auto_renewal,cc1_0.contract_end_date,cc1_0.contract_id,cc1_0.contract_start_date,cc1_0.contract_type,cc1_0.is_active,cc1_0.monthly_fee,cc1_0.created_at,cc1_0.deleted_at,cc1_0.employee_count,cc1_0.founding_year,cc1_0.industry_code,cc1_0.industry_name,cc1_0.is_public_company,cc1_0.is_startup,cc1_0.legal_name,cc1_0.mission_statement,cc1_0.primary_contact_department,cc1_0.primary_contact_email,cc1_0.primary_contact_first_name,cc1_0.primary_contact_decision_maker,cc1_0.primary_contact_is_primary,cc1_0.primary_contact_last_name,cc1_0.primary_contact_phone,cc1_0.primary_contact_position,cc1_0.revenue_range,cc1_0.sector,cc1_0.facebook_url,cc1_0.instagram_handle,cc1_0.linkedin_url,cc1_0.other_social_media,cc1_0.tiktok_handle,cc1_0.twitter_handle,cc1_0.youtube_handle,cc1_0.status,cc1_0.target_market,cc1_0.tax_id,cc1_0.updated_at,cc1_0.version,cc1_0.website,de1_0.deal_status,de1_0.deleted_at,de1_0.deliverables,de1_0.end_date,de1_0.final_amount,de1_0.opportunity_id,o1_0.id,o1_0.amount,o1_0.created_at,o1_0.customer_company_id,o1_0.deleted_at,o1_0.expected_close_date,o1_0.stage,o1_0.title,o1_0.updated_at,o1_0.version,de1_0.start_date,de1_0.terms,de1_0.updated_at,de1_0.version from deals de1_0 left join users cm1_0 on cm1_0.id=de1_0.campaign_manager_id left join user_roles r1_0 on cm1_0.id=r1_0.user_id join customer_companies cc1_0 on cc1_0.id=de1_0.customer_id join opportunities o1_0 on o1_0.id=de1_0.opportunity_id where de1_0.id=?
Hibernate: select de1_0.id,de1_0.campaign_manager_id,de1_0.created_at,de1_0.customer_id,de1_0.deal_status,de1_0.deleted_at,de1_0.deliverables,de1_0.end_date,de1_0.final_amount,de1_0.opportunity_id,de1_0.start_date,de1_0.terms,de1_0.updated_at,de1_0.version from deals de1_0
Hibernate: select de1_0.id,cm1_0.id,cm1_0.created_at,cm1_0.deleted_at,cm1_0.email,cm1_0.first_name,cm1_0.hashed_password,cm1_0.last_login_at,cm1_0.last_name,cm1_0.password_changed_at,cm1_0.phone_number,r1_0.user_id,r1_0.role,cm1_0.status,cm1_0.updated_at,cm1_0.version,de1_0.created_at,de1_0.customer_id,cc1_0.id,cc1_0.annual_revenue_amount,cc1_0.annual_revenue_currency,cc1_0.approved_credit,cc1_0.billing_address,cc1_0.billing_email,cc1_0.preferred_payment_method,cc1_0.company_name,cc1_0.company_size,cc1_0.auto_renewal,cc1_0.contract_end_date,cc1_0.contract_id,cc1_0.contract_start_date,cc1_0.contract_type,cc1_0.is_active,cc1_0.monthly_fee,cc1_0.created_at,cc1_0.deleted_at,cc1_0.employee_count,cc1_0.founding_year,cc1_0.industry_code,cc1_0.industry_name,cc1_0.is_public_company,cc1_0.is_startup,cc1_0.legal_name,cc1_0.mission_statement,cc1_0.primary_contact_department,cc1_0.primary_contact_email,cc1_0.primary_contact_first_name,cc1_0.primary_contact_decision_maker,cc1_0.primary_contact_is_primary,cc1_0.primary_contact_last_name,cc1_0.primary_contact_phone,cc1_0.primary_contact_position,cc1_0.revenue_range,cc1_0.sector,cc1_0.facebook_url,cc1_0.instagram_handle,cc1_0.linkedin_url,cc1_0.other_social_media,cc1_0.tiktok_handle,cc1_0.twitter_handle,cc1_0.youtube_handle,cc1_0.status,cc1_0.target_market,cc1_0.tax_id,cc1_0.updated_at,cc1_0.version,cc1_0.website,de1_0.deal_status,de1_0.deleted_at,de1_0.deliverables,de1_0.end_date,de1_0.final_amount,de1_0.opportunity_id,o1_0.id,o1_0.amount,o1_0.created_at,o1_0.customer_company_id,o1_0.deleted_at,o1_0.expected_close_date,o1_0.stage,o1_0.title,o1_0.updated_at,o1_0.version,de1_0.start_date,de1_0.terms,de1_0.updated_at,de1_0.version from deals de1_0 left join users cm1_0 on cm1_0.id=de1_0.campaign_manager_id left join user_roles r1_0 on cm1_0.id=r1_0.user_id join customer_companies cc1_0 on cc1_0.id=de1_0.customer_id join opportunities o1_0 on o1_0.id=de1_0.opportunity_id where de1_0.id=?
Hibernate: select cce1_0.id,cce1_0.annual_revenue_amount,cce1_0.annual_revenue_currency,cce1_0.approved_credit,cce1_0.billing_address,cce1_0.billing_email,cce1_0.preferred_payment_method,cce1_0.company_name,cce1_0.company_size,cce1_0.auto_renewal,cce1_0.contract_end_date,cce1_0.contract_id,cce1_0.contract_start_date,cce1_0.contract_type,cce1_0.is_active,cce1_0.monthly_fee,cce1_0.created_at,cce1_0.deleted_at,cce1_0.employee_count,cce1_0.founding_year,cce1_0.industry_code,cce1_0.industry_name,cce1_0.is_public_company,cce1_0.is_startup,cce1_0.legal_name,cce1_0.mission_statement,cce1_0.primary_contact_department,cce1_0.primary_contact_email,cce1_0.primary_contact_first_name,cce1_0.primary_contact_decision_maker,cce1_0.primary_contact_is_primary,cce1_0.primary_contact_last_name,cce1_0.primary_contact_phone,cce1_0.primary_contact_position,cce1_0.revenue_range,cce1_0.sector,cce1_0.facebook_url,cce1_0.instagram_handle,cce1_0.linkedin_url,cce1_0.other_social_media,cce1_0.tiktok_handle,cce1_0.twitter_handle,cce1_0.youtube_handle,cce1_0.status,cce1_0.target_market,cce1_0.tax_id,cce1_0.updated_at,cce1_0.version,cce1_0.website from customer_companies cce1_0 where cce1_0.id=?
]]></system-out>
  <system-err><![CDATA[]]></system-err>
</testsuite>
