<?xml version="1.0" encoding="UTF-8"?>
<testsuite name="DealId" tests="3" skipped="0" failures="1" errors="0" timestamp="2025-12-09T06:02:34.005Z" hostname="Administrator" time="0.008">
  <properties/>
  <testcase name="should generate with valid UUID" classname="at.backend.MarketingCompany.MarketingCampaing.crm.deal.domain.ValueObjectTest$DealIdTest" time="0.006">
    <failure message="org.opentest4j.AssertionFailedError: &#10;expected: c28e1131-31c2-4993-aa3e-02ab6f6ee025&#10; but was: &quot;c28e1131-31c2-4993-aa3e-02ab6f6ee025&quot;" type="org.opentest4j.AssertionFailedError">org.opentest4j.AssertionFailedError: 
expected: c28e1131-31c2-4993-aa3e-02ab6f6ee025
 but was: &quot;c28e1131-31c2-4993-aa3e-02ab6f6ee025&quot;
	at app//at.backend.MarketingCompany.MarketingCampaing.crm.deal.domain.ValueObjectTest$DealIdTest.create_WithValidUUID_ShouldCreate(ValueObjectTest.java:151)
	at java.base@23.0.2/java.lang.reflect.Method.invoke(Method.java:580)
	at java.base@23.0.2/java.util.ArrayList.forEach(ArrayList.java:1597)
	at java.base@23.0.2/java.util.ArrayList.forEach(ArrayList.java:1597)
	at java.base@23.0.2/java.util.ArrayList.forEach(ArrayList.java:1597)
</failure>
  </testcase>
  <testcase name="should generate new DealId" classname="at.backend.MarketingCompany.MarketingCampaing.crm.deal.domain.ValueObjectTest$DealIdTest" time="0.001"/>
  <testcase name="should throw exception for null UUID" classname="at.backend.MarketingCompany.MarketingCampaing.crm.deal.domain.ValueObjectTest$DealIdTest" time="0.0"/>
  <system-out><![CDATA[]]></system-out>
  <system-err><![CDATA[]]></system-err>
</testsuite>
