<?xml version="1.0" encoding="UTF-8"?>
<testsuite name="at.backend.MarketingCompany.MarketingCampaing.customer.application.CustomerCompanyQueryHandlerImplTest" tests="24" skipped="0" failures="3" errors="0" timestamp="2025-12-09T06:03:38.543Z" hostname="Administrator" time="0.096">
  <properties/>
  <testcase name="handleGetCompaniesByStatusQuery_ActiveStatus_ShouldReturnActiveCompanies()" classname="at.backend.MarketingCompany.MarketingCampaing.customer.application.CustomerCompanyQueryHandlerImplTest" time="0.002">
    <failure message="org.mockito.exceptions.misusing.UnfinishedVerificationException: &#10;Missing method call for verify(mock) here:&#10;-&gt; at at.backend.MarketingCompany.MarketingCampaing.customer.application.CustomerCompanyCommandHandlerImplTest.handleSignContractCommand_CompanyNotFound_ShouldThrowException(CustomerCompanyCommandHandlerImplTest.java:547)&#10;&#10;Example of correct verification:&#10;    verify(mock).doSomething()&#10;&#10;Also, this error might show up because you verify either of: final/private/equals()/hashCode() methods.&#10;Those methods *cannot* be stubbed/verified.&#10;Mocking methods declared on non-public parent classes is not supported.&#10;" type="org.mockito.exceptions.misusing.UnfinishedVerificationException">org.mockito.exceptions.misusing.UnfinishedVerificationException: 
Missing method call for verify(mock) here:
-&gt; at at.backend.MarketingCompany.MarketingCampaing.customer.application.CustomerCompanyCommandHandlerImplTest.handleSignContractCommand_CompanyNotFound_ShouldThrowException(CustomerCompanyCommandHandlerImplTest.java:547)

Example of correct verification:
    verify(mock).doSomething()

Also, this error might show up because you verify either of: final/private/equals()/hashCode() methods.
Those methods *cannot* be stubbed/verified.
Mocking methods declared on non-public parent classes is not supported.

	at app//org.mockito.junit.jupiter.MockitoExtension.beforeEach(MockitoExtension.java:160)
	at java.base@23.0.2/java.util.ArrayList.forEach(ArrayList.java:1597)
	at java.base@23.0.2/java.util.ArrayList.forEach(ArrayList.java:1597)
	Suppressed: java.lang.NullPointerException: Cannot invoke &quot;java.util.Set.forEach(java.util.function.Consumer)&quot; because the return value of &quot;org.junit.jupiter.api.extension.ExtensionContext$Store.remove(Object, java.lang.Class)&quot; is null
		at org.mockito.junit.jupiter.MockitoExtension.afterEach(MockitoExtension.java:194)
		... 2 more
</failure>
  </testcase>
  <testcase name="handleGetStartupsQuery_WithCustomYears_ShouldReturnCorrectStartups()" classname="at.backend.MarketingCompany.MarketingCampaing.customer.application.CustomerCompanyQueryHandlerImplTest" time="0.001">
    <failure message="org.mockito.exceptions.misusing.InvalidUseOfMatchersException: &#10;Misplaced or misused argument matcher detected here:&#10;&#10;-&gt; at at.backend.MarketingCompany.MarketingCampaing.customer.application.CustomerCompanyCommandHandlerImplTest.handleSignContractCommand_CompanyNotFound_ShouldThrowException(CustomerCompanyCommandHandlerImplTest.java:547)&#10;-&gt; at at.backend.MarketingCompany.MarketingCampaing.customer.application.CustomerCompanyCommandHandlerImplTest.handleSignContractCommand_CompanyNotFound_ShouldThrowException(CustomerCompanyCommandHandlerImplTest.java:547)&#10;-&gt; at at.backend.MarketingCompany.MarketingCampaing.customer.application.CustomerCompanyCommandHandlerImplTest.handleSignContractCommand_CompanyNotFound_ShouldThrowException(CustomerCompanyCommandHandlerImplTest.java:547)&#10;-&gt; at at.backend.MarketingCompany.MarketingCampaing.customer.application.CustomerCompanyCommandHandlerImplTest.handleSignContractCommand_CompanyNotFound_ShouldThrowException(CustomerCompanyCommandHandlerImplTest.java:547)&#10;-&gt; at at.backend.MarketingCompany.MarketingCampaing.customer.application.CustomerCompanyCommandHandlerImplTest.handleSignContractCommand_CompanyNotFound_ShouldThrowException(CustomerCompanyCommandHandlerImplTest.java:547)&#10;&#10;You cannot use argument matchers outside of verification or stubbing.&#10;Examples of correct usage of argument matchers:&#10;    when(mock.get(anyInt())).thenReturn(null);&#10;    doThrow(new RuntimeException()).when(mock).someVoidMethod(any());&#10;    verify(mock).someMethod(contains(&quot;foo&quot;))&#10;&#10;This message may appear after an NullPointerException if the last matcher is returning an object &#10;like any() but the stubbed method signature expect a primitive argument, in this case,&#10;use primitive alternatives.&#10;    when(mock.get(any())); // bad use, will raise NPE&#10;    when(mock.get(anyInt())); // correct usage use&#10;&#10;Also, this error might show up because you use argument matchers with methods that cannot be mocked.&#10;Following methods *cannot* be stubbed/verified: final/private/equals()/hashCode().&#10;Mocking methods declared on non-public parent classes is not supported.&#10;" type="org.mockito.exceptions.misusing.InvalidUseOfMatchersException">org.mockito.exceptions.misusing.InvalidUseOfMatchersException: 
Misplaced or misused argument matcher detected here:

-&gt; at at.backend.MarketingCompany.MarketingCampaing.customer.application.CustomerCompanyCommandHandlerImplTest.handleSignContractCommand_CompanyNotFound_ShouldThrowException(CustomerCompanyCommandHandlerImplTest.java:547)
-&gt; at at.backend.MarketingCompany.MarketingCampaing.customer.application.CustomerCompanyCommandHandlerImplTest.handleSignContractCommand_CompanyNotFound_ShouldThrowException(CustomerCompanyCommandHandlerImplTest.java:547)
-&gt; at at.backend.MarketingCompany.MarketingCampaing.customer.application.CustomerCompanyCommandHandlerImplTest.handleSignContractCommand_CompanyNotFound_ShouldThrowException(CustomerCompanyCommandHandlerImplTest.java:547)
-&gt; at at.backend.MarketingCompany.MarketingCampaing.customer.application.CustomerCompanyCommandHandlerImplTest.handleSignContractCommand_CompanyNotFound_ShouldThrowException(CustomerCompanyCommandHandlerImplTest.java:547)
-&gt; at at.backend.MarketingCompany.MarketingCampaing.customer.application.CustomerCompanyCommandHandlerImplTest.handleSignContractCommand_CompanyNotFound_ShouldThrowException(CustomerCompanyCommandHandlerImplTest.java:547)

You cannot use argument matchers outside of verification or stubbing.
Examples of correct usage of argument matchers:
    when(mock.get(anyInt())).thenReturn(null);
    doThrow(new RuntimeException()).when(mock).someVoidMethod(any());
    verify(mock).someMethod(contains(&quot;foo&quot;))

This message may appear after an NullPointerException if the last matcher is returning an object 
like any() but the stubbed method signature expect a primitive argument, in this case,
use primitive alternatives.
    when(mock.get(any())); // bad use, will raise NPE
    when(mock.get(anyInt())); // correct usage use

Also, this error might show up because you use argument matchers with methods that cannot be mocked.
Following methods *cannot* be stubbed/verified: final/private/equals()/hashCode().
Mocking methods declared on non-public parent classes is not supported.

	at app//org.mockito.junit.jupiter.MockitoExtension.beforeEach(MockitoExtension.java:160)
	at java.base@23.0.2/java.util.ArrayList.forEach(ArrayList.java:1597)
	at java.base@23.0.2/java.util.ArrayList.forEach(ArrayList.java:1597)
	Suppressed: java.lang.NullPointerException: Cannot invoke &quot;java.util.Set.forEach(java.util.function.Consumer)&quot; because the return value of &quot;org.junit.jupiter.api.extension.ExtensionContext$Store.remove(Object, java.lang.Class)&quot; is null
		at org.mockito.junit.jupiter.MockitoExtension.afterEach(MockitoExtension.java:194)
		... 2 more
</failure>
  </testcase>
  <testcase name="handleGetCompanyByIdQuery_ValidId_ShouldReturnCompany()" classname="at.backend.MarketingCompany.MarketingCampaing.customer.application.CustomerCompanyQueryHandlerImplTest" time="0.006"/>
  <testcase name="handleGetHighValueCompaniesQuery_WithDefaultThreshold_ShouldReturnHighValueCompanies()" classname="at.backend.MarketingCompany.MarketingCampaing.customer.application.CustomerCompanyQueryHandlerImplTest" time="0.008"/>
  <testcase name="handleSearchCompaniesQuery_WithSearchTerm_ShouldReturnMatchingCompanies()" classname="at.backend.MarketingCompany.MarketingCampaing.customer.application.CustomerCompanyQueryHandlerImplTest" time="0.003"/>
  <testcase name="handleGetCompaniesByIndustryQuery_ValidIndustry_ShouldReturnCompanies()" classname="at.backend.MarketingCompany.MarketingCampaing.customer.application.CustomerCompanyQueryHandlerImplTest" time="0.004"/>
  <testcase name="handleGetCompaniesWithExpiringContractsQuery_ShouldReturnCompanies()" classname="at.backend.MarketingCompany.MarketingCampaing.customer.application.CustomerCompanyQueryHandlerImplTest" time="0.003"/>
  <testcase name="handleGetCompanyMetricsQuery_ForAllCompanies_ShouldReturnGlobalMetrics()" classname="at.backend.MarketingCompany.MarketingCampaing.customer.application.CustomerCompanyQueryHandlerImplTest" time="0.01"/>
  <testcase name="handleIsCompanyActiveQuery_InactiveCompany_ShouldReturnFalse()" classname="at.backend.MarketingCompany.MarketingCampaing.customer.application.CustomerCompanyQueryHandlerImplTest" time="0.004"/>
  <testcase name="handleGetCompanyMetricsQuery_CompanyWithoutProfile_ShouldHandleGracefully()" classname="at.backend.MarketingCompany.MarketingCampaing.customer.application.CustomerCompanyQueryHandlerImplTest" time="0.002"/>
  <testcase name="handleHasActiveContractQuery_CompanyWithContract_ShouldReturnTrue()" classname="at.backend.MarketingCompany.MarketingCampaing.customer.application.CustomerCompanyQueryHandlerImplTest" time="0.003"/>
  <testcase name="handleGetCompanyByIdQuery_InvalidId_ShouldThrowException()" classname="at.backend.MarketingCompany.MarketingCampaing.customer.application.CustomerCompanyQueryHandlerImplTest" time="0.002"/>
  <testcase name="handleGetCompanyMetricsQuery_EmptyRepository_ShouldReturnEmptyMetrics()" classname="at.backend.MarketingCompany.MarketingCampaing.customer.application.CustomerCompanyQueryHandlerImplTest" time="0.002"/>
  <testcase name="handleIsCompanyActiveQuery_ActiveCompany_ShouldReturnTrue()" classname="at.backend.MarketingCompany.MarketingCampaing.customer.application.CustomerCompanyQueryHandlerImplTest" time="0.002"/>
  <testcase name="handleSearchCompaniesQuery_EmptyResult_ShouldReturnEmptyList()" classname="at.backend.MarketingCompany.MarketingCampaing.customer.application.CustomerCompanyQueryHandlerImplTest" time="0.002"/>
  <testcase name="handleGetAllCompaniesQuery_WithPageable_ShouldReturnPagedResults()" classname="at.backend.MarketingCompany.MarketingCampaing.customer.application.CustomerCompanyQueryHandlerImplTest" time="0.001"/>
  <testcase name="handleGetCompanyMetricsQuery_ForAllCompanies_ShouldCalculateAverageContractValue()" classname="at.backend.MarketingCompany.MarketingCampaing.customer.application.CustomerCompanyQueryHandlerImplTest" time="0.002"/>
  <testcase name="handleGetCompanyMetricsQuery_ForSpecificCompany_ShouldReturnSingleCompanyMetrics()" classname="at.backend.MarketingCompany.MarketingCampaing.customer.application.CustomerCompanyQueryHandlerImplTest" time="0.002"/>
  <testcase name="handleGetStartupsQuery_WithDefaultYears_ShouldReturnRecentStartups()" classname="at.backend.MarketingCompany.MarketingCampaing.customer.application.CustomerCompanyQueryHandlerImplTest" time="0.006">
    <failure message="Wanted but not invoked:&#10;companyRepository.findRecentStartups(2020);&#10;-&gt; at at.backend.MarketingCompany.MarketingCampaing.customer.application.CustomerCompanyQueryHandlerImplTest.handleGetStartupsQuery_WithDefaultYears_ShouldReturnRecentStartups(CustomerCompanyQueryHandlerImplTest.java:325)&#10;&#10;However, there was exactly 1 interaction with this mock:&#10;companyRepository.findRecentStartups(5);&#10;-&gt; at at.backend.MarketingCompany.customer.application.service.CustomerCompanyQueryHandlerImpl.handle(CustomerCompanyQueryHandlerImpl.java:89)&#10;&#10;" type="org.mockito.exceptions.verification.WantedButNotInvoked">Wanted but not invoked:
companyRepository.findRecentStartups(2020);
-&gt; at at.backend.MarketingCompany.MarketingCampaing.customer.application.CustomerCompanyQueryHandlerImplTest.handleGetStartupsQuery_WithDefaultYears_ShouldReturnRecentStartups(CustomerCompanyQueryHandlerImplTest.java:325)

However, there was exactly 1 interaction with this mock:
companyRepository.findRecentStartups(5);
-&gt; at at.backend.MarketingCompany.customer.application.service.CustomerCompanyQueryHandlerImpl.handle(CustomerCompanyQueryHandlerImpl.java:89)


	at app//at.backend.MarketingCompany.MarketingCampaing.customer.application.CustomerCompanyQueryHandlerImplTest.handleGetStartupsQuery_WithDefaultYears_ShouldReturnRecentStartups(CustomerCompanyQueryHandlerImplTest.java:325)
	at java.base@23.0.2/java.lang.reflect.Method.invoke(Method.java:580)
	at java.base@23.0.2/java.util.ArrayList.forEach(ArrayList.java:1597)
	at java.base@23.0.2/java.util.ArrayList.forEach(ArrayList.java:1597)
</failure>
  </testcase>
  <testcase name="handleGetCompanyMetricsQuery_CompaniesWithoutRevenue_ShouldCalculateRevenueCorrectly()" classname="at.backend.MarketingCompany.MarketingCampaing.customer.application.CustomerCompanyQueryHandlerImplTest" time="0.004"/>
  <testcase name="handleGetCompanyMetricsQuery_RepositoryError_ShouldReturnEmptyMetrics()" classname="at.backend.MarketingCompany.MarketingCampaing.customer.application.CustomerCompanyQueryHandlerImplTest" time="0.009"/>
  <testcase name="handleGetCompaniesByIndustryQuery_EmptyResult_ShouldReturnEmptyList()" classname="at.backend.MarketingCompany.MarketingCampaing.customer.application.CustomerCompanyQueryHandlerImplTest" time="0.002"/>
  <testcase name="handleGetHighValueCompaniesQuery_CompanyWithoutRevenue_ShouldNotInclude()" classname="at.backend.MarketingCompany.MarketingCampaing.customer.application.CustomerCompanyQueryHandlerImplTest" time="0.002"/>
  <testcase name="handleGetHighValueCompaniesQuery_WithCustomThreshold_ShouldFilterCorrectly()" classname="at.backend.MarketingCompany.MarketingCampaing.customer.application.CustomerCompanyQueryHandlerImplTest" time="0.002"/>
  <system-out><![CDATA[2025-12-09T00:03:38.625-06:00 ERROR 993380 --- [CRM] [    Test worker] .M.c.a.s.CustomerCompanyQueryHandlerImpl : Error fetching companies for metrics

java.lang.RuntimeException: Database error
	at at.backend.MarketingCompany.customer.application.service.CustomerCompanyQueryHandlerImpl.getGlobalCompanyMetrics(CustomerCompanyQueryHandlerImpl.java:170) ~[main/:na]
	at at.backend.MarketingCompany.customer.application.service.CustomerCompanyQueryHandlerImpl.handle(CustomerCompanyQueryHandlerImpl.java:123) ~[main/:na]
	at at.backend.MarketingCompany.MarketingCampaing.customer.application.CustomerCompanyQueryHandlerImplTest.handleGetCompanyMetricsQuery_RepositoryError_ShouldReturnEmptyMetrics(CustomerCompanyQueryHandlerImplTest.java:523) ~[test/:na]
	at java.base/jdk.internal.reflect.DirectMethodHandleAccessor.invoke(DirectMethodHandleAccessor.java:103) ~[na:na]
	at java.base/java.lang.reflect.Method.invoke(Method.java:580) ~[na:na]
	at org.junit.platform.commons.util.ReflectionUtils.invokeMethod(ReflectionUtils.java:767) ~[junit-platform-commons-1.11.4.jar:1.11.4]
	at org.junit.jupiter.engine.execution.MethodInvocation.proceed(MethodInvocation.java:60) ~[junit-jupiter-engine-5.11.4.jar:5.11.4]
	at org.junit.jupiter.engine.execution.InvocationInterceptorChain$ValidatingInvocation.proceed(InvocationInterceptorChain.java:131) ~[junit-jupiter-engine-5.11.4.jar:5.11.4]
	at org.junit.jupiter.engine.extension.TimeoutExtension.intercept(TimeoutExtension.java:156) ~[junit-jupiter-engine-5.11.4.jar:5.11.4]
	at org.junit.jupiter.engine.extension.TimeoutExtension.interceptTestableMethod(TimeoutExtension.java:147) ~[junit-jupiter-engine-5.11.4.jar:5.11.4]
	at org.junit.jupiter.engine.extension.TimeoutExtension.interceptTestMethod(TimeoutExtension.java:86) ~[junit-jupiter-engine-5.11.4.jar:5.11.4]
	at org.junit.jupiter.engine.execution.InterceptingExecutableInvoker$ReflectiveInterceptorCall.lambda$ofVoidMethod$0(InterceptingExecutableInvoker.java:103) ~[junit-jupiter-engine-5.11.4.jar:5.11.4]
	at org.junit.jupiter.engine.execution.InterceptingExecutableInvoker.lambda$invoke$0(InterceptingExecutableInvoker.java:93) ~[junit-jupiter-engine-5.11.4.jar:5.11.4]
	at org.junit.jupiter.engine.execution.InvocationInterceptorChain$InterceptedInvocation.proceed(InvocationInterceptorChain.java:106) ~[junit-jupiter-engine-5.11.4.jar:5.11.4]
	at org.junit.jupiter.engine.execution.InvocationInterceptorChain.proceed(InvocationInterceptorChain.java:64) ~[junit-jupiter-engine-5.11.4.jar:5.11.4]
	at org.junit.jupiter.engine.execution.InvocationInterceptorChain.chainAndInvoke(InvocationInterceptorChain.java:45) ~[junit-jupiter-engine-5.11.4.jar:5.11.4]
	at org.junit.jupiter.engine.execution.InvocationInterceptorChain.invoke(InvocationInterceptorChain.java:37) ~[junit-jupiter-engine-5.11.4.jar:5.11.4]
	at org.junit.jupiter.engine.execution.InterceptingExecutableInvoker.invoke(InterceptingExecutableInvoker.java:92) ~[junit-jupiter-engine-5.11.4.jar:5.11.4]
	at org.junit.jupiter.engine.execution.InterceptingExecutableInvoker.invoke(InterceptingExecutableInvoker.java:86) ~[junit-jupiter-engine-5.11.4.jar:5.11.4]
	at org.junit.jupiter.engine.descriptor.TestMethodTestDescriptor.lambda$invokeTestMethod$8(TestMethodTestDescriptor.java:217) ~[junit-jupiter-engine-5.11.4.jar:5.11.4]
	at org.junit.platform.engine.support.hierarchical.ThrowableCollector.execute(ThrowableCollector.java:73) ~[junit-platform-engine-1.11.4.jar:1.11.4]
	at org.junit.jupiter.engine.descriptor.TestMethodTestDescriptor.invokeTestMethod(TestMethodTestDescriptor.java:213) ~[junit-jupiter-engine-5.11.4.jar:5.11.4]
	at org.junit.jupiter.engine.descriptor.TestMethodTestDescriptor.execute(TestMethodTestDescriptor.java:138) ~[junit-jupiter-engine-5.11.4.jar:5.11.4]
	at org.junit.jupiter.engine.descriptor.TestMethodTestDescriptor.execute(TestMethodTestDescriptor.java:68) ~[junit-jupiter-engine-5.11.4.jar:5.11.4]
	at org.junit.platform.engine.support.hierarchical.NodeTestTask.lambda$executeRecursively$6(NodeTestTask.java:156) ~[junit-platform-engine-1.11.4.jar:1.11.4]
	at org.junit.platform.engine.support.hierarchical.ThrowableCollector.execute(ThrowableCollector.java:73) ~[junit-platform-engine-1.11.4.jar:1.11.4]
	at org.junit.platform.engine.support.hierarchical.NodeTestTask.lambda$executeRecursively$8(NodeTestTask.java:146) ~[junit-platform-engine-1.11.4.jar:1.11.4]
	at org.junit.platform.engine.support.hierarchical.Node.around(Node.java:137) ~[junit-platform-engine-1.11.4.jar:1.11.4]
	at org.junit.platform.engine.support.hierarchical.NodeTestTask.lambda$executeRecursively$9(NodeTestTask.java:144) ~[junit-platform-engine-1.11.4.jar:1.11.4]
	at org.junit.platform.engine.support.hierarchical.ThrowableCollector.execute(ThrowableCollector.java:73) ~[junit-platform-engine-1.11.4.jar:1.11.4]
	at org.junit.platform.engine.support.hierarchical.NodeTestTask.executeRecursively(NodeTestTask.java:143) ~[junit-platform-engine-1.11.4.jar:1.11.4]
	at org.junit.platform.engine.support.hierarchical.NodeTestTask.execute(NodeTestTask.java:100) ~[junit-platform-engine-1.11.4.jar:1.11.4]
	at java.base/java.util.ArrayList.forEach(ArrayList.java:1597) ~[na:na]
	at org.junit.platform.engine.support.hierarchical.SameThreadHierarchicalTestExecutorService.invokeAll(SameThreadHierarchicalTestExecutorService.java:41) ~[junit-platform-engine-1.11.4.jar:1.11.4]
	at org.junit.platform.engine.support.hierarchical.NodeTestTask.lambda$executeRecursively$6(NodeTestTask.java:160) ~[junit-platform-engine-1.11.4.jar:1.11.4]
	at org.junit.platform.engine.support.hierarchical.ThrowableCollector.execute(ThrowableCollector.java:73) ~[junit-platform-engine-1.11.4.jar:1.11.4]
	at org.junit.platform.engine.support.hierarchical.NodeTestTask.lambda$executeRecursively$8(NodeTestTask.java:146) ~[junit-platform-engine-1.11.4.jar:1.11.4]
	at org.junit.platform.engine.support.hierarchical.Node.around(Node.java:137) ~[junit-platform-engine-1.11.4.jar:1.11.4]
	at org.junit.platform.engine.support.hierarchical.NodeTestTask.lambda$executeRecursively$9(NodeTestTask.java:144) ~[junit-platform-engine-1.11.4.jar:1.11.4]
	at org.junit.platform.engine.support.hierarchical.ThrowableCollector.execute(ThrowableCollector.java:73) ~[junit-platform-engine-1.11.4.jar:1.11.4]
	at org.junit.platform.engine.support.hierarchical.NodeTestTask.executeRecursively(NodeTestTask.java:143) ~[junit-platform-engine-1.11.4.jar:1.11.4]
	at org.junit.platform.engine.support.hierarchical.NodeTestTask.execute(NodeTestTask.java:100) ~[junit-platform-engine-1.11.4.jar:1.11.4]
	at java.base/java.util.ArrayList.forEach(ArrayList.java:1597) ~[na:na]
	at org.junit.platform.engine.support.hierarchical.SameThreadHierarchicalTestExecutorService.invokeAll(SameThreadHierarchicalTestExecutorService.java:41) ~[junit-platform-engine-1.11.4.jar:1.11.4]
	at org.junit.platform.engine.support.hierarchical.NodeTestTask.lambda$executeRecursively$6(NodeTestTask.java:160) ~[junit-platform-engine-1.11.4.jar:1.11.4]
	at org.junit.platform.engine.support.hierarchical.ThrowableCollector.execute(ThrowableCollector.java:73) ~[junit-platform-engine-1.11.4.jar:1.11.4]
	at org.junit.platform.engine.support.hierarchical.NodeTestTask.lambda$executeRecursively$8(NodeTestTask.java:146) ~[junit-platform-engine-1.11.4.jar:1.11.4]
	at org.junit.platform.engine.support.hierarchical.Node.around(Node.java:137) ~[junit-platform-engine-1.11.4.jar:1.11.4]
	at org.junit.platform.engine.support.hierarchical.NodeTestTask.lambda$executeRecursively$9(NodeTestTask.java:144) ~[junit-platform-engine-1.11.4.jar:1.11.4]
	at org.junit.platform.engine.support.hierarchical.ThrowableCollector.execute(ThrowableCollector.java:73) ~[junit-platform-engine-1.11.4.jar:1.11.4]
	at org.junit.platform.engine.support.hierarchical.NodeTestTask.executeRecursively(NodeTestTask.java:143) ~[junit-platform-engine-1.11.4.jar:1.11.4]
	at org.junit.platform.engine.support.hierarchical.NodeTestTask.execute(NodeTestTask.java:100) ~[junit-platform-engine-1.11.4.jar:1.11.4]
	at org.junit.platform.engine.support.hierarchical.SameThreadHierarchicalTestExecutorService.submit(SameThreadHierarchicalTestExecutorService.java:35) ~[junit-platform-engine-1.11.4.jar:1.11.4]
	at org.junit.platform.engine.support.hierarchical.HierarchicalTestExecutor.execute(HierarchicalTestExecutor.java:57) ~[junit-platform-engine-1.11.4.jar:1.11.4]
	at org.junit.platform.engine.support.hierarchical.HierarchicalTestEngine.execute(HierarchicalTestEngine.java:54) ~[junit-platform-engine-1.11.4.jar:1.11.4]
	at org.junit.platform.launcher.core.EngineExecutionOrchestrator.execute(EngineExecutionOrchestrator.java:198) ~[junit-platform-launcher-1.11.4.jar:1.11.4]
	at org.junit.platform.launcher.core.EngineExecutionOrchestrator.execute(EngineExecutionOrchestrator.java:169) ~[junit-platform-launcher-1.11.4.jar:1.11.4]
	at org.junit.platform.launcher.core.EngineExecutionOrchestrator.execute(EngineExecutionOrchestrator.java:93) ~[junit-platform-launcher-1.11.4.jar:1.11.4]
	at org.junit.platform.launcher.core.EngineExecutionOrchestrator.lambda$execute$0(EngineExecutionOrchestrator.java:58) ~[junit-platform-launcher-1.11.4.jar:1.11.4]
	at org.junit.platform.launcher.core.EngineExecutionOrchestrator.withInterceptedStreams(EngineExecutionOrchestrator.java:141) ~[junit-platform-launcher-1.11.4.jar:1.11.4]
	at org.junit.platform.launcher.core.EngineExecutionOrchestrator.execute(EngineExecutionOrchestrator.java:57) ~[junit-platform-launcher-1.11.4.jar:1.11.4]
	at org.junit.platform.launcher.core.DefaultLauncher.execute(DefaultLauncher.java:103) ~[junit-platform-launcher-1.11.4.jar:1.11.4]
	at org.junit.platform.launcher.core.DefaultLauncher.execute(DefaultLauncher.java:85) ~[junit-platform-launcher-1.11.4.jar:1.11.4]
	at org.junit.platform.launcher.core.DelegatingLauncher.execute(DelegatingLauncher.java:47) ~[junit-platform-launcher-1.11.4.jar:1.11.4]
	at org.gradle.api.internal.tasks.testing.junitplatform.JUnitPlatformTestClassProcessor$CollectAllTestClassesExecutor.processAllTestClasses(JUnitPlatformTestClassProcessor.java:135) ~[na:na]
	at org.gradle.api.internal.tasks.testing.junitplatform.JUnitPlatformTestClassProcessor$CollectAllTestClassesExecutor.access$000(JUnitPlatformTestClassProcessor.java:110) ~[na:na]
	at org.gradle.api.internal.tasks.testing.junitplatform.JUnitPlatformTestClassProcessor.stop(JUnitPlatformTestClassProcessor.java:104) ~[na:na]
	at org.gradle.api.internal.tasks.testing.SuiteTestClassProcessor.stop(SuiteTestClassProcessor.java:64) ~[na:na]
	at java.base/jdk.internal.reflect.DirectMethodHandleAccessor.invoke(DirectMethodHandleAccessor.java:103) ~[na:na]
	at java.base/java.lang.reflect.Method.invoke(Method.java:580) ~[na:na]
	at org.gradle.internal.dispatch.ReflectionDispatch.dispatch(ReflectionDispatch.java:36) ~[na:na]
	at org.gradle.internal.dispatch.ReflectionDispatch.dispatch(ReflectionDispatch.java:24) ~[na:na]
	at org.gradle.internal.dispatch.ContextClassLoaderDispatch.dispatch(ContextClassLoaderDispatch.java:33) ~[na:na]
	at org.gradle.internal.dispatch.ProxyDispatchAdapter$DispatchingInvocationHandler.invoke(ProxyDispatchAdapter.java:92) ~[na:na]
	at jdk.proxy1/jdk.proxy1.$Proxy4.stop(Unknown Source) ~[na:na]
	at org.gradle.api.internal.tasks.testing.worker.TestWorker$3.run(TestWorker.java:194) ~[na:na]
	at org.gradle.api.internal.tasks.testing.worker.TestWorker.executeAndMaintainThreadName(TestWorker.java:126) ~[na:na]
	at org.gradle.api.internal.tasks.testing.worker.TestWorker.execute(TestWorker.java:103) ~[na:na]
	at org.gradle.api.internal.tasks.testing.worker.TestWorker.execute(TestWorker.java:63) ~[na:na]
	at org.gradle.process.internal.worker.child.ActionExecutionWorker.execute(ActionExecutionWorker.java:56) ~[na:na]
	at org.gradle.process.internal.worker.child.SystemApplicationClassLoaderWorker.call(SystemApplicationClassLoaderWorker.java:122) ~[na:na]
	at org.gradle.process.internal.worker.child.SystemApplicationClassLoaderWorker.call(SystemApplicationClassLoaderWorker.java:72) ~[na:na]
	at worker.org.gradle.process.internal.worker.GradleWorkerMain.run(GradleWorkerMain.java:69) ~[gradle-worker.jar:na]
	at worker.org.gradle.process.internal.worker.GradleWorkerMain.main(GradleWorkerMain.java:74) ~[gradle-worker.jar:na]

]]></system-out>
  <system-err><![CDATA[]]></system-err>
</testsuite>
