<?xml version="1.0" encoding="UTF-8"?>
<testsuite name="Complete Deal Command" tests="2" skipped="0" failures="0" errors="0" timestamp="2025-12-09T06:02:33.804Z" hostname="Administrator" time="0.011">
  <properties/>
  <testcase name="should throw exception when end date is invalid" classname="at.backend.MarketingCompany.MarketingCampaing.crm.deal.application.DealApplicationServiceTest$CompleteDealCommandTests" time="0.004"/>
  <testcase name="should complete deal successfully" classname="at.backend.MarketingCompany.MarketingCampaing.crm.deal.application.DealApplicationServiceTest$CompleteDealCommandTests" time="0.007"/>
  <system-out><![CDATA[2025-12-09T00:02:33.807-06:00  INFO 993380 --- [CRM] [    Test worker] a.b.M.c.d.a.DealApplicationServiceImpl   : Completing deal: DealId[value=afbd2ab2-2535-4055-96d1-3ebe780976e9]
2025-12-09T00:02:33.812-06:00  INFO 993380 --- [CRM] [    Test worker] a.b.M.c.d.a.DealApplicationServiceImpl   : Completing deal: DealId[value=24e4e139-5e91-4e5a-9efe-c00a5e7f00c2]
2025-12-09T00:02:33.812-06:00  INFO 993380 --- [CRM] [    Test worker] a.b.M.c.d.a.DealApplicationServiceImpl   : Deal DealId[value=24e4e139-5e91-4e5a-9efe-c00a5e7f00c2] completed successfully
]]></system-out>
  <system-err><![CDATA[]]></system-err>
</testsuite>
