<?xml version="1.0" encoding="UTF-8"?>
<testsuite name="Creation" tests="6" skipped="0" failures="0" errors="0" timestamp="2025-12-09T06:03:38.147Z" hostname="Administrator" time="0.007">
  <properties/>
  <testcase name="should generate opportunity with minimal parameters" classname="at.backend.MarketingCompany.MarketingCampaing.crm.opportunity.domain.OpportunityTest$CreationTests" time="0.0"/>
  <testcase name="should throw exception when generate params are null" classname="at.backend.MarketingCompany.MarketingCampaing.crm.opportunity.domain.OpportunityTest$CreationTests" time="0.0"/>
  <testcase name="should generate opportunity with valid parameters" classname="at.backend.MarketingCompany.MarketingCampaing.crm.opportunity.domain.OpportunityTest$CreationTests" time="0.0"/>
  <testcase name="[1] invalidTitle=null" classname="at.backend.MarketingCompany.MarketingCampaing.crm.opportunity.domain.OpportunityTest$CreationTests" time="0.002"/>
  <testcase name="[2] invalidTitle=" classname="at.backend.MarketingCompany.MarketingCampaing.crm.opportunity.domain.OpportunityTest$CreationTests" time="0.001"/>
  <testcase name="should throw exception when customerCompanyId is null" classname="at.backend.MarketingCompany.MarketingCampaing.crm.opportunity.domain.OpportunityTest$CreationTests" time="0.001"/>
  <system-out><![CDATA[]]></system-out>
  <system-err><![CDATA[]]></system-err>
</testsuite>
