<?xml version="1.0" encoding="UTF-8"?>
<testsuite name="State Transitions" tests="14" skipped="0" failures="1" errors="0" timestamp="2025-12-09T06:02:33.946Z" hostname="Administrator" time="0.04">
  <properties/>
  <testcase name="should throw exception when signing with null amount" classname="at.backend.MarketingCompany.MarketingCampaing.crm.deal.domain.DealTest$StateTransitionTests" time="0.001"/>
  <testcase name="should start execution from PAID state" classname="at.backend.MarketingCompany.MarketingCampaing.crm.deal.domain.DealTest$StateTransitionTests" time="0.001"/>
  <testcase name="should transition from DRAFT to IN_NEGOTIATION" classname="at.backend.MarketingCompany.MarketingCampaing.crm.deal.domain.DealTest$StateTransitionTests" time="0.002"/>
  <testcase name="[1] invalidTerms=null" classname="at.backend.MarketingCompany.MarketingCampaing.crm.deal.domain.DealTest$StateTransitionTests" time="0.001"/>
  <testcase name="[2] invalidTerms=" classname="at.backend.MarketingCompany.MarketingCampaing.crm.deal.domain.DealTest$StateTransitionTests" time="0.001"/>
  <testcase name="should complete deal from IN_PROGRESS state" classname="at.backend.MarketingCompany.MarketingCampaing.crm.deal.domain.DealTest$StateTransitionTests" time="0.011">
    <failure message="org.opentest4j.AssertionFailedError: &#10;expected: 2026-01-09 (java.time.LocalDate)&#10; but was: Optional[2026-01-09]" type="org.opentest4j.AssertionFailedError">org.opentest4j.AssertionFailedError: 
expected: 2026-01-09 (java.time.LocalDate)
 but was: Optional[2026-01-09]
	at app//at.backend.MarketingCompany.MarketingCampaing.crm.deal.domain.DealTest$StateTransitionTests.completeDeal_FromInProgress_ShouldTransitionToCompleted(DealTest.java:251)
	at java.base@23.0.2/java.lang.reflect.Method.invoke(Method.java:580)
	at java.base@23.0.2/java.util.ArrayList.forEach(ArrayList.java:1597)
	at java.base@23.0.2/java.util.ArrayList.forEach(ArrayList.java:1597)
	at java.base@23.0.2/java.util.ArrayList.forEach(ArrayList.java:1597)
</failure>
  </testcase>
  <testcase name="should cancel deal from any active state" classname="at.backend.MarketingCompany.MarketingCampaing.crm.deal.domain.DealTest$StateTransitionTests" time="0.001"/>
  <testcase name="should throw exception when signing with null manager" classname="at.backend.MarketingCompany.MarketingCampaing.crm.deal.domain.DealTest$StateTransitionTests" time="0.001"/>
  <testcase name="[1] terminalStatus=COMPLETED" classname="at.backend.MarketingCompany.MarketingCampaing.crm.deal.domain.DealTest$StateTransitionTests" time="0.002"/>
  <testcase name="[2] terminalStatus=CANCELLED" classname="at.backend.MarketingCompany.MarketingCampaing.crm.deal.domain.DealTest$StateTransitionTests" time="0.001"/>
  <testcase name="should sign deal from IN_NEGOTIATION with valid parameters" classname="at.backend.MarketingCompany.MarketingCampaing.crm.deal.domain.DealTest$StateTransitionTests" time="0.002"/>
  <testcase name="should throw exception when signing with zero amount" classname="at.backend.MarketingCompany.MarketingCampaing.crm.deal.domain.DealTest$StateTransitionTests" time="0.002"/>
  <testcase name="should mark as paid from SIGNED state" classname="at.backend.MarketingCompany.MarketingCampaing.crm.deal.domain.DealTest$StateTransitionTests" time="0.001"/>
  <testcase name="should throw exception when completing with end date before start date" classname="at.backend.MarketingCompany.MarketingCampaing.crm.deal.domain.DealTest$StateTransitionTests" time="0.001"/>
  <system-out><![CDATA[]]></system-out>
  <system-err><![CDATA[]]></system-err>
</testsuite>
