<?xml version="1.0" encoding="UTF-8"?>
<testsuite name="at.backend.MarketingCompany.MarketingCampaing.customer.application.CustomerCompanyCommandHandlerImplTest" tests="24" skipped="0" failures="7" errors="0" timestamp="2025-12-09T06:03:38.155Z" hostname="Administrator" time="0.383">
  <properties/>
  <testcase name="handleAddContactPersonCommand_ValidCommand_ShouldAddContactAndSaveCompany()" classname="at.backend.MarketingCompany.MarketingCampaing.customer.application.CustomerCompanyCommandHandlerImplTest" time="0.241">
    <failure message="java.lang.NullPointerException: Cannot invoke &quot;java.lang.Boolean.booleanValue()&quot; because the return value of &quot;org.mockito.ArgumentMatchers.any()&quot; is null" type="java.lang.NullPointerException">java.lang.NullPointerException: Cannot invoke &quot;java.lang.Boolean.booleanValue()&quot; because the return value of &quot;org.mockito.ArgumentMatchers.any()&quot; is null
	at at.backend.MarketingCompany.MarketingCampaing.customer.application.CustomerCompanyCommandHandlerImplTest.handleAddContactPersonCommand_ValidCommand_ShouldAddContactAndSaveCompany(CustomerCompanyCommandHandlerImplTest.java:419)
	at java.base/java.lang.reflect.Method.invoke(Method.java:580)
	at java.base/java.util.ArrayList.forEach(ArrayList.java:1597)
	at java.base/java.util.ArrayList.forEach(ArrayList.java:1597)
</failure>
  </testcase>
  <testcase name="handleBlockCompanyCommand_CompanyNotFound_ShouldThrowException()" classname="at.backend.MarketingCompany.MarketingCampaing.customer.application.CustomerCompanyCommandHandlerImplTest" time="0.009">
    <failure message="org.mockito.exceptions.misusing.InvalidUseOfMatchersException: &#10;Misplaced or misused argument matcher detected here:&#10;&#10;-&gt; at at.backend.MarketingCompany.MarketingCampaing.customer.application.CustomerCompanyCommandHandlerImplTest.handleAddContactPersonCommand_ValidCommand_ShouldAddContactAndSaveCompany(CustomerCompanyCommandHandlerImplTest.java:419)&#10;-&gt; at at.backend.MarketingCompany.MarketingCampaing.customer.application.CustomerCompanyCommandHandlerImplTest.handleAddContactPersonCommand_ValidCommand_ShouldAddContactAndSaveCompany(CustomerCompanyCommandHandlerImplTest.java:419)&#10;-&gt; at at.backend.MarketingCompany.MarketingCampaing.customer.application.CustomerCompanyCommandHandlerImplTest.handleAddContactPersonCommand_ValidCommand_ShouldAddContactAndSaveCompany(CustomerCompanyCommandHandlerImplTest.java:419)&#10;-&gt; at at.backend.MarketingCompany.MarketingCampaing.customer.application.CustomerCompanyCommandHandlerImplTest.handleAddContactPersonCommand_ValidCommand_ShouldAddContactAndSaveCompany(CustomerCompanyCommandHandlerImplTest.java:419)&#10;-&gt; at at.backend.MarketingCompany.MarketingCampaing.customer.application.CustomerCompanyCommandHandlerImplTest.handleAddContactPersonCommand_ValidCommand_ShouldAddContactAndSaveCompany(CustomerCompanyCommandHandlerImplTest.java:419)&#10;-&gt; at at.backend.MarketingCompany.MarketingCampaing.customer.application.CustomerCompanyCommandHandlerImplTest.handleAddContactPersonCommand_ValidCommand_ShouldAddContactAndSaveCompany(CustomerCompanyCommandHandlerImplTest.java:419)&#10;-&gt; at at.backend.MarketingCompany.MarketingCampaing.customer.application.CustomerCompanyCommandHandlerImplTest.handleAddContactPersonCommand_ValidCommand_ShouldAddContactAndSaveCompany(CustomerCompanyCommandHandlerImplTest.java:419)&#10;&#10;You cannot use argument matchers outside of verification or stubbing.&#10;Examples of correct usage of argument matchers:&#10;    when(mock.get(anyInt())).thenReturn(null);&#10;    doThrow(new RuntimeException()).when(mock).someVoidMethod(any());&#10;    verify(mock).someMethod(contains(&quot;foo&quot;))&#10;&#10;This message may appear after an NullPointerException if the last matcher is returning an object &#10;like any() but the stubbed method signature expect a primitive argument, in this case,&#10;use primitive alternatives.&#10;    when(mock.get(any())); // bad use, will raise NPE&#10;    when(mock.get(anyInt())); // correct usage use&#10;&#10;Also, this error might show up because you use argument matchers with methods that cannot be mocked.&#10;Following methods *cannot* be stubbed/verified: final/private/equals()/hashCode().&#10;Mocking methods declared on non-public parent classes is not supported.&#10;" type="org.mockito.exceptions.misusing.InvalidUseOfMatchersException">org.mockito.exceptions.misusing.InvalidUseOfMatchersException: 
Misplaced or misused argument matcher detected here:

-&gt; at at.backend.MarketingCompany.MarketingCampaing.customer.application.CustomerCompanyCommandHandlerImplTest.handleAddContactPersonCommand_ValidCommand_ShouldAddContactAndSaveCompany(CustomerCompanyCommandHandlerImplTest.java:419)
-&gt; at at.backend.MarketingCompany.MarketingCampaing.customer.application.CustomerCompanyCommandHandlerImplTest.handleAddContactPersonCommand_ValidCommand_ShouldAddContactAndSaveCompany(CustomerCompanyCommandHandlerImplTest.java:419)
-&gt; at at.backend.MarketingCompany.MarketingCampaing.customer.application.CustomerCompanyCommandHandlerImplTest.handleAddContactPersonCommand_ValidCommand_ShouldAddContactAndSaveCompany(CustomerCompanyCommandHandlerImplTest.java:419)
-&gt; at at.backend.MarketingCompany.MarketingCampaing.customer.application.CustomerCompanyCommandHandlerImplTest.handleAddContactPersonCommand_ValidCommand_ShouldAddContactAndSaveCompany(CustomerCompanyCommandHandlerImplTest.java:419)
-&gt; at at.backend.MarketingCompany.MarketingCampaing.customer.application.CustomerCompanyCommandHandlerImplTest.handleAddContactPersonCommand_ValidCommand_ShouldAddContactAndSaveCompany(CustomerCompanyCommandHandlerImplTest.java:419)
-&gt; at at.backend.MarketingCompany.MarketingCampaing.customer.application.CustomerCompanyCommandHandlerImplTest.handleAddContactPersonCommand_ValidCommand_ShouldAddContactAndSaveCompany(CustomerCompanyCommandHandlerImplTest.java:419)
-&gt; at at.backend.MarketingCompany.MarketingCampaing.customer.application.CustomerCompanyCommandHandlerImplTest.handleAddContactPersonCommand_ValidCommand_ShouldAddContactAndSaveCompany(CustomerCompanyCommandHandlerImplTest.java:419)

You cannot use argument matchers outside of verification or stubbing.
Examples of correct usage of argument matchers:
    when(mock.get(anyInt())).thenReturn(null);
    doThrow(new RuntimeException()).when(mock).someVoidMethod(any());
    verify(mock).someMethod(contains(&quot;foo&quot;))

This message may appear after an NullPointerException if the last matcher is returning an object 
like any() but the stubbed method signature expect a primitive argument, in this case,
use primitive alternatives.
    when(mock.get(any())); // bad use, will raise NPE
    when(mock.get(anyInt())); // correct usage use

Also, this error might show up because you use argument matchers with methods that cannot be mocked.
Following methods *cannot* be stubbed/verified: final/private/equals()/hashCode().
Mocking methods declared on non-public parent classes is not supported.

	at app//org.mockito.junit.jupiter.MockitoExtension.beforeEach(MockitoExtension.java:160)
	at java.base@23.0.2/java.util.ArrayList.forEach(ArrayList.java:1597)
	at java.base@23.0.2/java.util.ArrayList.forEach(ArrayList.java:1597)
	Suppressed: java.lang.NullPointerException: Cannot invoke &quot;java.util.Set.forEach(java.util.function.Consumer)&quot; because the return value of &quot;org.junit.jupiter.api.extension.ExtensionContext$Store.remove(Object, java.lang.Class)&quot; is null
		at org.mockito.junit.jupiter.MockitoExtension.afterEach(MockitoExtension.java:194)
		... 2 more
</failure>
  </testcase>
  <testcase name="handleUpdateCompanyCommand_WithOnlyNameUpdate_ShouldUpdateOnlyName()" classname="at.backend.MarketingCompany.MarketingCampaing.customer.application.CustomerCompanyCommandHandlerImplTest" time="0.027"/>
  <testcase name="handleUpgradeToEnterpriseCommand_ValidCommand_ShouldUpgradeAndSaveCompany()" classname="at.backend.MarketingCompany.MarketingCampaing.customer.application.CustomerCompanyCommandHandlerImplTest" time="0.006"/>
  <testcase name="handleDeactivateCompanyCommand_ValidCommand_ShouldDeactivateAndSaveCompany()" classname="at.backend.MarketingCompany.MarketingCampaing.customer.application.CustomerCompanyCommandHandlerImplTest" time="0.005"/>
  <testcase name="handleRemoveContactPersonCommand_NonExistentEmail_ShouldStillSaveCompany()" classname="at.backend.MarketingCompany.MarketingCampaing.customer.application.CustomerCompanyCommandHandlerImplTest" time="0.005"/>
  <testcase name="handleUpdateCompanyCommand_ValidCommand_ShouldUpdateAndSaveCompany()" classname="at.backend.MarketingCompany.MarketingCampaing.customer.application.CustomerCompanyCommandHandlerImplTest" time="0.007"/>
  <testcase name="handleRemoveContactPersonCommand_CompanyNotFound_ShouldThrowException()" classname="at.backend.MarketingCompany.MarketingCampaing.customer.application.CustomerCompanyCommandHandlerImplTest" time="0.005"/>
  <testcase name="handleActivateCompanyCommand_CompanyNotFound_ShouldThrowException()" classname="at.backend.MarketingCompany.MarketingCampaing.customer.application.CustomerCompanyCommandHandlerImplTest" time="0.002"/>
  <testcase name="handleUpdateCompanyCommand_CompanyNotFound_ShouldThrowException()" classname="at.backend.MarketingCompany.MarketingCampaing.customer.application.CustomerCompanyCommandHandlerImplTest" time="0.005"/>
  <testcase name="handleDeleteCompanyCommand_CompanyNotFound_ShouldThrowException()" classname="at.backend.MarketingCompany.MarketingCampaing.customer.application.CustomerCompanyCommandHandlerImplTest" time="0.005"/>
  <testcase name="handleRemoveContactPersonCommand_ValidCommand_ShouldRemoveContactAndSaveCompany()" classname="at.backend.MarketingCompany.MarketingCampaing.customer.application.CustomerCompanyCommandHandlerImplTest" time="0.003">
    <failure message="at.backend.MarketingCompany.customer.domain.exceptions.CustomerDomainException: Company must have at least one contact person" type="at.backend.MarketingCompany.customer.domain.exceptions.CustomerDomainException">at.backend.MarketingCompany.customer.domain.exceptions.CustomerDomainException: Company must have at least one contact person
	at app//at.backend.MarketingCompany.customer.domain.entity.CustomerCompany.removeContactPerson(CustomerCompany.java:303)
	at app//at.backend.MarketingCompany.customer.application.service.CustomerCompanyCommandHandlerImpl.handle(CustomerCompanyCommandHandlerImpl.java:203)
	at app//at.backend.MarketingCompany.MarketingCampaing.customer.application.CustomerCompanyCommandHandlerImplTest.handleRemoveContactPersonCommand_ValidCommand_ShouldRemoveContactAndSaveCompany(CustomerCompanyCommandHandlerImplTest.java:454)
	at java.base@23.0.2/java.lang.reflect.Method.invoke(Method.java:580)
	at java.base@23.0.2/java.util.ArrayList.forEach(ArrayList.java:1597)
	at java.base@23.0.2/java.util.ArrayList.forEach(ArrayList.java:1597)
</failure>
  </testcase>
  <testcase name="handleCreateCompanyCommand_EmptyTaxId_ShouldNotSetBillingInfo()" classname="at.backend.MarketingCompany.MarketingCampaing.customer.application.CustomerCompanyCommandHandlerImplTest" time="0.007"/>
  <testcase name="handleCreateCompanyCommand_ValidCommand_ShouldCreateAndSaveCompany()" classname="at.backend.MarketingCompany.MarketingCampaing.customer.application.CustomerCompanyCommandHandlerImplTest" time="0.004">
    <failure message="at.backend.MarketingCompany.customer.domain.exceptions.CustomerDomainException: Billing email cannot be null at creation" type="at.backend.MarketingCompany.customer.domain.exceptions.CustomerDomainException">at.backend.MarketingCompany.customer.domain.exceptions.CustomerDomainException: Billing email cannot be null at creation
	at app//at.backend.MarketingCompany.customer.domain.valueobject.BillingInformation.validate(BillingInformation.java:47)
	at app//at.backend.MarketingCompany.customer.domain.valueobject.BillingInformation.&lt;init&gt;(BillingInformation.java:21)
	at app//at.backend.MarketingCompany.customer.domain.valueobject.BillingInformation.create(BillingInformation.java:17)
	at app//at.backend.MarketingCompany.customer.application.service.CustomerCompanyCommandHandlerImpl.lambda$handle$1(CustomerCompanyCommandHandlerImpl.java:55)
	at java.base@23.0.2/java.util.Optional.map(Optional.java:260)
	at app//at.backend.MarketingCompany.customer.application.service.CustomerCompanyCommandHandlerImpl.handle(CustomerCompanyCommandHandlerImpl.java:55)
	at app//at.backend.MarketingCompany.MarketingCampaing.customer.application.CustomerCompanyCommandHandlerImplTest.handleCreateCompanyCommand_ValidCommand_ShouldCreateAndSaveCompany(CustomerCompanyCommandHandlerImplTest.java:120)
	at java.base@23.0.2/java.lang.reflect.Method.invoke(Method.java:580)
	at java.base@23.0.2/java.util.ArrayList.forEach(ArrayList.java:1597)
	at java.base@23.0.2/java.util.ArrayList.forEach(ArrayList.java:1597)
</failure>
  </testcase>
  <testcase name="handleCreateCompanyCommand_WithoutTaxId_ShouldCreateCompanyWithoutBillingInfo()" classname="at.backend.MarketingCompany.MarketingCampaing.customer.application.CustomerCompanyCommandHandlerImplTest" time="0.005"/>
  <testcase name="handleBlockCompanyCommand_ValidCommand_ShouldBlockAndSaveCompany()" classname="at.backend.MarketingCompany.MarketingCampaing.customer.application.CustomerCompanyCommandHandlerImplTest" time="0.005"/>
  <testcase name="handleDeleteCompanyCommand_ValidCommand_ShouldDeleteCompany()" classname="at.backend.MarketingCompany.MarketingCampaing.customer.application.CustomerCompanyCommandHandlerImplTest" time="0.004"/>
  <testcase name="handleUpgradeToEnterpriseCommand_CompanyNotFound_ShouldThrowException()" classname="at.backend.MarketingCompany.MarketingCampaing.customer.application.CustomerCompanyCommandHandlerImplTest" time="0.004"/>
  <testcase name="handleUpgradeToEnterpriseCommand_InvalidCurrency_ShouldThrowException()" classname="at.backend.MarketingCompany.MarketingCampaing.customer.application.CustomerCompanyCommandHandlerImplTest" time="0.003"/>
  <testcase name="handleActivateCompanyCommand_ValidCommand_ShouldActivateAndSaveCompany()" classname="at.backend.MarketingCompany.MarketingCampaing.customer.application.CustomerCompanyCommandHandlerImplTest" time="0.003"/>
  <testcase name="handleDeactivateCompanyCommand_CompanyNotFound_ShouldThrowException()" classname="at.backend.MarketingCompany.MarketingCampaing.customer.application.CustomerCompanyCommandHandlerImplTest" time="0.002"/>
  <testcase name="handleSignContractCommand_ValidCommand_ShouldSignContractAndSaveCompany()" classname="at.backend.MarketingCompany.MarketingCampaing.customer.application.CustomerCompanyCommandHandlerImplTest" time="0.003">
    <failure message="java.lang.NullPointerException: Cannot invoke &quot;java.lang.Boolean.booleanValue()&quot; because the return value of &quot;org.mockito.ArgumentMatchers.any()&quot; is null" type="java.lang.NullPointerException">java.lang.NullPointerException: Cannot invoke &quot;java.lang.Boolean.booleanValue()&quot; because the return value of &quot;org.mockito.ArgumentMatchers.any()&quot; is null
	at at.backend.MarketingCompany.MarketingCampaing.customer.application.CustomerCompanyCommandHandlerImplTest.handleSignContractCommand_ValidCommand_ShouldSignContractAndSaveCompany(CustomerCompanyCommandHandlerImplTest.java:357)
	at java.base/java.lang.reflect.Method.invoke(Method.java:580)
	at java.base/java.util.ArrayList.forEach(ArrayList.java:1597)
	at java.base/java.util.ArrayList.forEach(ArrayList.java:1597)
</failure>
  </testcase>
  <testcase name="handleAddContactPersonCommand_CompanyNotFound_ShouldThrowException()" classname="at.backend.MarketingCompany.MarketingCampaing.customer.application.CustomerCompanyCommandHandlerImplTest" time="0.002">
    <failure message="org.mockito.exceptions.misusing.InvalidUseOfMatchersException: &#10;Misplaced or misused argument matcher detected here:&#10;&#10;-&gt; at at.backend.MarketingCompany.MarketingCampaing.customer.application.CustomerCompanyCommandHandlerImplTest.handleSignContractCommand_ValidCommand_ShouldSignContractAndSaveCompany(CustomerCompanyCommandHandlerImplTest.java:357)&#10;-&gt; at at.backend.MarketingCompany.MarketingCampaing.customer.application.CustomerCompanyCommandHandlerImplTest.handleSignContractCommand_ValidCommand_ShouldSignContractAndSaveCompany(CustomerCompanyCommandHandlerImplTest.java:357)&#10;-&gt; at at.backend.MarketingCompany.MarketingCampaing.customer.application.CustomerCompanyCommandHandlerImplTest.handleSignContractCommand_ValidCommand_ShouldSignContractAndSaveCompany(CustomerCompanyCommandHandlerImplTest.java:357)&#10;-&gt; at at.backend.MarketingCompany.MarketingCampaing.customer.application.CustomerCompanyCommandHandlerImplTest.handleSignContractCommand_ValidCommand_ShouldSignContractAndSaveCompany(CustomerCompanyCommandHandlerImplTest.java:357)&#10;-&gt; at at.backend.MarketingCompany.MarketingCampaing.customer.application.CustomerCompanyCommandHandlerImplTest.handleSignContractCommand_ValidCommand_ShouldSignContractAndSaveCompany(CustomerCompanyCommandHandlerImplTest.java:357)&#10;&#10;You cannot use argument matchers outside of verification or stubbing.&#10;Examples of correct usage of argument matchers:&#10;    when(mock.get(anyInt())).thenReturn(null);&#10;    doThrow(new RuntimeException()).when(mock).someVoidMethod(any());&#10;    verify(mock).someMethod(contains(&quot;foo&quot;))&#10;&#10;This message may appear after an NullPointerException if the last matcher is returning an object &#10;like any() but the stubbed method signature expect a primitive argument, in this case,&#10;use primitive alternatives.&#10;    when(mock.get(any())); // bad use, will raise NPE&#10;    when(mock.get(anyInt())); // correct usage use&#10;&#10;Also, this error might show up because you use argument matchers with methods that cannot be mocked.&#10;Following methods *cannot* be stubbed/verified: final/private/equals()/hashCode().&#10;Mocking methods declared on non-public parent classes is not supported.&#10;" type="org.mockito.exceptions.misusing.InvalidUseOfMatchersException">org.mockito.exceptions.misusing.InvalidUseOfMatchersException: 
Misplaced or misused argument matcher detected here:

-&gt; at at.backend.MarketingCompany.MarketingCampaing.customer.application.CustomerCompanyCommandHandlerImplTest.handleSignContractCommand_ValidCommand_ShouldSignContractAndSaveCompany(CustomerCompanyCommandHandlerImplTest.java:357)
-&gt; at at.backend.MarketingCompany.MarketingCampaing.customer.application.CustomerCompanyCommandHandlerImplTest.handleSignContractCommand_ValidCommand_ShouldSignContractAndSaveCompany(CustomerCompanyCommandHandlerImplTest.java:357)
-&gt; at at.backend.MarketingCompany.MarketingCampaing.customer.application.CustomerCompanyCommandHandlerImplTest.handleSignContractCommand_ValidCommand_ShouldSignContractAndSaveCompany(CustomerCompanyCommandHandlerImplTest.java:357)
-&gt; at at.backend.MarketingCompany.MarketingCampaing.customer.application.CustomerCompanyCommandHandlerImplTest.handleSignContractCommand_ValidCommand_ShouldSignContractAndSaveCompany(CustomerCompanyCommandHandlerImplTest.java:357)
-&gt; at at.backend.MarketingCompany.MarketingCampaing.customer.application.CustomerCompanyCommandHandlerImplTest.handleSignContractCommand_ValidCommand_ShouldSignContractAndSaveCompany(CustomerCompanyCommandHandlerImplTest.java:357)

You cannot use argument matchers outside of verification or stubbing.
Examples of correct usage of argument matchers:
    when(mock.get(anyInt())).thenReturn(null);
    doThrow(new RuntimeException()).when(mock).someVoidMethod(any());
    verify(mock).someMethod(contains(&quot;foo&quot;))

This message may appear after an NullPointerException if the last matcher is returning an object 
like any() but the stubbed method signature expect a primitive argument, in this case,
use primitive alternatives.
    when(mock.get(any())); // bad use, will raise NPE
    when(mock.get(anyInt())); // correct usage use

Also, this error might show up because you use argument matchers with methods that cannot be mocked.
Following methods *cannot* be stubbed/verified: final/private/equals()/hashCode().
Mocking methods declared on non-public parent classes is not supported.

	at app//org.mockito.junit.jupiter.MockitoExtension.beforeEach(MockitoExtension.java:160)
	at java.base@23.0.2/java.util.ArrayList.forEach(ArrayList.java:1597)
	at java.base@23.0.2/java.util.ArrayList.forEach(ArrayList.java:1597)
	Suppressed: java.lang.NullPointerException: Cannot invoke &quot;java.util.Set.forEach(java.util.function.Consumer)&quot; because the return value of &quot;org.junit.jupiter.api.extension.ExtensionContext$Store.remove(Object, java.lang.Class)&quot; is null
		at org.mockito.junit.jupiter.MockitoExtension.afterEach(MockitoExtension.java:194)
		... 2 more
</failure>
  </testcase>
  <testcase name="handleSignContractCommand_CompanyNotFound_ShouldThrowException()" classname="at.backend.MarketingCompany.MarketingCampaing.customer.application.CustomerCompanyCommandHandlerImplTest" time="0.006">
    <failure message="java.lang.NullPointerException: Cannot invoke &quot;java.lang.Boolean.booleanValue()&quot; because the return value of &quot;org.mockito.ArgumentMatchers.any()&quot; is null" type="java.lang.NullPointerException">java.lang.NullPointerException: Cannot invoke &quot;java.lang.Boolean.booleanValue()&quot; because the return value of &quot;org.mockito.ArgumentMatchers.any()&quot; is null
	at at.backend.MarketingCompany.MarketingCampaing.customer.application.CustomerCompanyCommandHandlerImplTest.handleSignContractCommand_CompanyNotFound_ShouldThrowException(CustomerCompanyCommandHandlerImplTest.java:547)
	at java.base/java.lang.reflect.Method.invoke(Method.java:580)
	at java.base/java.util.ArrayList.forEach(ArrayList.java:1597)
	at java.base/java.util.ArrayList.forEach(ArrayList.java:1597)
</failure>
  </testcase>
  <system-out><![CDATA[2025-12-09T00:03:38.413-06:00  INFO 993380 --- [CRM] [    Test worker] .c.a.s.CustomerCompanyCommandHandlerImpl : Updating company: CustomerCompanyId[value=79cb78c7-2160-456a-8177-f8515c57d8a6]
2025-12-09T00:03:38.431-06:00  WARN 993380 --- [CRM] [    Test worker] .c.a.s.CustomerCompanyCommandHandlerImpl : No fields updated for company: CustomerCompanyId[value=79cb78c7-2160-456a-8177-f8515c57d8a6]
2025-12-09T00:03:38.440-06:00  INFO 993380 --- [CRM] [    Test worker] .c.a.s.CustomerCompanyCommandHandlerImpl : Company CustomerCompanyId[value=dd44a2a7-f019-4d8e-925e-1d977b2d49cb] (CompanyName[value=Test Company]) upgraded to enterprise. Revenue: 5000000 USD
2025-12-09T00:03:38.446-06:00  INFO 993380 --- [CRM] [    Test worker] .c.a.s.CustomerCompanyCommandHandlerImpl : Company CustomerCompanyId[value=032df2dd-1c91-4de0-acb1-768a6579f553] (CompanyName[value=Test Company]) deactivated. Reason: Customer requested deactivation
2025-12-09T00:03:38.452-06:00  WARN 993380 --- [CRM] [    Test worker] .c.a.s.CustomerCompanyCommandHandlerImpl : Contact person nonexistent@test.com not found in company CustomerCompanyId[value=7c284754-48ee-48ce-867b-680f2b01337a]
2025-12-09T00:03:38.458-06:00  INFO 993380 --- [CRM] [    Test worker] .c.a.s.CustomerCompanyCommandHandlerImpl : Updating company: CustomerCompanyId[value=8c978496-6f61-4de5-9608-0bbd1b979320]
2025-12-09T00:03:38.459-06:00  INFO 993380 --- [CRM] [    Test worker] .c.a.s.CustomerCompanyCommandHandlerImpl : Company CustomerCompanyId[value=8c978496-6f61-4de5-9608-0bbd1b979320] updated successfully
2025-12-09T00:03:38.473-06:00  INFO 993380 --- [CRM] [    Test worker] .c.a.s.CustomerCompanyCommandHandlerImpl : Updating company: CustomerCompanyId[value=daa0c0e1-ab7e-4af2-a03a-4751579de147]
2025-12-09T00:03:38.489-06:00  INFO 993380 --- [CRM] [    Test worker] .c.a.s.CustomerCompanyCommandHandlerImpl : Creating company: New Company with 1 contact persons
2025-12-09T00:03:38.491-06:00  INFO 993380 --- [CRM] [    Test worker] .c.a.s.CustomerCompanyCommandHandlerImpl : Company created successfully with ID: CustomerCompanyId[value=22ff997c-6842-491f-b4a6-2a4cb91bbbb9]
2025-12-09T00:03:38.495-06:00  INFO 993380 --- [CRM] [    Test worker] .c.a.s.CustomerCompanyCommandHandlerImpl : Creating company: New Tech Company with 1 contact persons
2025-12-09T00:03:38.500-06:00  INFO 993380 --- [CRM] [    Test worker] .c.a.s.CustomerCompanyCommandHandlerImpl : Creating company: New Tech Company with 1 contact persons
2025-12-09T00:03:38.501-06:00  INFO 993380 --- [CRM] [    Test worker] .c.a.s.CustomerCompanyCommandHandlerImpl : Company created successfully with ID: CustomerCompanyId[value=3242d041-1488-4f55-8f77-9e11bbf928ce]
2025-12-09T00:03:38.505-06:00  WARN 993380 --- [CRM] [    Test worker] .c.a.s.CustomerCompanyCommandHandlerImpl : Company CustomerCompanyId[value=08fd3b8a-bd95-4bbc-a649-9c724d929409] (CompanyName[value=Test Company]) blocked. Reason: Suspicious activity detected
2025-12-09T00:03:38.510-06:00  INFO 993380 --- [CRM] [    Test worker] .c.a.s.CustomerCompanyCommandHandlerImpl : Deleting company CustomerCompanyId[value=5dda830e-6cf0-4aad-9cf8-f6c5c4c04471] (CompanyName[value=Test Company])
2025-12-09T00:03:38.511-06:00  INFO 993380 --- [CRM] [    Test worker] .c.a.s.CustomerCompanyCommandHandlerImpl : Company CustomerCompanyId[value=5dda830e-6cf0-4aad-9cf8-f6c5c4c04471] deleted successfully
2025-12-09T00:03:38.523-06:00  INFO 993380 --- [CRM] [    Test worker] .c.a.s.CustomerCompanyCommandHandlerImpl : Company CustomerCompanyId[value=e2702ce3-eb99-4da3-9306-9b94bd231e06] (CompanyName[value=Test Company]) activated. Notes: Ready for activation
]]></system-out>
  <system-err><![CDATA[]]></system-err>
</testsuite>
